{"meta": {"format": 3, "version": "7.11.0", "timestamp": "2025-10-22T22:14:58.580153", "branch_coverage": false, "show_contexts": false}, "files": {"src/__init__.py": {"executed_lines": [1], "summary": {"covered_lines": 0, "num_statements": 0, "percent_covered": 100.0, "percent_covered_display": "100", "missing_lines": 0, "excluded_lines": 0}, "missing_lines": [], "excluded_lines": [], "functions": {"": {"executed_lines": [1], "summary": {"covered_lines": 0, "num_statements": 0, "percent_covered": 100.0, "percent_covered_display": "100", "missing_lines": 0, "excluded_lines": 0}, "missing_lines": [], "excluded_lines": []}}, "classes": {"": {"executed_lines": [1], "summary": {"covered_lines": 0, "num_statements": 0, "percent_covered": 100.0, "percent_covered_display": "100", "missing_lines": 0, "excluded_lines": 0}, "missing_lines": [], "excluded_lines": []}}}, "src/api/__init__.py": {"executed_lines": [1], "summary": {"covered_lines": 0, "num_statements": 0, "percent_covered": 100.0, "percent_covered_display": "100", "missing_lines": 0, "excluded_lines": 0}, "missing_lines": [], "excluded_lines": [], "functions": {"": {"executed_lines": [1], "summary": {"covered_lines": 0, "num_statements": 0, "percent_covered": 100.0, "percent_covered_display": "100", "missing_lines": 0, "excluded_lines": 0}, "missing_lines": [], "excluded_lines": []}}, "classes": {"": {"executed_lines": [1], "summary": {"covered_lines": 0, "num_statements": 0, "percent_covered": 100.0, "percent_covered_display": "100", "missing_lines": 0, "excluded_lines": 0}, "missing_lines": [], "excluded_lines": []}}}, "src/api/naver_booking.py": {"executed_lines": [1, 10, 11, 12, 14, 16, 18, 21, 22, 29, 32, 33, 35, 46, 122, 146, 170, 260, 285, 307], "summary": {"covered_lines": 18, "num_statements": 110, "percent_covered": 16.363636363636363, "percent_covered_display": "16", "missing_lines": 92, "excluded_lines": 0}, "missing_lines": [43, 44, 72, 75, 85, 94, 96, 97, 98, 100, 101, 103, 106, 107, 108, 109, 110, 111, 112, 116, 118, 119, 120, 132, 134, 135, 136, 137, 138, 139, 141, 144, 156, 158, 159, 160, 161, 162, 163, 165, 168, 186, 187, 188, 191, 194, 195, 198, 201, 202, 205, 206, 207, 208, 209, 212, 213, 214, 215, 216, 217, 218, 220, 221, 222, 224, 225, 226, 227, 228, 229, 231, 234, 237, 240, 242, 274, 277, 278, 279, 280, 283, 300, 303, 305, 323, 324, 325, 326, 327, 328, 330], "excluded_lines": [], "functions": {"NaverBookingAPIClient.__init__": {"executed_lines": [], "summary": {"covered_lines": 0, "num_statements": 2, "percent_covered": 0.0, "percent_covered_display": "0", "missing_lines": 2, "excluded_lines": 0}, "missing_lines": [43, 44], "excluded_lines": []}, "NaverBookingAPIClient.get_bookings": {"executed_lines": [], "summary": {"covered_lines": 0, "num_statements": 21, "percent_covered": 0.0, "percent_covered_display": "0", "missing_lines": 21, "excluded_lines": 0}, "missing_lines": [72, 75, 85, 94, 96, 97, 98, 100, 101, 103, 106, 107, 108, 109, 110, 111, 112, 116, 118, 119, 120], "excluded_lines": []}, "NaverBookingAPIClient.get_all_confirmed_bookings": {"executed_lines": [], "summary": {"covered_lines": 0, "num_statements": 9, "percent_covered": 0.0, "percent_covered_display": "0", "missing_lines": 9, "excluded_lines": 0}, "missing_lines": [132, 134, 135, 136, 137, 138, 139, 141, 144], "excluded_lines": []}, "NaverBookingAPIClient.get_all_completed_bookings": {"executed_lines": [], "summary": {"covered_lines": 0, "num_statements": 9, "percent_covered": 0.0, "percent_covered_display": "0", "missing_lines": 9, "excluded_lines": 0}, "missing_lines": [156, 158, 159, 160, 161, 162, 163, 165, 168], "excluded_lines": []}, "NaverBookingAPIClient._transform_booking": {"executed_lines": [], "summary": {"covered_lines": 0, "num_statements": 35, "percent_covered": 0.0, "percent_covered_display": "0", "missing_lines": 35, "excluded_lines": 0}, "missing_lines": [186, 187, 188, 191, 194, 195, 198, 201, 202, 205, 206, 207, 208, 209, 212, 213, 214, 215, 216, 217, 218, 220, 221, 222, 224, 225, 226, 227, 228, 229, 231, 234, 237, 240, 242], "excluded_lines": []}, "NaverBookingAPIClient._format_phone": {"executed_lines": [], "summary": {"covered_lines": 0, "num_statements": 6, "percent_covered": 0.0, "percent_covered_display": "0", "missing_lines": 6, "excluded_lines": 0}, "missing_lines": [274, 277, 278, 279, 280, 283], "excluded_lines": []}, "NaverBookingAPIClient._parse_datetime_kst": {"executed_lines": [], "summary": {"covered_lines": 0, "num_statements": 3, "percent_covered": 0.0, "percent_covered_display": "0", "missing_lines": 3, "excluded_lines": 0}, "missing_lines": [300, 303, 305], "excluded_lines": []}, "NaverBookingAPIClient._detect_option_keywords": {"executed_lines": [], "summary": {"covered_lines": 0, "num_statements": 7, "percent_covered": 0.0, "percent_covered_display": "0", "missing_lines": 7, "excluded_lines": 0}, "missing_lines": [323, 324, 325, 326, 327, 328, 330], "excluded_lines": []}, "": {"executed_lines": [1, 10, 11, 12, 14, 16, 18, 21, 22, 29, 32, 33, 35, 46, 122, 146, 170, 260, 285, 307], "summary": {"covered_lines": 18, "num_statements": 18, "percent_covered": 100.0, "percent_covered_display": "100", "missing_lines": 0, "excluded_lines": 0}, "missing_lines": [], "excluded_lines": []}}, "classes": {"NaverBookingAPIClient": {"executed_lines": [], "summary": {"covered_lines": 0, "num_statements": 92, "percent_covered": 0.0, "percent_covered_display": "0", "missing_lines": 92, "excluded_lines": 0}, "missing_lines": [43, 44, 72, 75, 85, 94, 96, 97, 98, 100, 101, 103, 106, 107, 108, 109, 110, 111, 112, 116, 118, 119, 120, 132, 134, 135, 136, 137, 138, 139, 141, 144, 156, 158, 159, 160, 161, 162, 163, 165, 168, 186, 187, 188, 191, 194, 195, 198, 201, 202, 205, 206, 207, 208, 209, 212, 213, 214, 215, 216, 217, 218, 220, 221, 222, 224, 225, 226, 227, 228, 229, 231, 234, 237, 240, 242, 274, 277, 278, 279, 280, 283, 300, 303, 305, 323, 324, 325, 326, 327, 328, 330], "excluded_lines": []}, "": {"executed_lines": [1, 10, 11, 12, 14, 16, 18, 21, 22, 29, 32, 33, 35, 46, 122, 146, 170, 260, 285, 307], "summary": {"covered_lines": 18, "num_statements": 18, "percent_covered": 100.0, "percent_covered_display": "100", "missing_lines": 0, "excluded_lines": 0}, "missing_lines": [], "excluded_lines": []}}}, "src/auth/__init__.py": {"executed_lines": [1, 3, 4, 6], "summary": {"covered_lines": 3, "num_statements": 3, "percent_covered": 100.0, "percent_covered_display": "100", "missing_lines": 0, "excluded_lines": 0}, "missing_lines": [], "excluded_lines": [], "functions": {"": {"executed_lines": [1, 3, 4, 6], "summary": {"covered_lines": 3, "num_statements": 3, "percent_covered": 100.0, "percent_covered_display": "100", "missing_lines": 0, "excluded_lines": 0}, "missing_lines": [], "excluded_lines": []}}, "classes": {"": {"executed_lines": [1, 3, 4, 6], "summary": {"covered_lines": 3, "num_statements": 3, "percent_covered": 100.0, "percent_covered_display": "100", "missing_lines": 0, "excluded_lines": 0}, "missing_lines": [], "excluded_lines": []}}}, "src/auth/naver_login.py": {"executed_lines": [1, 2, 3, 5, 6, 7, 8, 10, 12, 15, 16, 18, 19, 20, 21, 22, 24, 25, 26, 27, 28, 29, 30, 31, 32, 33, 34, 35, 36, 37, 38, 42, 44, 46, 47, 49, 50, 51, 53, 54, 55, 56, 58, 59, 60, 61, 63, 64, 66, 67, 68, 69, 71, 72, 74, 75, 76, 78, 79, 81, 83, 84, 86, 87, 88, 90, 91, 92, 93, 95, 96, 98, 99, 101, 102, 103, 104, 105, 107, 109, 110], "summary": {"covered_lines": 80, "num_statements": 81, "percent_covered": 98.76543209876543, "percent_covered_display": "99", "missing_lines": 1, "excluded_lines": 0}, "missing_lines": [111], "excluded_lines": [], "functions": {"NaverAuthenticator.__init__": {"executed_lines": [19, 20, 21, 22], "summary": {"covered_lines": 4, "num_statements": 4, "percent_covered": 100.0, "percent_covered_display": "100", "missing_lines": 0, "excluded_lines": 0}, "missing_lines": [], "excluded_lines": []}, "NaverAuthenticator.setup_driver": {"executed_lines": [25, 26, 27, 28, 29, 30, 31, 32, 33, 34, 35, 36, 37, 38, 42, 44, 46, 47], "summary": {"covered_lines": 18, "num_statements": 18, "percent_covered": 100.0, "percent_covered_display": "100", "missing_lines": 0, "excluded_lines": 0}, "missing_lines": [], "excluded_lines": []}, "NaverAuthenticator.login": {"executed_lines": [50, 51, 53, 54, 55, 56, 58, 59, 60, 61, 63, 64, 66, 67, 68, 69, 71, 72, 74, 75, 76, 78, 79, 81, 83, 84, 86, 87, 88, 90, 91, 92, 93, 95, 96], "summary": {"covered_lines": 35, "num_statements": 35, "percent_covered": 100.0, "percent_covered_display": "100", "missing_lines": 0, "excluded_lines": 0}, "missing_lines": [], "excluded_lines": []}, "NaverAuthenticator.get_session": {"executed_lines": [99, 101, 102, 103, 104, 105, 107], "summary": {"covered_lines": 7, "num_statements": 7, "percent_covered": 100.0, "percent_covered_display": "100", "missing_lines": 0, "excluded_lines": 0}, "missing_lines": [], "excluded_lines": []}, "NaverAuthenticator.cleanup": {"executed_lines": [110], "summary": {"covered_lines": 1, "num_statements": 2, "percent_covered": 50.0, "percent_covered_display": "50", "missing_lines": 1, "excluded_lines": 0}, "missing_lines": [111], "excluded_lines": []}, "": {"executed_lines": [1, 2, 3, 5, 6, 7, 8, 10, 12, 15, 16, 18, 24, 49, 98, 109], "summary": {"covered_lines": 15, "num_statements": 15, "percent_covered": 100.0, "percent_covered_display": "100", "missing_lines": 0, "excluded_lines": 0}, "missing_lines": [], "excluded_lines": []}}, "classes": {"NaverAuthenticator": {"executed_lines": [19, 20, 21, 22, 25, 26, 27, 28, 29, 30, 31, 32, 33, 34, 35, 36, 37, 38, 42, 44, 46, 47, 50, 51, 53, 54, 55, 56, 58, 59, 60, 61, 63, 64, 66, 67, 68, 69, 71, 72, 74, 75, 76, 78, 79, 81, 83, 84, 86, 87, 88, 90, 91, 92, 93, 95, 96, 99, 101, 102, 103, 104, 105, 107, 110], "summary": {"covered_lines": 65, "num_statements": 66, "percent_covered": 98.48484848484848, "percent_covered_display": "98", "missing_lines": 1, "excluded_lines": 0}, "missing_lines": [111], "excluded_lines": []}, "": {"executed_lines": [1, 2, 3, 5, 6, 7, 8, 10, 12, 15, 16, 18, 24, 49, 98, 109], "summary": {"covered_lines": 15, "num_statements": 15, "percent_covered": 100.0, "percent_covered_display": "100", "missing_lines": 0, "excluded_lines": 0}, "missing_lines": [], "excluded_lines": []}}}, "src/auth/session_manager.py": {"executed_lines": [1, 5, 6, 8, 11, 12, 19, 26, 27, 29, 36, 37, 38, 39, 40, 41, 42, 43, 44, 49, 59, 61, 71, 72, 74, 75, 76, 77], "summary": {"covered_lines": 26, "num_statements": 34, "percent_covered": 76.47058823529412, "percent_covered_display": "76", "missing_lines": 8, "excluded_lines": 0}, "missing_lines": [45, 46, 47, 79, 80, 81, 82, 83], "excluded_lines": [], "functions": {"SessionManager.__init__": {"executed_lines": [26, 27], "summary": {"covered_lines": 2, "num_statements": 2, "percent_covered": 100.0, "percent_covered_display": "100", "missing_lines": 0, "excluded_lines": 0}, "missing_lines": [], "excluded_lines": []}, "SessionManager.get_cookies": {"executed_lines": [36, 37, 38, 39, 40, 41, 42, 43, 44], "summary": {"covered_lines": 9, "num_statements": 12, "percent_covered": 75.0, "percent_covered_display": "75", "missing_lines": 3, "excluded_lines": 0}, "missing_lines": [45, 46, 47], "excluded_lines": []}, "SessionManager.put_item": {"executed_lines": [59], "summary": {"covered_lines": 1, "num_statements": 1, "percent_covered": 100.0, "percent_covered_display": "100", "missing_lines": 0, "excluded_lines": 0}, "missing_lines": [], "excluded_lines": []}, "SessionManager.save_cookies": {"executed_lines": [71, 72, 74, 75, 76, 77], "summary": {"covered_lines": 6, "num_statements": 11, "percent_covered": 54.54545454545455, "percent_covered_display": "55", "missing_lines": 5, "excluded_lines": 0}, "missing_lines": [79, 80, 81, 82, 83], "excluded_lines": []}, "": {"executed_lines": [1, 5, 6, 8, 11, 12, 19, 29, 49, 61], "summary": {"covered_lines": 8, "num_statements": 8, "percent_covered": 100.0, "percent_covered_display": "100", "missing_lines": 0, "excluded_lines": 0}, "missing_lines": [], "excluded_lines": []}}, "classes": {"SessionManager": {"executed_lines": [26, 27, 36, 37, 38, 39, 40, 41, 42, 43, 44, 59, 71, 72, 74, 75, 76, 77], "summary": {"covered_lines": 18, "num_statements": 26, "percent_covered": 69.23076923076923, "percent_covered_display": "69", "missing_lines": 8, "excluded_lines": 0}, "missing_lines": [45, 46, 47, 79, 80, 81, 82, 83], "excluded_lines": []}, "": {"executed_lines": [1, 5, 6, 8, 11, 12, 19, 29, 49, 61], "summary": {"covered_lines": 8, "num_statements": 8, "percent_covered": 100.0, "percent_covered_display": "100", "missing_lines": 0, "excluded_lines": 0}, "missing_lines": [], "excluded_lines": []}}}, "src/comparison/__init__.py": {"executed_lines": [1, 3, 5], "summary": {"covered_lines": 2, "num_statements": 2, "percent_covered": 100.0, "percent_covered_display": "100", "missing_lines": 0, "excluded_lines": 0}, "missing_lines": [], "excluded_lines": [], "functions": {"": {"executed_lines": [1, 3, 5], "summary": {"covered_lines": 2, "num_statements": 2, "percent_covered": 100.0, "percent_covered_display": "100", "missing_lines": 0, "excluded_lines": 0}, "missing_lines": [], "excluded_lines": []}}, "classes": {"": {"executed_lines": [1, 3, 5], "summary": {"covered_lines": 2, "num_statements": 2, "percent_covered": 100.0, "percent_covered_display": "100", "missing_lines": 0, "excluded_lines": 0}, "missing_lines": [], "excluded_lines": []}}}, "src/comparison/diff_reporter.py": {"executed_lines": [1, 3, 5, 6, 7, 8, 9, 10, 12, 14, 15, 18, 19, 20, 22, 23, 24, 25, 26, 27, 30, 31, 33, 34, 35, 37, 44, 46, 49, 51, 56, 58, 63, 65, 68, 70, 73, 75, 84, 86, 92, 94, 106, 107, 108, 112, 114, 121, 122, 124, 125, 126, 128, 142, 144, 152, 161, 162, 163, 164, 166, 168, 175, 188, 196, 198, 206, 208, 217, 220, 222, 223, 224, 226, 227, 229, 230, 231, 233, 235, 236, 237, 238, 239, 240, 242, 260, 261, 262, 267, 275, 277, 278, 279, 280, 281, 282], "summary": {"covered_lines": 94, "num_statements": 102, "percent_covered": 92.15686274509804, "percent_covered_display": "92", "missing_lines": 8, "excluded_lines": 0}, "missing_lines": [95, 129, 130, 131, 189, 190, 191, 192], "excluded_lines": [], "functions": {"DiffReporter.__init__": {"executed_lines": [34, 35], "summary": {"covered_lines": 2, "num_statements": 2, "percent_covered": 100.0, "percent_covered_display": "100", "missing_lines": 0, "excluded_lines": 0}, "missing_lines": [], "excluded_lines": []}, "DiffReporter.compare_outputs": {"executed_lines": [44, 46, 49, 51, 56, 58, 63, 65, 68, 70, 73, 75, 84], "summary": {"covered_lines": 13, "num_statements": 13, "percent_covered": 100.0, "percent_covered_display": "100", "missing_lines": 0, "excluded_lines": 0}, "missing_lines": [], "excluded_lines": []}, "DiffReporter._compare_lists": {"executed_lines": [92, 94, 106, 107, 108, 112], "summary": {"covered_lines": 6, "num_statements": 7, "percent_covered": 85.71428571428571, "percent_covered_display": "86", "missing_lines": 1, "excluded_lines": 0}, "missing_lines": [95], "excluded_lines": []}, "DiffReporter._compare_dicts": {"executed_lines": [121, 122, 124, 125, 126, 128, 142], "summary": {"covered_lines": 7, "num_statements": 10, "percent_covered": 70.0, "percent_covered_display": "70", "missing_lines": 3, "excluded_lines": 0}, "missing_lines": [129, 130, 131], "excluded_lines": []}, "DiffReporter.generate_json_report": {"executed_lines": [152, 161, 162, 163, 164, 166], "summary": {"covered_lines": 6, "num_statements": 6, "percent_covered": 100.0, "percent_covered_display": "100", "missing_lines": 0, "excluded_lines": 0}, "missing_lines": [], "excluded_lines": []}, "DiffReporter.generate_markdown_summary": {"executed_lines": [175, 188, 196, 198, 206], "summary": {"covered_lines": 5, "num_statements": 9, "percent_covered": 55.55555555555556, "percent_covered_display": "56", "missing_lines": 4, "excluded_lines": 0}, "missing_lines": [189, 190, 191, 192], "excluded_lines": []}, "DiffReporter.write_reports": {"executed_lines": [217, 220, 222, 223, 224, 226, 227, 229, 230, 231, 233], "summary": {"covered_lines": 11, "num_statements": 11, "percent_covered": 100.0, "percent_covered_display": "100", "missing_lines": 0, "excluded_lines": 0}, "missing_lines": [], "excluded_lines": []}, "DiffReporter.generate_aggregate_summary": {"executed_lines": [236, 237, 238, 239, 240, 242, 260, 261, 262, 267, 275], "summary": {"covered_lines": 11, "num_statements": 11, "percent_covered": 100.0, "percent_covered_display": "100", "missing_lines": 0, "excluded_lines": 0}, "missing_lines": [], "excluded_lines": []}, "DiffReporter.write_aggregate_summary": {"executed_lines": [278, 279, 280, 281, 282], "summary": {"covered_lines": 5, "num_statements": 5, "percent_covered": 100.0, "percent_covered_display": "100", "missing_lines": 0, "excluded_lines": 0}, "missing_lines": [], "excluded_lines": []}, "": {"executed_lines": [1, 3, 5, 6, 7, 8, 9, 10, 12, 14, 15, 18, 19, 20, 22, 23, 24, 25, 26, 27, 30, 31, 33, 37, 86, 114, 144, 168, 208, 235, 277], "summary": {"covered_lines": 28, "num_statements": 28, "percent_covered": 100.0, "percent_covered_display": "100", "missing_lines": 0, "excluded_lines": 0}, "missing_lines": [], "excluded_lines": []}}, "classes": {"ComparisonMismatch": {"executed_lines": [], "summary": {"covered_lines": 0, "num_statements": 0, "percent_covered": 100.0, "percent_covered_display": "100", "missing_lines": 0, "excluded_lines": 0}, "missing_lines": [], "excluded_lines": []}, "DiffReporter": {"executed_lines": [34, 35, 44, 46, 49, 51, 56, 58, 63, 65, 68, 70, 73, 75, 84, 92, 94, 106, 107, 108, 112, 121, 122, 124, 125, 126, 128, 142, 152, 161, 162, 163, 164, 166, 175, 188, 196, 198, 206, 217, 220, 222, 223, 224, 226, 227, 229, 230, 231, 233, 236, 237, 238, 239, 240, 242, 260, 261, 262, 267, 275, 278, 279, 280, 281, 282], "summary": {"covered_lines": 66, "num_statements": 74, "percent_covered": 89.1891891891892, "percent_covered_display": "89", "missing_lines": 8, "excluded_lines": 0}, "missing_lines": [95, 129, 130, 131, 189, 190, 191, 192], "excluded_lines": []}, "": {"executed_lines": [1, 3, 5, 6, 7, 8, 9, 10, 12, 14, 15, 18, 19, 20, 22, 23, 24, 25, 26, 27, 30, 31, 33, 37, 86, 114, 144, 168, 208, 235, 277], "summary": {"covered_lines": 28, "num_statements": 28, "percent_covered": 100.0, "percent_covered_display": "100", "missing_lines": 0, "excluded_lines": 0}, "missing_lines": [], "excluded_lines": []}}}, "src/config/__init__.py": {"executed_lines": [1], "summary": {"covered_lines": 0, "num_statements": 0, "percent_covered": 100.0, "percent_covered_display": "100", "missing_lines": 0, "excluded_lines": 0}, "missing_lines": [], "excluded_lines": [], "functions": {"": {"executed_lines": [1], "summary": {"covered_lines": 0, "num_statements": 0, "percent_covered": 100.0, "percent_covered_display": "100", "missing_lines": 0, "excluded_lines": 0}, "missing_lines": [], "excluded_lines": []}}, "classes": {"": {"executed_lines": [1], "summary": {"covered_lines": 0, "num_statements": 0, "percent_covered": 100.0, "percent_covered_display": "100", "missing_lines": 0, "excluded_lines": 0}, "missing_lines": [], "excluded_lines": []}}}, "src/config/settings.py": {"executed_lines": [1, 8, 9, 10, 11, 12, 14, 15, 16, 17, 19, 22, 23, 25, 30, 31, 32, 33, 36, 37, 41, 42, 43, 48, 52, 55, 56, 61, 68, 69, 70, 71, 72, 74, 76, 79, 80, 81, 82, 83, 84, 85, 87, 89, 91, 93, 95, 96, 98, 99, 102, 104, 106, 107, 108, 109, 112, 113, 118, 125, 126, 127, 128, 129, 130, 132, 133, 135, 139, 141, 143, 145, 146, 147, 149, 150, 167, 169, 170, 171, 172, 173, 175, 176, 177, 178, 179, 206, 207, 225, 226, 236, 239, 240, 245, 247, 248, 258, 261, 262, 263, 264, 268, 270, 271, 281, 284, 285, 290, 292, 293, 309, 313, 314, 315, 316, 317, 318, 319, 320, 336, 337, 350, 351, 352, 353, 354, 358, 359, 361, 376, 377, 378, 379, 388, 389, 390, 391, 392, 393, 398, 404, 405, 406, 415, 416, 418, 419, 426, 428, 429, 430, 431, 432, 437, 438, 444, 449, 454, 459, 464, 466], "summary": {"covered_lines": 158, "num_statements": 223, "percent_covered": 70.85201793721973, "percent_covered_display": "71", "missing_lines": 65, "excluded_lines": 0}, "missing_lines": [77, 97, 100, 101, 137, 174, 183, 184, 188, 189, 195, 196, 197, 201, 203, 208, 209, 210, 211, 215, 217, 221, 237, 241, 259, 282, 286, 310, 321, 322, 325, 326, 327, 328, 329, 330, 331, 332, 334, 380, 381, 382, 383, 384, 385, 394, 395, 396, 399, 400, 401, 407, 408, 409, 410, 411, 412, 433, 435, 439, 440, 446, 451, 456, 461], "excluded_lines": [], "functions": {"SecretRedactionFilter.__init__": {"executed_lines": [68, 69, 70, 71, 72], "summary": {"covered_lines": 5, "num_statements": 5, "percent_covered": 100.0, "percent_covered_display": "100", "missing_lines": 0, "excluded_lines": 0}, "missing_lines": [], "excluded_lines": []}, "SecretRedactionFilter._extract_secret_values": {"executed_lines": [76, 79, 80, 81, 82, 83, 84, 85, 87], "summary": {"covered_lines": 9, "num_statements": 10, "percent_covered": 90.0, "percent_covered_display": "90", "missing_lines": 1, "excluded_lines": 0}, "missing_lines": [77], "excluded_lines": []}, "SecretRedactionFilter.filter": {"executed_lines": [91, 93, 95, 96, 98, 99, 102], "summary": {"covered_lines": 7, "num_statements": 10, "percent_covered": 70.0, "percent_covered_display": "70", "missing_lines": 3, "excluded_lines": 0}, "missing_lines": [97, 100, 101], "excluded_lines": []}, "SecretRedactionFilter._redact_string": {"executed_lines": [106, 107, 108, 109], "summary": {"covered_lines": 4, "num_statements": 4, "percent_covered": 100.0, "percent_covered_display": "100", "missing_lines": 0, "excluded_lines": 0}, "missing_lines": [], "excluded_lines": []}, "Settings.__init__": {"executed_lines": [125, 126, 127, 128, 129, 130, 132, 133], "summary": {"covered_lines": 8, "num_statements": 8, "percent_covered": 100.0, "percent_covered_display": "100", "missing_lines": 0, "excluded_lines": 0}, "missing_lines": [], "excluded_lines": []}, "Settings.is_sens_delivery_enabled": {"executed_lines": [], "summary": {"covered_lines": 0, "num_statements": 1, "percent_covered": 0.0, "percent_covered_display": "0", "missing_lines": 1, "excluded_lines": 0}, "missing_lines": [137], "excluded_lines": []}, "Settings.is_comparison_mode_enabled": {"executed_lines": [141], "summary": {"covered_lines": 1, "num_statements": 1, "percent_covered": 100.0, "percent_covered_display": "100", "missing_lines": 0, "excluded_lines": 0}, "missing_lines": [], "excluded_lines": []}, "Settings._get_secrets_client": {"executed_lines": [145, 146, 147], "summary": {"covered_lines": 3, "num_statements": 3, "percent_covered": 100.0, "percent_covered_display": "100", "missing_lines": 0, "excluded_lines": 0}, "missing_lines": [], "excluded_lines": []}, "Settings._get_secret_value": {"executed_lines": [167, 169, 170, 171, 172, 173, 175, 176, 177, 178, 179, 206, 207], "summary": {"covered_lines": 13, "num_statements": 30, "percent_covered": 43.333333333333336, "percent_covered_display": "43", "missing_lines": 17, "excluded_lines": 0}, "missing_lines": [174, 183, 184, 188, 189, 195, 196, 197, 201, 203, 208, 209, 210, 211, 215, 217, 221], "excluded_lines": []}, "Settings.load_naver_credentials": {"executed_lines": [236, 239, 240, 245], "summary": {"covered_lines": 4, "num_statements": 6, "percent_covered": 66.66666666666667, "percent_covered_display": "67", "missing_lines": 2, "excluded_lines": 0}, "missing_lines": [237, 241], "excluded_lines": []}, "Settings.load_sens_credentials": {"executed_lines": [258, 261, 262, 263, 264, 268], "summary": {"covered_lines": 6, "num_statements": 7, "percent_covered": 85.71428571428571, "percent_covered_display": "86", "missing_lines": 1, "excluded_lines": 0}, "missing_lines": [259], "excluded_lines": []}, "Settings.load_telegram_credentials": {"executed_lines": [281, 284, 285, 290], "summary": {"covered_lines": 4, "num_statements": 6, "percent_covered": 66.66666666666667, "percent_covered_display": "67", "missing_lines": 2, "excluded_lines": 0}, "missing_lines": [282, 286], "excluded_lines": []}, "Settings.load_slack_webhook_url": {"executed_lines": [309, 313, 314, 315, 316, 317, 318, 319, 320], "summary": {"covered_lines": 9, "num_statements": 21, "percent_covered": 42.857142857142854, "percent_covered_display": "43", "missing_lines": 12, "excluded_lines": 0}, "missing_lines": [310, 321, 322, 325, 326, 327, 328, 329, 330, 331, 332, 334], "excluded_lines": []}, "Settings._load_from_local_file": {"executed_lines": [350, 351, 352, 353, 354, 358, 359], "summary": {"covered_lines": 7, "num_statements": 7, "percent_covered": 100.0, "percent_covered_display": "100", "missing_lines": 0, "excluded_lines": 0}, "missing_lines": [], "excluded_lines": []}, "Settings.load_rules": {"executed_lines": [376, 377, 378, 379, 388, 389, 390, 391, 392, 393, 398, 404, 405, 406, 415, 416], "summary": {"covered_lines": 16, "num_statements": 34, "percent_covered": 47.05882352941177, "percent_covered_display": "47", "missing_lines": 18, "excluded_lines": 0}, "missing_lines": [380, 381, 382, 383, 384, 385, 394, 395, 396, 399, 400, 401, 407, 408, 409, 410, 411, 412], "excluded_lines": []}, "Settings.setup_redaction_filter": {"executed_lines": [426, 428, 429, 430, 431, 432, 437, 438], "summary": {"covered_lines": 8, "num_statements": 12, "percent_covered": 66.66666666666667, "percent_covered_display": "67", "missing_lines": 4, "excluded_lines": 0}, "missing_lines": [433, 435, 439, 440], "excluded_lines": []}, "get_naver_credentials": {"executed_lines": [], "summary": {"covered_lines": 0, "num_statements": 1, "percent_covered": 0.0, "percent_covered_display": "0", "missing_lines": 1, "excluded_lines": 0}, "missing_lines": [446], "excluded_lines": []}, "get_sens_credentials": {"executed_lines": [], "summary": {"covered_lines": 0, "num_statements": 1, "percent_covered": 0.0, "percent_covered_display": "0", "missing_lines": 1, "excluded_lines": 0}, "missing_lines": [451], "excluded_lines": []}, "get_telegram_credentials": {"executed_lines": [], "summary": {"covered_lines": 0, "num_statements": 1, "percent_covered": 0.0, "percent_covered_display": "0", "missing_lines": 1, "excluded_lines": 0}, "missing_lines": [456], "excluded_lines": []}, "get_slack_webhook_url": {"executed_lines": [], "summary": {"covered_lines": 0, "num_statements": 1, "percent_covered": 0.0, "percent_covered_display": "0", "missing_lines": 1, "excluded_lines": 0}, "missing_lines": [461], "excluded_lines": []}, "setup_logging_redaction": {"executed_lines": [466], "summary": {"covered_lines": 1, "num_statements": 1, "percent_covered": 100.0, "percent_covered_display": "100", "missing_lines": 0, "excluded_lines": 0}, "missing_lines": [], "excluded_lines": []}, "": {"executed_lines": [1, 8, 9, 10, 11, 12, 14, 15, 16, 17, 19, 22, 23, 25, 30, 31, 32, 33, 36, 37, 41, 42, 43, 48, 52, 55, 56, 61, 74, 89, 104, 112, 113, 118, 135, 139, 143, 149, 150, 225, 226, 247, 248, 270, 271, 292, 293, 336, 337, 361, 418, 419, 444, 449, 454, 459, 464], "summary": {"covered_lines": 53, "num_statements": 53, "percent_covered": 100.0, "percent_covered_display": "100", "missing_lines": 0, "excluded_lines": 0}, "missing_lines": [], "excluded_lines": []}}, "classes": {"ConfigurationError": {"executed_lines": [], "summary": {"covered_lines": 0, "num_statements": 0, "percent_covered": 100.0, "percent_covered_display": "100", "missing_lines": 0, "excluded_lines": 0}, "missing_lines": [], "excluded_lines": []}, "SecretRedactionFilter": {"executed_lines": [68, 69, 70, 71, 72, 76, 79, 80, 81, 82, 83, 84, 85, 87, 91, 93, 95, 96, 98, 99, 102, 106, 107, 108, 109], "summary": {"covered_lines": 25, "num_statements": 29, "percent_covered": 86.20689655172414, "percent_covered_display": "86", "missing_lines": 4, "excluded_lines": 0}, "missing_lines": [77, 97, 100, 101], "excluded_lines": []}, "Settings": {"executed_lines": [125, 126, 127, 128, 129, 130, 132, 133, 141, 145, 146, 147, 167, 169, 170, 171, 172, 173, 175, 176, 177, 178, 179, 206, 207, 236, 239, 240, 245, 258, 261, 262, 263, 264, 268, 281, 284, 285, 290, 309, 313, 314, 315, 316, 317, 318, 319, 320, 350, 351, 352, 353, 354, 358, 359, 376, 377, 378, 379, 388, 389, 390, 391, 392, 393, 398, 404, 405, 406, 415, 416, 426, 428, 429, 430, 431, 432, 437, 438], "summary": {"covered_lines": 79, "num_statements": 136, "percent_covered": 58.088235294117645, "percent_covered_display": "58", "missing_lines": 57, "excluded_lines": 0}, "missing_lines": [137, 174, 183, 184, 188, 189, 195, 196, 197, 201, 203, 208, 209, 210, 211, 215, 217, 221, 237, 241, 259, 282, 286, 310, 321, 322, 325, 326, 327, 328, 329, 330, 331, 332, 334, 380, 381, 382, 383, 384, 385, 394, 395, 396, 399, 400, 401, 407, 408, 409, 410, 411, 412, 433, 435, 439, 440], "excluded_lines": []}, "": {"executed_lines": [1, 8, 9, 10, 11, 12, 14, 15, 16, 17, 19, 22, 23, 25, 30, 31, 32, 33, 36, 37, 41, 42, 43, 48, 52, 55, 56, 61, 74, 89, 104, 112, 113, 118, 135, 139, 143, 149, 150, 225, 226, 247, 248, 270, 271, 292, 293, 336, 337, 361, 418, 419, 444, 449, 454, 459, 464, 466], "summary": {"covered_lines": 54, "num_statements": 58, "percent_covered": 93.10344827586206, "percent_covered_display": "93", "missing_lines": 4, "excluded_lines": 0}, "missing_lines": [446, 451, 456, 461], "excluded_lines": []}}}, "src/database/__init__.py": {"executed_lines": [1, 3, 4, 12], "summary": {"covered_lines": 3, "num_statements": 3, "percent_covered": 100.0, "percent_covered_display": "100", "missing_lines": 0, "excluded_lines": 0}, "missing_lines": [], "excluded_lines": [], "functions": {"": {"executed_lines": [1, 3, 4, 12], "summary": {"covered_lines": 3, "num_statements": 3, "percent_covered": 100.0, "percent_covered_display": "100", "missing_lines": 0, "excluded_lines": 0}, "missing_lines": [], "excluded_lines": []}}, "classes": {"": {"executed_lines": [1, 3, 4, 12], "summary": {"covered_lines": 3, "num_statements": 3, "percent_covered": 100.0, "percent_covered_display": "100", "missing_lines": 0, "excluded_lines": 0}, "missing_lines": [], "excluded_lines": []}}}, "src/database/dynamodb_client.py": {"executed_lines": [1, 8, 9, 10, 12, 13, 15, 16, 17, 18, 26, 29, 30, 42, 58, 59, 60, 61, 62, 64, 85, 87, 89, 90, 91, 92, 93, 95, 97, 98, 103, 105, 113, 115, 158, 159, 165, 167, 194, 195, 196, 197, 199, 204, 206, 207, 208, 209, 210, 212, 218, 220, 221, 223, 224, 225, 226, 232, 233, 251, 252, 258, 260, 288, 289, 295, 302, 304, 305, 306, 307, 312, 314, 320, 362, 380, 385, 386, 389, 395, 396, 398, 404, 405, 408, 409, 410, 411, 413, 414, 415, 418, 419, 420, 422, 429, 430, 434, 438, 450, 469, 470, 480, 494, 495, 496, 497, 498, 500, 514, 516, 518, 519, 520, 521, 523, 525, 526, 531, 533, 535, 542, 544, 565, 566, 572, 574, 592, 594, 596, 597, 598, 599, 605, 607, 613, 615, 646, 647, 653, 655, 669, 671, 673, 674, 675, 676, 678, 684, 686, 707, 708, 714], "summary": {"covered_lines": 150, "num_statements": 218, "percent_covered": 68.80733944954129, "percent_covered_display": "69", "missing_lines": 68, "excluded_lines": 0}, "missing_lines": [116, 118, 119, 120, 121, 127, 128, 130, 136, 140, 141, 147, 150, 156, 235, 239, 240, 243, 249, 290, 322, 323, 325, 326, 327, 328, 334, 335, 337, 341, 342, 345, 351, 353, 354, 360, 443, 444, 452, 453, 458, 460, 461, 466, 545, 547, 548, 554, 557, 563, 616, 618, 619, 620, 621, 627, 628, 630, 634, 635, 638, 644, 687, 689, 690, 696, 699, 705], "excluded_lines": [], "functions": {"BookingRepository.__init__": {"executed_lines": [58, 59, 60, 61, 62], "summary": {"covered_lines": 5, "num_statements": 5, "percent_covered": 100.0, "percent_covered_display": "100", "missing_lines": 0, "excluded_lines": 0}, "missing_lines": [], "excluded_lines": []}, "BookingRepository.get_booking": {"executed_lines": [85, 87, 89, 90, 91, 92, 93, 95, 97, 98, 103, 105, 113, 115, 158, 159, 165], "summary": {"covered_lines": 17, "num_statements": 31, "percent_covered": 54.83870967741935, "percent_covered_display": "55", "missing_lines": 14, "excluded_lines": 0}, "missing_lines": [116, 118, 119, 120, 121, 127, 128, 130, 136, 140, 141, 147, 150, 156], "excluded_lines": []}, "BookingRepository.create_booking": {"executed_lines": [194, 195, 196, 197, 199, 204, 206, 207, 208, 209, 210, 212, 218, 220, 221, 223, 224, 225, 226, 232, 233, 251, 252, 258], "summary": {"covered_lines": 24, "num_statements": 29, "percent_covered": 82.75862068965517, "percent_covered_display": "83", "missing_lines": 5, "excluded_lines": 0}, "missing_lines": [235, 239, 240, 243, 249], "excluded_lines": []}, "BookingRepository.update_flag": {"executed_lines": [288, 289, 295, 302, 304, 305, 306, 307, 312, 314, 320], "summary": {"covered_lines": 11, "num_statements": 28, "percent_covered": 39.285714285714285, "percent_covered_display": "39", "missing_lines": 17, "excluded_lines": 0}, "missing_lines": [290, 322, 323, 325, 326, 327, 328, 334, 335, 337, 341, 342, 345, 351, 353, 354, 360], "excluded_lines": []}, "BookingRepository.scan_unnotified_options": {"executed_lines": [380, 385, 386, 389, 395, 396, 398, 404, 405, 408, 409, 410, 411, 413, 414, 415, 418, 419, 420, 422, 429, 430, 434, 438, 450], "summary": {"covered_lines": 25, "num_statements": 33, "percent_covered": 75.75757575757575, "percent_covered_display": "76", "missing_lines": 8, "excluded_lines": 0}, "missing_lines": [443, 444, 452, 453, 458, 460, 461, 466], "excluded_lines": []}, "SessionRepository.__init__": {"executed_lines": [494, 495, 496, 497, 498], "summary": {"covered_lines": 5, "num_statements": 5, "percent_covered": 100.0, "percent_covered_display": "100", "missing_lines": 0, "excluded_lines": 0}, "missing_lines": [], "excluded_lines": []}, "SessionRepository.get_session": {"executed_lines": [514, 516, 518, 519, 520, 521, 523, 525, 526, 531, 533, 535, 542, 544, 565, 566, 572], "summary": {"covered_lines": 17, "num_statements": 23, "percent_covered": 73.91304347826087, "percent_covered_display": "74", "missing_lines": 6, "excluded_lines": 0}, "missing_lines": [545, 547, 548, 554, 557, 563], "excluded_lines": []}, "SessionRepository.save_session": {"executed_lines": [592, 594, 596, 597, 598, 599, 605, 607, 613, 615, 646, 647, 653], "summary": {"covered_lines": 13, "num_statements": 25, "percent_covered": 52.0, "percent_covered_display": "52", "missing_lines": 12, "excluded_lines": 0}, "missing_lines": [616, 618, 619, 620, 621, 627, 628, 630, 634, 635, 638, 644], "excluded_lines": []}, "SessionRepository.delete_session": {"executed_lines": [669, 671, 673, 674, 675, 676, 678, 684, 686, 707, 708, 714], "summary": {"covered_lines": 12, "num_statements": 18, "percent_covered": 66.66666666666667, "percent_covered_display": "67", "missing_lines": 6, "excluded_lines": 0}, "missing_lines": [687, 689, 690, 696, 699, 705], "excluded_lines": []}, "": {"executed_lines": [1, 8, 9, 10, 12, 13, 15, 16, 17, 18, 26, 29, 30, 42, 64, 167, 260, 362, 469, 470, 480, 500, 574, 655], "summary": {"covered_lines": 21, "num_statements": 21, "percent_covered": 100.0, "percent_covered_display": "100", "missing_lines": 0, "excluded_lines": 0}, "missing_lines": [], "excluded_lines": []}}, "classes": {"BookingRepository": {"executed_lines": [58, 59, 60, 61, 62, 85, 87, 89, 90, 91, 92, 93, 95, 97, 98, 103, 105, 113, 115, 158, 159, 165, 194, 195, 196, 197, 199, 204, 206, 207, 208, 209, 210, 212, 218, 220, 221, 223, 224, 225, 226, 232, 233, 251, 252, 258, 288, 289, 295, 302, 304, 305, 306, 307, 312, 314, 320, 380, 385, 386, 389, 395, 396, 398, 404, 405, 408, 409, 410, 411, 413, 414, 415, 418, 419, 420, 422, 429, 430, 434, 438, 450], "summary": {"covered_lines": 82, "num_statements": 126, "percent_covered": 65.07936507936508, "percent_covered_display": "65", "missing_lines": 44, "excluded_lines": 0}, "missing_lines": [116, 118, 119, 120, 121, 127, 128, 130, 136, 140, 141, 147, 150, 156, 235, 239, 240, 243, 249, 290, 322, 323, 325, 326, 327, 328, 334, 335, 337, 341, 342, 345, 351, 353, 354, 360, 443, 444, 452, 453, 458, 460, 461, 466], "excluded_lines": []}, "SessionRepository": {"executed_lines": [494, 495, 496, 497, 498, 514, 516, 518, 519, 520, 521, 523, 525, 526, 531, 533, 535, 542, 544, 565, 566, 572, 592, 594, 596, 597, 598, 599, 605, 607, 613, 615, 646, 647, 653, 669, 671, 673, 674, 675, 676, 678, 684, 686, 707, 708, 714], "summary": {"covered_lines": 47, "num_statements": 71, "percent_covered": 66.19718309859155, "percent_covered_display": "66", "missing_lines": 24, "excluded_lines": 0}, "missing_lines": [545, 547, 548, 554, 557, 563, 616, 618, 619, 620, 621, 627, 628, 630, 634, 635, 638, 644, 687, 689, 690, 696, 699, 705], "excluded_lines": []}, "": {"executed_lines": [1, 8, 9, 10, 12, 13, 15, 16, 17, 18, 26, 29, 30, 42, 64, 167, 260, 362, 469, 470, 480, 500, 574, 655], "summary": {"covered_lines": 21, "num_statements": 21, "percent_covered": 100.0, "percent_covered_display": "100", "missing_lines": 0, "excluded_lines": 0}, "missing_lines": [], "excluded_lines": []}}}, "src/database/exceptions.py": {"executed_lines": [1, 9, 10, 16, 19, 20, 27, 30, 31, 38, 41, 42, 48, 51, 52, 58], "summary": {"covered_lines": 10, "num_statements": 10, "percent_covered": 100.0, "percent_covered_display": "100", "missing_lines": 0, "excluded_lines": 0}, "missing_lines": [], "excluded_lines": [], "functions": {"": {"executed_lines": [1, 9, 10, 16, 19, 20, 27, 30, 31, 38, 41, 42, 48, 51, 52, 58], "summary": {"covered_lines": 10, "num_statements": 10, "percent_covered": 100.0, "percent_covered_display": "100", "missing_lines": 0, "excluded_lines": 0}, "missing_lines": [], "excluded_lines": []}}, "classes": {"DynamoDBException": {"executed_lines": [], "summary": {"covered_lines": 0, "num_statements": 0, "percent_covered": 100.0, "percent_covered_display": "100", "missing_lines": 0, "excluded_lines": 0}, "missing_lines": [], "excluded_lines": []}, "NotFoundError": {"executed_lines": [], "summary": {"covered_lines": 0, "num_statements": 0, "percent_covered": 100.0, "percent_covered_display": "100", "missing_lines": 0, "excluded_lines": 0}, "missing_lines": [], "excluded_lines": []}, "ThrottlingError": {"executed_lines": [], "summary": {"covered_lines": 0, "num_statements": 0, "percent_covered": 100.0, "percent_covered_display": "100", "missing_lines": 0, "excluded_lines": 0}, "missing_lines": [], "excluded_lines": []}, "NetworkError": {"executed_lines": [], "summary": {"covered_lines": 0, "num_statements": 0, "percent_covered": 100.0, "percent_covered_display": "100", "missing_lines": 0, "excluded_lines": 0}, "missing_lines": [], "excluded_lines": []}, "PermissionError": {"executed_lines": [], "summary": {"covered_lines": 0, "num_statements": 0, "percent_covered": 100.0, "percent_covered_display": "100", "missing_lines": 0, "excluded_lines": 0}, "missing_lines": [], "excluded_lines": []}, "": {"executed_lines": [1, 9, 10, 16, 19, 20, 27, 30, 31, 38, 41, 42, 48, 51, 52, 58], "summary": {"covered_lines": 10, "num_statements": 10, "percent_covered": 100.0, "percent_covered_display": "100", "missing_lines": 0, "excluded_lines": 0}, "missing_lines": [], "excluded_lines": []}}}, "src/domain/__init__.py": {"executed_lines": [1, 3, 4, 6], "summary": {"covered_lines": 3, "num_statements": 3, "percent_covered": 100.0, "percent_covered_display": "100", "missing_lines": 0, "excluded_lines": 0}, "missing_lines": [], "excluded_lines": [], "functions": {"": {"executed_lines": [1, 3, 4, 6], "summary": {"covered_lines": 3, "num_statements": 3, "percent_covered": 100.0, "percent_covered_display": "100", "missing_lines": 0, "excluded_lines": 0}, "missing_lines": [], "excluded_lines": []}}, "classes": {"": {"executed_lines": [1, 3, 4, 6], "summary": {"covered_lines": 3, "num_statements": 3, "percent_covered": 100.0, "percent_covered_display": "100", "missing_lines": 0, "excluded_lines": 0}, "missing_lines": [], "excluded_lines": []}}}, "src/domain/booking.py": {"executed_lines": [1, 8, 9, 10, 13, 14, 15, 49, 50, 51, 52, 53, 54, 55, 56, 57, 58, 59, 60, 61, 62, 63, 64, 65, 66, 67, 68, 70, 71, 115, 135, 156, 193, 194], "summary": {"covered_lines": 32, "num_statements": 55, "percent_covered": 58.18181818181818, "percent_covered_display": "58", "missing_lines": 23, "excluded_lines": 0}, "missing_lines": [85, 108, 111, 113, 125, 126, 127, 130, 131, 133, 150, 151, 154, 165, 187, 188, 191, 203, 204, 207, 209, 210, 213], "excluded_lines": [], "functions": {"Booking.from_dict": {"executed_lines": [], "summary": {"covered_lines": 0, "num_statements": 4, "percent_covered": 0.0, "percent_covered_display": "0", "missing_lines": 4, "excluded_lines": 0}, "missing_lines": [85, 108, 111, 113], "excluded_lines": []}, "Booking.to_dict": {"executed_lines": [], "summary": {"covered_lines": 0, "num_statements": 6, "percent_covered": 0.0, "percent_covered_display": "0", "missing_lines": 6, "excluded_lines": 0}, "missing_lines": [125, 126, 127, 130, 131, 133], "excluded_lines": []}, "Booking.get_field": {"executed_lines": [], "summary": {"covered_lines": 0, "num_statements": 3, "percent_covered": 0.0, "percent_covered_display": "0", "missing_lines": 3, "excluded_lines": 0}, "missing_lines": [150, 151, 154], "excluded_lines": []}, "Booking.set_field": {"executed_lines": [], "summary": {"covered_lines": 0, "num_statements": 4, "percent_covered": 0.0, "percent_covered_display": "0", "missing_lines": 4, "excluded_lines": 0}, "missing_lines": [165, 187, 188, 191], "excluded_lines": []}, "Booking.phone_masked": {"executed_lines": [], "summary": {"covered_lines": 0, "num_statements": 6, "percent_covered": 0.0, "percent_covered_display": "0", "missing_lines": 6, "excluded_lines": 0}, "missing_lines": [203, 204, 207, 209, 210, 213], "excluded_lines": []}, "": {"executed_lines": [1, 8, 9, 10, 13, 14, 15, 49, 50, 51, 52, 53, 54, 55, 56, 57, 58, 59, 60, 61, 62, 63, 64, 65, 66, 67, 68, 70, 71, 115, 135, 156, 193, 194], "summary": {"covered_lines": 32, "num_statements": 32, "percent_covered": 100.0, "percent_covered_display": "100", "missing_lines": 0, "excluded_lines": 0}, "missing_lines": [], "excluded_lines": []}}, "classes": {"Booking": {"executed_lines": [], "summary": {"covered_lines": 0, "num_statements": 23, "percent_covered": 0.0, "percent_covered_display": "0", "missing_lines": 23, "excluded_lines": 0}, "missing_lines": [85, 108, 111, 113, 125, 126, 127, 130, 131, 133, 150, 151, 154, 165, 187, 188, 191, 203, 204, 207, 209, 210, 213], "excluded_lines": []}, "": {"executed_lines": [1, 8, 9, 10, 13, 14, 15, 49, 50, 51, 52, 53, 54, 55, 56, 57, 58, 59, 60, 61, 62, 63, 64, 65, 66, 67, 68, 70, 71, 115, 135, 156, 193, 194], "summary": {"covered_lines": 32, "num_statements": 32, "percent_covered": 100.0, "percent_covered_display": "100", "missing_lines": 0, "excluded_lines": 0}, "missing_lines": [], "excluded_lines": []}}}, "src/domain/session.py": {"executed_lines": [1, 8, 9, 10, 13, 14, 15, 28, 29, 31, 32, 42, 44, 45, 55, 56, 58, 65, 67, 82, 83, 84, 85, 87, 94, 95, 96], "summary": {"covered_lines": 25, "num_statements": 27, "percent_covered": 92.5925925925926, "percent_covered_display": "93", "missing_lines": 2, "excluded_lines": 0}, "missing_lines": [97, 98], "excluded_lines": [], "functions": {"Session.from_dict": {"executed_lines": [42], "summary": {"covered_lines": 1, "num_statements": 1, "percent_covered": 100.0, "percent_covered_display": "100", "missing_lines": 0, "excluded_lines": 0}, "missing_lines": [], "excluded_lines": []}, "Session.from_cookies_list": {"executed_lines": [55, 56], "summary": {"covered_lines": 2, "num_statements": 2, "percent_covered": 100.0, "percent_covered_display": "100", "missing_lines": 0, "excluded_lines": 0}, "missing_lines": [], "excluded_lines": []}, "Session.to_dict": {"executed_lines": [65], "summary": {"covered_lines": 1, "num_statements": 1, "percent_covered": 100.0, "percent_covered_display": "100", "missing_lines": 0, "excluded_lines": 0}, "missing_lines": [], "excluded_lines": []}, "Session.get_cookies_list": {"executed_lines": [82, 83, 84, 85], "summary": {"covered_lines": 4, "num_statements": 4, "percent_covered": 100.0, "percent_covered_display": "100", "missing_lines": 0, "excluded_lines": 0}, "missing_lines": [], "excluded_lines": []}, "Session.is_empty": {"executed_lines": [94, 95, 96], "summary": {"covered_lines": 3, "num_statements": 5, "percent_covered": 60.0, "percent_covered_display": "60", "missing_lines": 2, "excluded_lines": 0}, "missing_lines": [97, 98], "excluded_lines": []}, "": {"executed_lines": [1, 8, 9, 10, 13, 14, 15, 28, 29, 31, 32, 44, 45, 58, 67, 87], "summary": {"covered_lines": 14, "num_statements": 14, "percent_covered": 100.0, "percent_covered_display": "100", "missing_lines": 0, "excluded_lines": 0}, "missing_lines": [], "excluded_lines": []}}, "classes": {"Session": {"executed_lines": [42, 55, 56, 65, 82, 83, 84, 85, 94, 95, 96], "summary": {"covered_lines": 11, "num_statements": 13, "percent_covered": 84.61538461538461, "percent_covered_display": "85", "missing_lines": 2, "excluded_lines": 0}, "missing_lines": [97, 98], "excluded_lines": []}, "": {"executed_lines": [1, 8, 9, 10, 13, 14, 15, 28, 29, 31, 32, 44, 45, 58, 67, 87], "summary": {"covered_lines": 14, "num_statements": 14, "percent_covered": 100.0, "percent_covered_display": "100", "missing_lines": 0, "excluded_lines": 0}, "missing_lines": [], "excluded_lines": []}}}, "src/main.py": {"executed_lines": [1, 8, 9, 10, 11, 12, 13, 15, 16, 18, 19, 20, 21, 22, 23, 24, 25, 26, 27, 28, 29, 31, 34, 37, 61, 62, 63, 66, 67, 68, 71, 72, 73, 74, 76, 77, 82, 83, 85, 87, 93, 94, 95, 97, 102, 107, 108, 111, 112, 115, 116, 122, 123, 126, 129, 130, 137, 138, 139, 141, 159, 168, 170, 175, 179, 188, 189, 190, 199, 216, 218, 222, 225, 226, 227, 228, 232, 244, 254, 256, 257, 258, 268, 271, 278, 279, 282, 284, 285, 286, 287, 288, 289, 290, 292, 293, 295, 297, 300, 304, 307, 308, 314, 323, 324, 325, 327, 328, 329, 331, 333, 335, 336, 337, 340, 341, 342, 343, 346, 347, 348, 351, 352, 353, 354, 356, 365, 368, 388, 389, 392, 400, 401, 403, 404, 409, 412, 422, 430, 431, 434, 435, 437, 438, 439, 440, 441, 443, 445, 446, 447, 449, 452, 465, 466, 469, 480, 481, 483, 484, 485, 486, 492, 502, 503, 505, 511, 512, 514, 515, 516, 517, 518, 519, 522], "summary": {"covered_lines": 174, "num_statements": 209, "percent_covered": 83.2535885167464, "percent_covered_display": "83", "missing_lines": 35, "excluded_lines": 0}, "missing_lines": [142, 143, 144, 145, 148, 149, 151, 154, 155, 156, 157, 193, 194, 229, 230, 260, 280, 305, 309, 310, 311, 338, 344, 487, 488, 489, 523, 529, 530, 531, 532, 533, 535, 539, 540], "excluded_lines": [], "functions": {"lambda_handler": {"executed_lines": [61, 62, 63, 66, 67, 68, 71, 72, 73, 74, 76, 77, 82, 83, 85, 87, 93, 94, 95, 97, 102, 107, 108, 111, 112, 115, 116, 122, 123, 126, 129, 130, 137, 138, 139, 141, 159, 168, 170, 175, 179, 188, 189, 190, 199, 216, 218, 222, 225, 226, 227, 228, 232], "summary": {"covered_lines": 53, "num_statements": 68, "percent_covered": 77.94117647058823, "percent_covered_display": "78", "missing_lines": 15, "excluded_lines": 0}, "missing_lines": [142, 143, 144, 145, 148, 149, 151, 154, 155, 156, 157, 193, 194, 229, 230], "excluded_lines": []}, "_build_expert_correction_roster": {"executed_lines": [254, 256, 257, 258, 268], "summary": {"covered_lines": 5, "num_statements": 6, "percent_covered": 83.33333333333333, "percent_covered_display": "83", "missing_lines": 1, "excluded_lines": 0}, "missing_lines": [260], "excluded_lines": []}, "_get_holiday_event_rule_window": {"executed_lines": [278, 279, 282, 284, 285, 286, 287, 288, 289, 290, 292, 293, 295, 297], "summary": {"covered_lines": 14, "num_statements": 15, "percent_covered": 93.33333333333333, "percent_covered_display": "93", "missing_lines": 1, "excluded_lines": 0}, "missing_lines": [280], "excluded_lines": []}, "_parse_rule_date": {"executed_lines": [304, 307, 308], "summary": {"covered_lines": 3, "num_statements": 7, "percent_covered": 42.857142857142854, "percent_covered_display": "43", "missing_lines": 4, "excluded_lines": 0}, "missing_lines": [305, 309, 310, 311], "excluded_lines": []}, "_build_holiday_event_roster": {"executed_lines": [323, 324, 325, 327, 328, 329, 331, 333, 335, 336, 337, 340, 341, 342, 343, 346, 347, 348, 351, 352, 353, 354, 356, 365], "summary": {"covered_lines": 24, "num_statements": 26, "percent_covered": 92.3076923076923, "percent_covered_display": "92", "missing_lines": 2, "excluded_lines": 0}, "missing_lines": [338, 344], "excluded_lines": []}, "process_all_bookings": {"executed_lines": [388, 389, 392, 400, 401, 403, 404, 409, 412, 422, 430, 431, 434, 435, 437, 438, 439, 440, 441, 443, 445, 446, 447, 449], "summary": {"covered_lines": 24, "num_statements": 24, "percent_covered": 100.0, "percent_covered_display": "100", "missing_lines": 0, "excluded_lines": 0}, "missing_lines": [], "excluded_lines": []}, "send_telegram_summary": {"executed_lines": [465, 466, 469, 480, 481, 483, 484, 485, 486], "summary": {"covered_lines": 9, "num_statements": 12, "percent_covered": 75.0, "percent_covered_display": "75", "missing_lines": 3, "excluded_lines": 0}, "missing_lines": [487, 488, 489], "excluded_lines": []}, "notify_telegram_error": {"executed_lines": [502, 503, 505, 511, 512, 514, 515, 516, 517, 518, 519], "summary": {"covered_lines": 11, "num_statements": 11, "percent_covered": 100.0, "percent_covered_display": "100", "missing_lines": 0, "excluded_lines": 0}, "missing_lines": [], "excluded_lines": []}, "MockContext.__init__": {"executed_lines": [], "summary": {"covered_lines": 0, "num_statements": 3, "percent_covered": 0.0, "percent_covered_display": "0", "missing_lines": 3, "excluded_lines": 0}, "missing_lines": [531, 532, 533], "excluded_lines": []}, "": {"executed_lines": [1, 8, 9, 10, 11, 12, 13, 15, 16, 18, 19, 20, 21, 22, 23, 24, 25, 26, 27, 28, 29, 31, 34, 37, 244, 271, 300, 314, 368, 452, 492, 522], "summary": {"covered_lines": 31, "num_statements": 37, "percent_covered": 83.78378378378379, "percent_covered_display": "84", "missing_lines": 6, "excluded_lines": 0}, "missing_lines": [523, 529, 530, 535, 539, 540], "excluded_lines": []}}, "classes": {"MockContext": {"executed_lines": [], "summary": {"covered_lines": 0, "num_statements": 3, "percent_covered": 0.0, "percent_covered_display": "0", "missing_lines": 3, "excluded_lines": 0}, "missing_lines": [531, 532, 533], "excluded_lines": []}, "": {"executed_lines": [1, 8, 9, 10, 11, 12, 13, 15, 16, 18, 19, 20, 21, 22, 23, 24, 25, 26, 27, 28, 29, 31, 34, 37, 61, 62, 63, 66, 67, 68, 71, 72, 73, 74, 76, 77, 82, 83, 85, 87, 93, 94, 95, 97, 102, 107, 108, 111, 112, 115, 116, 122, 123, 126, 129, 130, 137, 138, 139, 141, 159, 168, 170, 175, 179, 188, 189, 190, 199, 216, 218, 222, 225, 226, 227, 228, 232, 244, 254, 256, 257, 258, 268, 271, 278, 279, 282, 284, 285, 286, 287, 288, 289, 290, 292, 293, 295, 297, 300, 304, 307, 308, 314, 323, 324, 325, 327, 328, 329, 331, 333, 335, 336, 337, 340, 341, 342, 343, 346, 347, 348, 351, 352, 353, 354, 356, 365, 368, 388, 389, 392, 400, 401, 403, 404, 409, 412, 422, 430, 431, 434, 435, 437, 438, 439, 440, 441, 443, 445, 446, 447, 449, 452, 465, 466, 469, 480, 481, 483, 484, 485, 486, 492, 502, 503, 505, 511, 512, 514, 515, 516, 517, 518, 519, 522], "summary": {"covered_lines": 174, "num_statements": 206, "percent_covered": 84.46601941747574, "percent_covered_display": "84", "missing_lines": 32, "excluded_lines": 0}, "missing_lines": [142, 143, 144, 145, 148, 149, 151, 154, 155, 156, 157, 193, 194, 229, 230, 260, 280, 305, 309, 310, 311, 338, 344, 487, 488, 489, 523, 529, 530, 535, 539, 540], "excluded_lines": []}}}, "src/monitoring/__init__.py": {"executed_lines": [1, 3, 15], "summary": {"covered_lines": 2, "num_statements": 2, "percent_covered": 100.0, "percent_covered_display": "100", "missing_lines": 0, "excluded_lines": 0}, "missing_lines": [], "excluded_lines": [], "functions": {"": {"executed_lines": [1, 3, 15], "summary": {"covered_lines": 2, "num_statements": 2, "percent_covered": 100.0, "percent_covered_display": "100", "missing_lines": 0, "excluded_lines": 0}, "missing_lines": [], "excluded_lines": []}}, "classes": {"": {"executed_lines": [1, 3, 15], "summary": {"covered_lines": 2, "num_statements": 2, "percent_covered": 100.0, "percent_covered_display": "100", "missing_lines": 0, "excluded_lines": 0}, "missing_lines": [], "excluded_lines": []}}}, "src/monitoring/comparison.py": {"executed_lines": [1, 13, 14, 15, 16, 17, 18, 20, 23, 25, 28, 29, 31, 32, 33, 34, 37, 38, 39, 41, 42, 43, 44, 45, 46, 47, 48, 49, 50, 51, 53, 55, 58, 59, 60, 62, 63, 64, 65, 66, 67, 68, 69, 70, 72, 77, 78, 79, 81, 82, 83, 84, 85, 86, 87, 88, 89, 90, 92, 97, 98, 99, 101, 102, 103, 104, 105, 106, 107, 108, 109, 110, 111, 112, 113, 114, 116, 118, 121, 122, 124, 130, 132, 143, 144, 154, 156, 163, 164, 165, 167, 184, 185, 186, 188, 240, 241, 242, 243, 245, 250, 251, 254, 274, 275, 277, 321, 322, 329, 330, 338, 346, 347, 348, 350, 359, 373, 375, 398, 407, 420, 422, 431, 432, 450, 453, 466, 467, 470, 471, 472, 474, 475, 476, 477, 478, 481, 482, 483, 485, 488, 491, 504, 505, 507, 508, 510, 511, 512, 513, 514, 516, 517], "summary": {"covered_lines": 145, "num_statements": 157, "percent_covered": 92.35668789808918, "percent_covered_display": "92", "missing_lines": 12, "excluded_lines": 0}, "missing_lines": [74, 94, 134, 136, 137, 138, 139, 140, 324, 325, 384, 396], "excluded_lines": [], "functions": {"_get_iso_timestamp": {"executed_lines": [25], "summary": {"covered_lines": 1, "num_statements": 1, "percent_covered": 100.0, "percent_covered_display": "100", "missing_lines": 0, "excluded_lines": 0}, "missing_lines": [], "excluded_lines": []}, "SMSComparison.to_dict": {"executed_lines": [55], "summary": {"covered_lines": 1, "num_statements": 1, "percent_covered": 100.0, "percent_covered_display": "100", "missing_lines": 0, "excluded_lines": 0}, "missing_lines": [], "excluded_lines": []}, "DatabaseOperationComparison.to_dict": {"executed_lines": [], "summary": {"covered_lines": 0, "num_statements": 1, "percent_covered": 0.0, "percent_covered_display": "0", "missing_lines": 1, "excluded_lines": 0}, "missing_lines": [74], "excluded_lines": []}, "TelegramEventComparison.to_dict": {"executed_lines": [], "summary": {"covered_lines": 0, "num_statements": 1, "percent_covered": 0.0, "percent_covered_display": "0", "missing_lines": 1, "excluded_lines": 0}, "missing_lines": [94], "excluded_lines": []}, "ComparisonSummary.calculate_match_percentage": {"executed_lines": [118, 121, 122, 124, 130], "summary": {"covered_lines": 5, "num_statements": 5, "percent_covered": 100.0, "percent_covered_display": "100", "missing_lines": 0, "excluded_lines": 0}, "missing_lines": [], "excluded_lines": []}, "ComparisonSummary.to_dict": {"executed_lines": [], "summary": {"covered_lines": 0, "num_statements": 6, "percent_covered": 0.0, "percent_covered_display": "0", "missing_lines": 6, "excluded_lines": 0}, "missing_lines": [134, 136, 137, 138, 139, 140], "excluded_lines": []}, "ComparisonMetricsPublisher.__init__": {"executed_lines": [163, 164, 165], "summary": {"covered_lines": 3, "num_statements": 3, "percent_covered": 100.0, "percent_covered_display": "100", "missing_lines": 0, "excluded_lines": 0}, "missing_lines": [], "excluded_lines": []}, "ComparisonMetricsPublisher.publish_comparison_summary": {"executed_lines": [184, 185, 186, 188, 240, 241, 242, 243, 245, 250, 251], "summary": {"covered_lines": 11, "num_statements": 11, "percent_covered": 100.0, "percent_covered_display": "100", "missing_lines": 0, "excluded_lines": 0}, "missing_lines": [], "excluded_lines": []}, "ComparisonMetricsPublisher.publish_metrics": {"executed_lines": [274, 275, 277, 321, 322], "summary": {"covered_lines": 5, "num_statements": 7, "percent_covered": 71.42857142857143, "percent_covered_display": "71", "missing_lines": 2, "excluded_lines": 0}, "missing_lines": [324, 325], "excluded_lines": []}, "ComparisonLogger.__init__": {"executed_lines": [346, 347, 348], "summary": {"covered_lines": 3, "num_statements": 3, "percent_covered": 100.0, "percent_covered_display": "100", "missing_lines": 0, "excluded_lines": 0}, "missing_lines": [], "excluded_lines": []}, "ComparisonLogger.log_sms_comparison": {"executed_lines": [359, 373], "summary": {"covered_lines": 2, "num_statements": 2, "percent_covered": 100.0, "percent_covered_display": "100", "missing_lines": 0, "excluded_lines": 0}, "missing_lines": [], "excluded_lines": []}, "ComparisonLogger.log_db_operation_comparison": {"executed_lines": [], "summary": {"covered_lines": 0, "num_statements": 2, "percent_covered": 0.0, "percent_covered_display": "0", "missing_lines": 2, "excluded_lines": 0}, "missing_lines": [384, 396], "excluded_lines": []}, "ComparisonLogger.log_telegram_event_comparison": {"executed_lines": [407, 420], "summary": {"covered_lines": 2, "num_statements": 2, "percent_covered": 100.0, "percent_covered_display": "100", "missing_lines": 0, "excluded_lines": 0}, "missing_lines": [], "excluded_lines": []}, "ComparisonLogger.log_summary": {"executed_lines": [431, 432, 450], "summary": {"covered_lines": 3, "num_statements": 3, "percent_covered": 100.0, "percent_covered_display": "100", "missing_lines": 0, "excluded_lines": 0}, "missing_lines": [], "excluded_lines": []}, "compare_sms_payloads": {"executed_lines": [466, 467, 470, 471, 472, 474, 475, 476, 477, 478, 481, 482, 483, 485, 488], "summary": {"covered_lines": 15, "num_statements": 15, "percent_covered": 100.0, "percent_covered_display": "100", "missing_lines": 0, "excluded_lines": 0}, "missing_lines": [], "excluded_lines": []}, "compare_db_records": {"executed_lines": [504, 505, 507, 508, 510, 511, 512, 513, 514, 516, 517], "summary": {"covered_lines": 11, "num_statements": 11, "percent_covered": 100.0, "percent_covered_display": "100", "missing_lines": 0, "excluded_lines": 0}, "missing_lines": [], "excluded_lines": []}, "": {"executed_lines": [1, 13, 14, 15, 16, 17, 18, 20, 23, 28, 29, 31, 32, 33, 34, 37, 38, 39, 41, 42, 43, 44, 45, 46, 47, 48, 49, 50, 51, 53, 58, 59, 60, 62, 63, 64, 65, 66, 67, 68, 69, 70, 72, 77, 78, 79, 81, 82, 83, 84, 85, 86, 87, 88, 89, 90, 92, 97, 98, 99, 101, 102, 103, 104, 105, 106, 107, 108, 109, 110, 111, 112, 113, 114, 116, 132, 143, 144, 154, 156, 167, 254, 329, 330, 338, 350, 375, 398, 422, 453, 491], "summary": {"covered_lines": 83, "num_statements": 83, "percent_covered": 100.0, "percent_covered_display": "100", "missing_lines": 0, "excluded_lines": 0}, "missing_lines": [], "excluded_lines": []}}, "classes": {"ComparisonStatus": {"executed_lines": [], "summary": {"covered_lines": 0, "num_statements": 0, "percent_covered": 100.0, "percent_covered_display": "100", "missing_lines": 0, "excluded_lines": 0}, "missing_lines": [], "excluded_lines": []}, "SMSComparison": {"executed_lines": [55], "summary": {"covered_lines": 1, "num_statements": 1, "percent_covered": 100.0, "percent_covered_display": "100", "missing_lines": 0, "excluded_lines": 0}, "missing_lines": [], "excluded_lines": []}, "DatabaseOperationComparison": {"executed_lines": [], "summary": {"covered_lines": 0, "num_statements": 1, "percent_covered": 0.0, "percent_covered_display": "0", "missing_lines": 1, "excluded_lines": 0}, "missing_lines": [74], "excluded_lines": []}, "TelegramEventComparison": {"executed_lines": [], "summary": {"covered_lines": 0, "num_statements": 1, "percent_covered": 0.0, "percent_covered_display": "0", "missing_lines": 1, "excluded_lines": 0}, "missing_lines": [94], "excluded_lines": []}, "ComparisonSummary": {"executed_lines": [118, 121, 122, 124, 130], "summary": {"covered_lines": 5, "num_statements": 11, "percent_covered": 45.45454545454545, "percent_covered_display": "45", "missing_lines": 6, "excluded_lines": 0}, "missing_lines": [134, 136, 137, 138, 139, 140], "excluded_lines": []}, "ComparisonMetricsPublisher": {"executed_lines": [163, 164, 165, 184, 185, 186, 188, 240, 241, 242, 243, 245, 250, 251, 274, 275, 277, 321, 322], "summary": {"covered_lines": 19, "num_statements": 21, "percent_covered": 90.47619047619048, "percent_covered_display": "90", "missing_lines": 2, "excluded_lines": 0}, "missing_lines": [324, 325], "excluded_lines": []}, "ComparisonLogger": {"executed_lines": [346, 347, 348, 359, 373, 407, 420, 431, 432, 450], "summary": {"covered_lines": 10, "num_statements": 12, "percent_covered": 83.33333333333333, "percent_covered_display": "83", "missing_lines": 2, "excluded_lines": 0}, "missing_lines": [384, 396], "excluded_lines": []}, "": {"executed_lines": [1, 13, 14, 15, 16, 17, 18, 20, 23, 25, 28, 29, 31, 32, 33, 34, 37, 38, 39, 41, 42, 43, 44, 45, 46, 47, 48, 49, 50, 51, 53, 58, 59, 60, 62, 63, 64, 65, 66, 67, 68, 69, 70, 72, 77, 78, 79, 81, 82, 83, 84, 85, 86, 87, 88, 89, 90, 92, 97, 98, 99, 101, 102, 103, 104, 105, 106, 107, 108, 109, 110, 111, 112, 113, 114, 116, 132, 143, 144, 154, 156, 167, 254, 329, 330, 338, 350, 375, 398, 422, 453, 466, 467, 470, 471, 472, 474, 475, 476, 477, 478, 481, 482, 483, 485, 488, 491, 504, 505, 507, 508, 510, 511, 512, 513, 514, 516, 517], "summary": {"covered_lines": 110, "num_statements": 110, "percent_covered": 100.0, "percent_covered_display": "100", "missing_lines": 0, "excluded_lines": 0}, "missing_lines": [], "excluded_lines": []}}}, "src/notifications/__init__.py": {"executed_lines": [1, 3, 5], "summary": {"covered_lines": 2, "num_statements": 2, "percent_covered": 100.0, "percent_covered_display": "100", "missing_lines": 0, "excluded_lines": 0}, "missing_lines": [], "excluded_lines": [], "functions": {"": {"executed_lines": [1, 3, 5], "summary": {"covered_lines": 2, "num_statements": 2, "percent_covered": 100.0, "percent_covered_display": "100", "missing_lines": 0, "excluded_lines": 0}, "missing_lines": [], "excluded_lines": []}}, "classes": {"": {"executed_lines": [1, 3, 5], "summary": {"covered_lines": 2, "num_statements": 2, "percent_covered": 100.0, "percent_covered_display": "100", "missing_lines": 0, "excluded_lines": 0}, "missing_lines": [], "excluded_lines": []}}}, "src/notifications/slack_service.py": {"executed_lines": [1, 8, 10, 11, 12, 14, 16, 19, 20, 23, 28, 29, 38, 56, 57, 58, 59, 61, 63, 64, 72, 74, 77, 90, 92, 96, 99, 100, 102, 116, 118, 122, 125, 127, 141, 143, 166, 189, 214, 221, 228, 229, 231, 232, 233, 242, 249, 265, 270, 278, 306, 308, 315, 316, 318, 320], "summary": {"covered_lines": 53, "num_statements": 89, "percent_covered": 59.550561797752806, "percent_covered_display": "60", "missing_lines": 36, "excluded_lines": 0}, "missing_lines": [25, 65, 66, 75, 97, 123, 145, 146, 148, 150, 164, 168, 169, 171, 173, 187, 191, 192, 194, 208, 222, 226, 250, 251, 260, 261, 262, 263, 266, 280, 281, 282, 293, 295, 304, 319], "excluded_lines": [], "functions": {"_default_timestamp_provider": {"executed_lines": [], "summary": {"covered_lines": 0, "num_statements": 1, "percent_covered": 0.0, "percent_covered_display": "0", "missing_lines": 1, "excluded_lines": 0}, "missing_lines": [25], "excluded_lines": []}, "SlackWebhookClient.__init__": {"executed_lines": [56, 57, 58, 59, 61, 63, 64], "summary": {"covered_lines": 7, "num_statements": 9, "percent_covered": 77.77777777777777, "percent_covered_display": "78", "missing_lines": 2, "excluded_lines": 0}, "missing_lines": [65, 66], "excluded_lines": []}, "SlackWebhookClient.send_validation_started": {"executed_lines": [74, 77, 90], "summary": {"covered_lines": 3, "num_statements": 4, "percent_covered": 75.0, "percent_covered_display": "75", "missing_lines": 1, "excluded_lines": 0}, "missing_lines": [75], "excluded_lines": []}, "SlackWebhookClient.send_validation_completed": {"executed_lines": [96, 99, 100, 102, 116], "summary": {"covered_lines": 5, "num_statements": 6, "percent_covered": 83.33333333333333, "percent_covered_display": "83", "missing_lines": 1, "excluded_lines": 0}, "missing_lines": [97], "excluded_lines": []}, "SlackWebhookClient.send_parity_mismatch_alert": {"executed_lines": [122, 125, 127, 141], "summary": {"covered_lines": 4, "num_statements": 5, "percent_covered": 80.0, "percent_covered_display": "80", "missing_lines": 1, "excluded_lines": 0}, "missing_lines": [123], "excluded_lines": []}, "SlackWebhookClient.send_performance_alert": {"executed_lines": [], "summary": {"covered_lines": 0, "num_statements": 5, "percent_covered": 0.0, "percent_covered_display": "0", "missing_lines": 5, "excluded_lines": 0}, "missing_lines": [145, 146, 148, 150, 164], "excluded_lines": []}, "SlackWebhookClient.send_slack_webhook_test": {"executed_lines": [], "summary": {"covered_lines": 0, "num_statements": 5, "percent_covered": 0.0, "percent_covered_display": "0", "missing_lines": 5, "excluded_lines": 0}, "missing_lines": [168, 169, 171, 173, 187], "excluded_lines": []}, "SlackWebhookClient.send_rate_limit_alert": {"executed_lines": [], "summary": {"covered_lines": 0, "num_statements": 4, "percent_covered": 0.0, "percent_covered_display": "0", "missing_lines": 4, "excluded_lines": 0}, "missing_lines": [191, 192, 194, 208], "excluded_lines": []}, "SlackWebhookClient._dispatch": {"executed_lines": [221, 228, 229, 231, 232, 233, 242, 249, 265, 270, 278], "summary": {"covered_lines": 11, "num_statements": 26, "percent_covered": 42.30769230769231, "percent_covered_display": "42", "missing_lines": 15, "excluded_lines": 0}, "missing_lines": [222, 226, 250, 251, 260, 261, 262, 263, 266, 280, 281, 282, 293, 295, 304], "excluded_lines": []}, "SlackWebhookClient.get_webhook_status": {"executed_lines": [308], "summary": {"covered_lines": 1, "num_statements": 1, "percent_covered": 100.0, "percent_covered_display": "100", "missing_lines": 0, "excluded_lines": 0}, "missing_lines": [], "excluded_lines": []}, "SlackWebhookClient._mask_url": {"executed_lines": [318, 320], "summary": {"covered_lines": 2, "num_statements": 3, "percent_covered": 66.66666666666667, "percent_covered_display": "67", "missing_lines": 1, "excluded_lines": 0}, "missing_lines": [319], "excluded_lines": []}, "": {"executed_lines": [1, 8, 10, 11, 12, 14, 16, 19, 20, 23, 28, 29, 38, 72, 92, 118, 143, 166, 189, 214, 306, 315, 316], "summary": {"covered_lines": 20, "num_statements": 20, "percent_covered": 100.0, "percent_covered_display": "100", "missing_lines": 0, "excluded_lines": 0}, "missing_lines": [], "excluded_lines": []}}, "classes": {"SlackServiceError": {"executed_lines": [], "summary": {"covered_lines": 0, "num_statements": 0, "percent_covered": 100.0, "percent_covered_display": "100", "missing_lines": 0, "excluded_lines": 0}, "missing_lines": [], "excluded_lines": []}, "SlackWebhookClient": {"executed_lines": [56, 57, 58, 59, 61, 63, 64, 74, 77, 90, 96, 99, 100, 102, 116, 122, 125, 127, 141, 221, 228, 229, 231, 232, 233, 242, 249, 265, 270, 278, 308, 318, 320], "summary": {"covered_lines": 33, "num_statements": 68, "percent_covered": 48.529411764705884, "percent_covered_display": "49", "missing_lines": 35, "excluded_lines": 0}, "missing_lines": [65, 66, 75, 97, 123, 145, 146, 148, 150, 164, 168, 169, 171, 173, 187, 191, 192, 194, 208, 222, 226, 250, 251, 260, 261, 262, 263, 266, 280, 281, 282, 293, 295, 304, 319], "excluded_lines": []}, "": {"executed_lines": [1, 8, 10, 11, 12, 14, 16, 19, 20, 23, 28, 29, 38, 72, 92, 118, 143, 166, 189, 214, 306, 315, 316], "summary": {"covered_lines": 20, "num_statements": 21, "percent_covered": 95.23809523809524, "percent_covered_display": "95", "missing_lines": 1, "excluded_lines": 0}, "missing_lines": [25], "excluded_lines": []}}}, "src/notifications/sms_service.py": {"executed_lines": [1, 8, 10, 11, 12, 13, 14, 15, 16, 17, 19, 20, 22, 23, 26, 27, 30, 35, 36, 43, 45, 71, 72, 73, 74, 75, 77, 78, 79, 80, 81, 83, 84, 85, 88, 89, 93, 94, 96, 101, 103, 104, 105, 107, 109, 111, 112, 113, 114, 116, 118, 119, 120, 125, 133, 134, 135, 137, 138, 139, 140, 141, 151, 152, 153, 157, 167, 168, 169, 170, 181, 183, 194, 196, 203, 204, 206, 209, 217, 219, 221, 222, 229, 231, 232, 237, 239, 241, 242, 243, 244, 246, 252, 254, 255, 257, 259, 261, 262, 264, 265, 267, 269, 271, 275, 276, 278, 279, 280, 282, 283, 285, 287, 289, 291, 292, 294, 299, 301, 304, 305, 307, 308, 311, 313, 315, 318, 319, 321, 322, 323, 326, 327, 328, 330, 332, 334, 335, 343, 344, 346, 347, 348, 349, 351, 358], "summary": {"covered_lines": 143, "num_statements": 162, "percent_covered": 88.27160493827161, "percent_covered_display": "88", "missing_lines": 19, "excluded_lines": 0}, "missing_lines": [32, 87, 91, 110, 207, 245, 256, 263, 266, 293, 302, 309, 316, 324, 336, 337, 341, 350, 352], "excluded_lines": [], "functions": {"_default_timestamp_provider": {"executed_lines": [], "summary": {"covered_lines": 0, "num_statements": 1, "percent_covered": 0.0, "percent_covered_display": "0", "missing_lines": 1, "excluded_lines": 0}, "missing_lines": [32], "excluded_lines": []}, "SensSmsClient.__init__": {"executed_lines": [71, 72, 73, 74, 75, 77, 78, 79, 80, 81, 83, 84, 85, 88, 89, 93, 94, 96], "summary": {"covered_lines": 18, "num_statements": 20, "percent_covered": 90.0, "percent_covered_display": "90", "missing_lines": 2, "excluded_lines": 0}, "missing_lines": [87, 91], "excluded_lines": []}, "SensSmsClient.send_confirm_sms": {"executed_lines": [103, 104, 105], "summary": {"covered_lines": 3, "num_statements": 3, "percent_covered": 100.0, "percent_covered_display": "100", "missing_lines": 0, "excluded_lines": 0}, "missing_lines": [], "excluded_lines": []}, "SensSmsClient.send_guide_sms": {"executed_lines": [109, 111, 112, 113, 114], "summary": {"covered_lines": 5, "num_statements": 6, "percent_covered": 83.33333333333333, "percent_covered_display": "83", "missing_lines": 1, "excluded_lines": 0}, "missing_lines": [110], "excluded_lines": []}, "SensSmsClient.send_event_sms": {"executed_lines": [118, 119, 120], "summary": {"covered_lines": 3, "num_statements": 3, "percent_covered": 100.0, "percent_covered_display": "100", "missing_lines": 0, "excluded_lines": 0}, "missing_lines": [], "excluded_lines": []}, "SensSmsClient._dispatch": {"executed_lines": [133, 134, 135, 137, 138, 139, 140, 141, 151, 152, 153, 157, 167, 168, 169, 170, 181, 183, 194], "summary": {"covered_lines": 19, "num_statements": 19, "percent_covered": 100.0, "percent_covered_display": "100", "missing_lines": 0, "excluded_lines": 0}, "missing_lines": [], "excluded_lines": []}, "SensSmsClient._build_payload": {"executed_lines": [203, 204, 206, 209, 217], "summary": {"covered_lines": 5, "num_statements": 6, "percent_covered": 83.33333333333333, "percent_covered_display": "83", "missing_lines": 1, "excluded_lines": 0}, "missing_lines": [207], "excluded_lines": []}, "SensSmsClient._build_headers": {"executed_lines": [221, 222], "summary": {"covered_lines": 2, "num_statements": 2, "percent_covered": 100.0, "percent_covered_display": "100", "missing_lines": 0, "excluded_lines": 0}, "missing_lines": [], "excluded_lines": []}, "SensSmsClient._make_signature": {"executed_lines": [231, 232, 237], "summary": {"covered_lines": 3, "num_statements": 3, "percent_covered": 100.0, "percent_covered_display": "100", "missing_lines": 0, "excluded_lines": 0}, "missing_lines": [], "excluded_lines": []}, "SensSmsClient._get_template": {"executed_lines": [241, 242, 243, 244, 246, 252, 254, 255, 257], "summary": {"covered_lines": 9, "num_statements": 11, "percent_covered": 81.81818181818181, "percent_covered_display": "82", "missing_lines": 2, "excluded_lines": 0}, "missing_lines": [245, 256], "excluded_lines": []}, "SensSmsClient._get_store_template": {"executed_lines": [261, 262, 264, 265, 267], "summary": {"covered_lines": 5, "num_statements": 7, "percent_covered": 71.42857142857143, "percent_covered_display": "71", "missing_lines": 2, "excluded_lines": 0}, "missing_lines": [263, 266], "excluded_lines": []}, "SensSmsClient._get_from_number": {"executed_lines": [271, 275, 276, 278, 279, 280, 282, 283], "summary": {"covered_lines": 8, "num_statements": 8, "percent_covered": 100.0, "percent_covered_display": "100", "missing_lines": 0, "excluded_lines": 0}, "missing_lines": [], "excluded_lines": []}, "SensSmsClient._normalize_phone": {"executed_lines": [287], "summary": {"covered_lines": 1, "num_statements": 1, "percent_covered": 100.0, "percent_covered_display": "100", "missing_lines": 0, "excluded_lines": 0}, "missing_lines": [], "excluded_lines": []}, "SensSmsClient._mask_phone": {"executed_lines": [291, 292, 294], "summary": {"covered_lines": 3, "num_statements": 4, "percent_covered": 75.0, "percent_covered_display": "75", "missing_lines": 1, "excluded_lines": 0}, "missing_lines": [293], "excluded_lines": []}, "SensSmsClient._load_templates": {"executed_lines": [301, 304, 305, 307, 308, 311], "summary": {"covered_lines": 6, "num_statements": 8, "percent_covered": 75.0, "percent_covered_display": "75", "missing_lines": 2, "excluded_lines": 0}, "missing_lines": [302, 309], "excluded_lines": []}, "SensSmsClient._load_store_directory": {"executed_lines": [315, 318, 319, 321, 322, 323, 326, 327, 328, 330], "summary": {"covered_lines": 10, "num_statements": 12, "percent_covered": 83.33333333333333, "percent_covered_display": "83", "missing_lines": 2, "excluded_lines": 0}, "missing_lines": [316, 324], "excluded_lines": []}, "SensSmsClient._apply_from_map_override": {"executed_lines": [334, 335, 343, 346, 347, 348, 349, 351, 358], "summary": {"covered_lines": 9, "num_statements": 14, "percent_covered": 64.28571428571429, "percent_covered_display": "64", "missing_lines": 5, "excluded_lines": 0}, "missing_lines": [336, 337, 341, 350, 352], "excluded_lines": []}, "SensSmsClient._apply_from_map_override._normalize": {"executed_lines": [344], "summary": {"covered_lines": 1, "num_statements": 1, "percent_covered": 100.0, "percent_covered_display": "100", "missing_lines": 0, "excluded_lines": 0}, "missing_lines": [], "excluded_lines": []}, "": {"executed_lines": [1, 8, 10, 11, 12, 13, 14, 15, 16, 17, 19, 20, 22, 23, 26, 27, 30, 35, 36, 43, 45, 101, 107, 116, 125, 196, 219, 229, 239, 259, 269, 285, 289, 299, 313, 332], "summary": {"covered_lines": 33, "num_statements": 33, "percent_covered": 100.0, "percent_covered_display": "100", "missing_lines": 0, "excluded_lines": 0}, "missing_lines": [], "excluded_lines": []}}, "classes": {"SmsServiceError": {"executed_lines": [], "summary": {"covered_lines": 0, "num_statements": 0, "percent_covered": 100.0, "percent_covered_display": "100", "missing_lines": 0, "excluded_lines": 0}, "missing_lines": [], "excluded_lines": []}, "SensSmsClient": {"executed_lines": [71, 72, 73, 74, 75, 77, 78, 79, 80, 81, 83, 84, 85, 88, 89, 93, 94, 96, 103, 104, 105, 109, 111, 112, 113, 114, 118, 119, 120, 133, 134, 135, 137, 138, 139, 140, 141, 151, 152, 153, 157, 167, 168, 169, 170, 181, 183, 194, 203, 204, 206, 209, 217, 221, 222, 231, 232, 237, 241, 242, 243, 244, 246, 252, 254, 255, 257, 261, 262, 264, 265, 267, 271, 275, 276, 278, 279, 280, 282, 283, 287, 291, 292, 294, 301, 304, 305, 307, 308, 311, 315, 318, 319, 321, 322, 323, 326, 327, 328, 330, 334, 335, 343, 344, 346, 347, 348, 349, 351, 358], "summary": {"covered_lines": 110, "num_statements": 128, "percent_covered": 85.9375, "percent_covered_display": "86", "missing_lines": 18, "excluded_lines": 0}, "missing_lines": [87, 91, 110, 207, 245, 256, 263, 266, 293, 302, 309, 316, 324, 336, 337, 341, 350, 352], "excluded_lines": []}, "": {"executed_lines": [1, 8, 10, 11, 12, 13, 14, 15, 16, 17, 19, 20, 22, 23, 26, 27, 30, 35, 36, 43, 45, 101, 107, 116, 125, 196, 219, 229, 239, 259, 269, 285, 289, 299, 313, 332], "summary": {"covered_lines": 33, "num_statements": 34, "percent_covered": 97.05882352941177, "percent_covered_display": "97", "missing_lines": 1, "excluded_lines": 0}, "missing_lines": [32], "excluded_lines": []}}}, "src/rules/__init__.py": {"executed_lines": [1, 3, 4, 5, 18], "summary": {"covered_lines": 4, "num_statements": 4, "percent_covered": 100.0, "percent_covered_display": "100", "missing_lines": 0, "excluded_lines": 0}, "missing_lines": [], "excluded_lines": [], "functions": {"": {"executed_lines": [1, 3, 4, 5, 18], "summary": {"covered_lines": 4, "num_statements": 4, "percent_covered": 100.0, "percent_covered_display": "100", "missing_lines": 0, "excluded_lines": 0}, "missing_lines": [], "excluded_lines": []}}, "classes": {"": {"executed_lines": [1, 3, 4, 5, 18], "summary": {"covered_lines": 4, "num_statements": 4, "percent_covered": 100.0, "percent_covered_display": "100", "missing_lines": 0, "excluded_lines": 0}, "missing_lines": [], "excluded_lines": []}}}, "src/rules/actions.py": {"executed_lines": [1, 20, 21, 22, 24, 25, 26, 29, 30, 36, 37, 43, 44, 49, 52, 58, 60, 61, 62, 66, 67, 69, 72, 78, 79, 81, 84, 85, 86, 87, 88, 99, 100, 107, 119, 120, 121, 122, 124, 126, 127, 129, 130, 132, 133, 134, 135, 136, 158, 173, 174, 176, 177, 181, 184, 185, 186, 187, 197, 199, 200, 201, 209, 210, 211, 224, 225, 226, 227, 229, 236, 251, 252, 253, 269, 270, 271, 272, 273, 274, 275, 278, 279, 280, 296, 297, 298, 299, 300, 301, 309, 340, 341, 343, 344, 351, 352, 360, 361, 365, 367, 368, 372, 373, 378, 380, 386, 387, 393, 403, 404, 410, 423, 449, 450, 451, 453, 454, 459, 460, 467, 468, 479, 482, 484, 490, 491, 497, 505, 537, 538, 539, 541, 542, 546, 547, 554, 555, 556, 559, 560, 561, 563, 570, 573, 574, 577, 578, 583, 584, 589, 592, 599, 605, 606, 612, 619, 620, 626, 639, 663, 664, 666, 671, 672, 680, 686, 687, 693, 704, 740, 741, 742, 744, 750, 752, 754, 755, 760, 763, 764, 767, 768, 769, 770, 772, 773, 774, 777, 782, 783, 789, 792, 793, 795, 802, 803, 804, 807, 809, 815, 816, 822, 832, 833, 839, 849, 850, 856, 869, 895, 896, 898, 900, 907, 908, 914, 916, 929, 964, 966, 967, 972, 973, 980, 981, 982, 983, 985, 994, 996, 997, 998, 1001, 1010, 1012, 1013, 1014, 1017, 1026, 1028, 1029, 1030, 1033, 1042, 1044, 1045, 1046, 1049, 1058, 1060, 1061, 1065, 1066, 1071, 1073, 1093, 1094, 1095, 1096, 1097, 1098, 1100], "summary": {"covered_lines": 258, "num_statements": 301, "percent_covered": 85.71428571428571, "percent_covered_display": "86", "missing_lines": 43, "excluded_lines": 0}, "missing_lines": [31, 33, 34, 38, 40, 41, 45, 46, 64, 82, 89, 91, 137, 141, 142, 143, 148, 149, 150, 151, 156, 182, 188, 189, 190, 195, 231, 238, 580, 999, 1015, 1031, 1047, 1074, 1075, 1076, 1078, 1088, 1089, 1090, 1106, 1107, 1113], "excluded_lines": [], "functions": {"_lookup_context_value": {"executed_lines": [58, 60, 61, 62, 66, 67, 69], "summary": {"covered_lines": 7, "num_statements": 8, "percent_covered": 87.5, "percent_covered_display": "88", "missing_lines": 1, "excluded_lines": 0}, "missing_lines": [64], "excluded_lines": []}, "_resolve_template_params": {"executed_lines": [78, 79, 81, 84, 85, 86, 87, 88], "summary": {"covered_lines": 8, "num_statements": 11, "percent_covered": 72.72727272727273, "percent_covered_display": "73", "missing_lines": 3, "excluded_lines": 0}, "missing_lines": [82, 89, 91], "excluded_lines": []}, "SlackTemplateLoader.__init__": {"executed_lines": [119, 120, 121, 122], "summary": {"covered_lines": 4, "num_statements": 4, "percent_covered": 100.0, "percent_covered_display": "100", "missing_lines": 0, "excluded_lines": 0}, "missing_lines": [], "excluded_lines": []}, "SlackTemplateLoader.load_templates": {"executed_lines": [126, 127, 129, 130, 132, 133, 134, 135, 136], "summary": {"covered_lines": 9, "num_statements": 18, "percent_covered": 50.0, "percent_covered_display": "50", "missing_lines": 9, "excluded_lines": 0}, "missing_lines": [137, 141, 142, 143, 148, 149, 150, 151, 156], "excluded_lines": []}, "SlackTemplateLoader.render": {"executed_lines": [173, 174, 176, 177, 181, 184, 185, 186, 187], "summary": {"covered_lines": 9, "num_statements": 14, "percent_covered": 64.28571428571429, "percent_covered_display": "64", "missing_lines": 5, "excluded_lines": 0}, "missing_lines": [182, 188, 189, 190, 195], "excluded_lines": []}, "SlackTemplateLoader.get_template_names": {"executed_lines": [199, 200, 201], "summary": {"covered_lines": 3, "num_statements": 3, "percent_covered": 100.0, "percent_covered_display": "100", "missing_lines": 0, "excluded_lines": 0}, "missing_lines": [], "excluded_lines": []}, "ActionExecutionError.__str__": {"executed_lines": [], "summary": {"covered_lines": 0, "num_statements": 1, "percent_covered": 0.0, "percent_covered_display": "0", "missing_lines": 1, "excluded_lines": 0}, "missing_lines": [231], "excluded_lines": []}, "Action
[...]
ssing_lines": [], "excluded_lines": []}, "EvidencePackage.to_json": {"executed_lines": [53], "summary": {"covered_lines": 1, "num_statements": 1, "percent_covered": 100.0, "percent_covered_display": "100", "missing_lines": 0, "excluded_lines": 0}, "missing_lines": [], "excluded_lines": []}, "EvidenceCollector.__init__": {"executed_lines": [60, 61], "summary": {"covered_lines": 2, "num_statements": 2, "percent_covered": 100.0, "percent_covered_display": "100", "missing_lines": 0, "excluded_lines": 0}, "missing_lines": [], "excluded_lines": []}, "EvidenceCollector.collect_test_reports": {"executed_lines": [64, 66, 67, 69, 73, 74, 75, 76, 78], "summary": {"covered_lines": 9, "num_statements": 10, "percent_covered": 90.0, "percent_covered_display": "90", "missing_lines": 1, "excluded_lines": 0}, "missing_lines": [68], "excluded_lines": []}, "EvidenceCollector.collect_aggregate_summary": {"executed_lines": [81, 82, 83, 84], "summary": {"covered_lines": 4, "num_statements": 4, "percent_covered": 100.0, "percent_covered_display": "100", "missing_lines": 0, "excluded_lines": 0}, "missing_lines": [], "excluded_lines": []}, "EvidenceCollector.collect_readiness_report": {"executed_lines": [89, 90, 91, 92, 93], "summary": {"covered_lines": 5, "num_statements": 5, "percent_covered": 100.0, "percent_covered_display": "100", "missing_lines": 0, "excluded_lines": 0}, "missing_lines": [], "excluded_lines": []}, "EvidenceCollector.collect_cloudwatch_metrics_export": {"executed_lines": [98, 99, 100, 112, 113, 114], "summary": {"covered_lines": 6, "num_statements": 6, "percent_covered": 100.0, "percent_covered_display": "100", "missing_lines": 0, "excluded_lines": 0}, "missing_lines": [], "excluded_lines": []}, "EvidenceCollector.collect_alarm_logs": {"executed_lines": [119, 120, 121, 136, 137, 138], "summary": {"covered_lines": 6, "num_statements": 6, "percent_covered": 100.0, "percent_covered_display": "100", "missing_lines": 0, "excluded_lines": 0}, "missing_lines": [], "excluded_lines": []}, "EvidenceCollector.collect_slack_history": {"executed_lines": [143, 144, 145, 163, 164, 165], "summary": {"covered_lines": 6, "num_statements": 6, "percent_covered": 100.0, "percent_covered_display": "100", "missing_lines": 0, "excluded_lines": 0}, "missing_lines": [], "excluded_lines": []}, "EvidenceCollector._build_artifact": {"executed_lines": [172, 173, 174, 175, 176, 178], "summary": {"covered_lines": 6, "num_statements": 6, "percent_covered": 100.0, "percent_covered_display": "100", "missing_lines": 0, "excluded_lines": 0}, "missing_lines": [], "excluded_lines": []}, "EvidenceCollector._calculate_checksum": {"executed_lines": [190, 191, 192, 193, 194], "summary": {"covered_lines": 5, "num_statements": 5, "percent_covered": 100.0, "percent_covered_display": "100", "missing_lines": 0, "excluded_lines": 0}, "missing_lines": [], "excluded_lines": []}, "EvidencePackager.__init__": {"executed_lines": [201, 202, 203, 204], "summary": {"covered_lines": 4, "num_statements": 4, "percent_covered": 100.0, "percent_covered_display": "100", "missing_lines": 0, "excluded_lines": 0}, "missing_lines": [], "excluded_lines": []}, "EvidencePackager.package_evidence": {"executed_lines": [209, 211, 213, 214, 215, 217, 218, 220, 221, 222, 224, 225, 226, 228, 229, 230, 232, 240, 242], "summary": {"covered_lines": 19, "num_statements": 19, "percent_covered": 100.0, "percent_covered_display": "100", "missing_lines": 0, "excluded_lines": 0}, "missing_lines": [], "excluded_lines": []}, "EvidencePackager.update_validation_md": {"executed_lines": [253, 257, 258, 259, 260, 261, 262], "summary": {"covered_lines": 7, "num_statements": 9, "percent_covered": 77.77777777777777, "percent_covered_display": "78", "missing_lines": 2, "excluded_lines": 0}, "missing_lines": [254, 255], "excluded_lines": []}, "EvidencePackager._group_artifacts_by_type": {"executed_lines": [266, 267, 268, 269], "summary": {"covered_lines": 4, "num_statements": 4, "percent_covered": 100.0, "percent_covered_display": "100", "missing_lines": 0, "excluded_lines": 0}, "missing_lines": [], "excluded_lines": []}, "EvidencePackager._validate_completeness": {"executed_lines": [272, 280, 281, 283, 287, 288, 289, 290, 291, 296, 299, 300, 301, 303], "summary": {"covered_lines": 14, "num_statements": 16, "percent_covered": 87.5, "percent_covered_display": "88", "missing_lines": 2, "excluded_lines": 0}, "missing_lines": [293, 294], "excluded_lines": []}, "EvidencePackager._generate_evidence_section": {"executed_lines": [307, 319, 320, 321, 323, 324, 325, 326, 327, 328, 329, 331, 332, 333, 334, 335, 337, 341, 343, 344, 345, 346, 347, 348, 350, 351, 352, 353, 354, 356], "summary": {"covered_lines": 30, "num_statements": 30, "percent_covered": 100.0, "percent_covered_display": "100", "missing_lines": 0, "excluded_lines": 0}, "missing_lines": [], "excluded_lines": []}, "": {"executed_lines": [1, 3, 5, 6, 7, 8, 9, 10, 11, 13, 16, 17, 18, 20, 21, 22, 23, 24, 25, 26, 29, 30, 31, 33, 34, 35, 36, 37, 38, 39, 41, 52, 56, 57, 59, 63, 80, 88, 97, 118, 142, 169, 188, 189, 197, 198, 200, 206, 252, 264, 265, 271, 305, 306], "summary": {"covered_lines": 49, "num_statements": 49, "percent_covered": 100.0, "percent_covered_display": "100", "missing_lines": 0, "excluded_lines": 0}, "missing_lines": [], "excluded_lines": []}}, "classes": {"EvidenceArtifact": {"executed_lines": [], "summary": {"covered_lines": 0, "num_statements": 0, "percent_covered": 100.0, "percent_covered_display": "100", "missing_lines": 0, "excluded_lines": 0}, "missing_lines": [], "excluded_lines": []}, "EvidencePackage": {"executed_lines": [42, 53], "summary": {"covered_lines": 2, "num_statements": 2, "percent_covered": 100.0, "percent_covered_display": "100", "missing_lines": 0, "excluded_lines": 0}, "missing_lines": [], "excluded_lines": []}, "EvidenceCollector": {"executed_lines": [60, 61, 64, 66, 67, 69, 73, 74, 75, 76, 78, 81, 82, 83, 84, 89, 90, 91, 92, 93, 98, 99, 100, 112, 113, 114, 119, 120, 121, 136, 137, 138, 143, 144, 145, 163, 164, 165, 172, 173, 174, 175, 176, 178, 190, 191, 192, 193, 194], "summary": {"covered_lines": 49, "num_statements": 50, "percent_covered": 98.0, "percent_covered_display": "98", "missing_lines": 1, "excluded_lines": 0}, "missing_lines": [68], "excluded_lines": []}, "EvidencePackager": {"executed_lines": [201, 202, 203, 204, 209, 211, 213, 214, 215, 217, 218, 220, 221, 222, 224, 225, 226, 228, 229, 230, 232, 240, 242, 253, 257, 258, 259, 260, 261, 262, 266, 267, 268, 269, 272, 280, 281, 283, 287, 288, 289, 290, 291, 296, 299, 300, 301, 303, 307, 319, 320, 321, 323, 324, 325, 326, 327, 328, 329, 331, 332, 333, 334, 335, 337, 341, 343, 344, 345, 346, 347, 348, 350, 351, 352, 353, 354, 356], "summary": {"covered_lines": 78, "num_statements": 82, "percent_covered": 95.1219512195122, "percent_covered_display": "95", "missing_lines": 4, "excluded_lines": 0}, "missing_lines": [254, 255, 293, 294], "excluded_lines": []}, "": {"executed_lines": [1, 3, 5, 6, 7, 8, 9, 10, 11, 13, 16, 17, 18, 20, 21, 22, 23, 24, 25, 26, 29, 30, 31, 33, 34, 35, 36, 37, 38, 39, 41, 52, 56, 57, 59, 63, 80, 88, 97, 118, 142, 169, 188, 189, 197, 198, 200, 206, 252, 264, 265, 271, 305, 306], "summary": {"covered_lines": 49, "num_statements": 49, "percent_covered": 100.0, "percent_covered_display": "100", "missing_lines": 0, "excluded_lines": 0}, "missing_lines": [], "excluded_lines": []}}}, "src/validation/performance.py": {"executed_lines": [1, 3, 5, 6, 8, 11, 12, 14, 15, 16, 17, 18, 19, 20, 21, 23, 24, 25, 26, 29, 31, 32, 34, 35, 37, 38, 40, 41, 51, 52, 54, 55, 56, 57, 59, 60, 61, 62, 64, 65, 67, 70, 71, 73, 74, 76, 81, 83, 84, 86, 87, 89, 91, 97, 99, 100, 102, 104, 105, 109, 111, 112, 114], "summary": {"covered_lines": 60, "num_statements": 61, "percent_covered": 98.36065573770492, "percent_covered_display": "98", "missing_lines": 1, "excluded_lines": 0}, "missing_lines": [27], "excluded_lines": [], "functions": {"PerformanceMetrics.__init__": {"executed_lines": [15, 16, 17, 18, 19, 20, 21], "summary": {"covered_lines": 7, "num_statements": 7, "percent_covered": 100.0, "percent_covered_display": "100", "missing_lines": 0, "excluded_lines": 0}, "missing_lines": [], "excluded_lines": []}, "PerformanceMetrics.execution_duration_ms": {"executed_lines": [25, 26], "summary": {"covered_lines": 2, "num_statements": 3, "percent_covered": 66.66666666666667, "percent_covered_display": "67", "missing_lines": 1, "excluded_lines": 0}, "missing_lines": [27], "excluded_lines": []}, "PerformanceMetrics.set_simulated_duration_ms": {"executed_lines": [31, 32], "summary": {"covered_lines": 2, "num_statements": 2, "percent_covered": 100.0, "percent_covered_display": "100", "missing_lines": 0, "excluded_lines": 0}, "missing_lines": [], "excluded_lines": []}, "PerformanceMetrics.meets_execution_threshold": {"executed_lines": [35], "summary": {"covered_lines": 1, "num_statements": 1, "percent_covered": 100.0, "percent_covered_display": "100", "missing_lines": 0, "excluded_lines": 0}, "missing_lines": [], "excluded_lines": []}, "PerformanceMetrics.meets_memory_threshold": {"executed_lines": [38], "summary": {"covered_lines": 1, "num_statements": 1, "percent_covered": 100.0, "percent_covered_display": "100", "missing_lines": 0, "excluded_lines": 0}, "missing_lines": [], "excluded_lines": []}, "PerformanceMetrics.to_dict": {"executed_lines": [41], "summary": {"covered_lines": 1, "num_statements": 1, "percent_covered": 100.0, "percent_covered_display": "100", "missing_lines": 0, "excluded_lines": 0}, "missing_lines": [], "excluded_lines": []}, "CampaignPerformanceSimulator.__init__": {"executed_lines": [65], "summary": {"covered_lines": 1, "num_statements": 1, "percent_covered": 100.0, "percent_covered_display": "100", "missing_lines": 0, "excluded_lines": 0}, "missing_lines": [], "excluded_lines": []}, "CampaignPerformanceSimulator.simulate_campaign": {"executed_lines": [70, 71, 73, 74, 76, 81, 83, 84, 86, 87, 89], "summary": {"covered_lines": 11, "num_statements": 11, "percent_covered": 100.0, "percent_covered_display": "100", "missing_lines": 0, "excluded_lines": 0}, "missing_lines": [], "excluded_lines": []}, "CampaignPerformanceSimulator._process_booking": {"executed_lines": [97, 99, 100, 102, 104, 105, 109, 111, 112, 114], "summary": {"covered_lines": 10, "num_statements": 10, "percent_covered": 100.0, "percent_covered_display": "100", "missing_lines": 0, "excluded_lines": 0}, "missing_lines": [], "excluded_lines": []}, "": {"executed_lines": [1, 3, 5, 6, 8, 11, 12, 14, 23, 24, 29, 34, 37, 40, 51, 52, 54, 55, 56, 57, 59, 60, 61, 62, 64, 67, 91], "summary": {"covered_lines": 24, "num_statements": 24, "percent_covered": 100.0, "percent_covered_display": "100", "missing_lines": 0, "excluded_lines": 0}, "missing_lines": [], "excluded_lines": []}}, "classes": {"PerformanceMetrics": {"executed_lines": [15, 16, 17, 18, 19, 20, 21, 25, 26, 31, 32, 35, 38, 41], "summary": {"covered_lines": 14, "num_statements": 15, "percent_covered": 93.33333333333333, "percent_covered_display": "93", "missing_lines": 1, "excluded_lines": 0}, "missing_lines": [27], "excluded_lines": []}, "CampaignPerformanceSimulator": {"executed_lines": [65, 70, 71, 73, 74, 76, 81, 83, 84, 86, 87, 89, 97, 99, 100, 102, 104, 105, 109, 111, 112, 114], "summary": {"covered_lines": 22, "num_statements": 22, "percent_covered": 100.0, "percent_covered_display": "100", "missing_lines": 0, "excluded_lines": 0}, "missing_lines": [], "excluded_lines": []}, "": {"executed_lines": [1, 3, 5, 6, 8, 11, 12, 14, 23, 24, 29, 34, 37, 40, 51, 52, 54, 55, 56, 57, 59, 60, 61, 62, 64, 67, 91], "summary": {"covered_lines": 24, "num_statements": 24, "percent_covered": 100.0, "percent_covered_display": "100", "missing_lines": 0, "excluded_lines": 0}, "missing_lines": [], "excluded_lines": []}}}, "src/validation/readiness.py": {"executed_lines": [1, 3, 5, 6, 7, 8, 9, 10, 12, 15, 16, 18, 19, 20, 23, 24, 25, 27, 28, 29, 30, 31, 32, 35, 36, 37, 39, 40, 41, 42, 43, 44, 45, 47, 48, 68, 69, 72, 73, 75, 76, 78, 85, 87, 88, 89, 90, 91, 92, 93, 94, 95, 97, 98, 99, 100, 102, 112, 115, 116, 117, 119, 120, 129, 132, 133, 134, 143, 144, 145, 146, 155, 158, 159, 160, 169, 172, 173, 174, 183, 186, 187, 188, 190, 191, 203, 204, 205, 206, 208, 209, 221, 222, 223, 232, 237, 238, 239, 240, 242, 243, 252, 253, 254, 255, 256, 257, 259, 260, 261, 262, 264, 266, 269, 270, 272, 273, 280, 285, 292, 295, 296, 297, 298, 299, 300, 301, 303, 308, 309, 310, 311, 312], "summary": {"covered_lines": 128, "num_statements": 129, "percent_covered": 99.2248062015504, "percent_covered_display": "99", "missing_lines": 1, "excluded_lines": 0}, "missing_lines": [263], "excluded_lines": [], "functions": {"ReadinessReport.to_dict": {"executed_lines": [48], "summary": {"covered_lines": 1, "num_statements": 1, "percent_covered": 100.0, "percent_covered_display": "100", "missing_lines": 0, "excluded_lines": 0}, "missing_lines": [], "excluded_lines": []}, "ReadinessReport.to_json": {"executed_lines": [69], "summary": {"covered_lines": 1, "num_statements": 1, "percent_covered": 100.0, "percent_covered_display": "100", "missing_lines": 0, "excluded_lines": 0}, "missing_lines": [], "excluded_lines": []}, "ReadinessValidator.__init__": {"executed_lines": [76], "summary": {"covered_lines": 1, "num_statements": 1, "percent_covered": 100.0, "percent_covered_display": "100", "missing_lines": 0, "excluded_lines": 0}, "missing_lines": [], "excluded_lines": []}, "ReadinessValidator.validate_campaign": {"executed_lines": [85, 87, 88, 89, 90, 91, 92, 93, 94, 95, 97, 98, 99, 100, 102], "summary": {"covered_lines": 15, "num_statements": 15, "percent_covered": 100.0, "percent_covered_display": "100", "missing_lines": 0, "excluded_lines": 0}, "missing_lines": [], "excluded_lines": []}, "ReadinessValidator._validate_parity_100_percent": {"executed_lines": [115, 116, 117, 119, 120], "summary": {"covered_lines": 5, "num_statements": 5, "percent_covered": 100.0, "percent_covered_display": "100", "missing_lines": 0, "excluded_lines": 0}, "missing_lines": [], "excluded_lines": []}, "ReadinessValidator._validate_zero_critical_mismatches": {"executed_lines": [132, 133, 134], "summary": {"covered_lines": 3, "num_statements": 3, "percent_covered": 100.0, "percent_covered_display": "100", "missing_lines": 0, "excluded_lines": 0}, "missing_lines": [], "excluded_lines": []}, "ReadinessValidator._validate_sms_channel": {"executed_lines": [144, 145, 146], "summary": {"covered_lines": 3, "num_statements": 3, "percent_covered": 100.0, "percent_covered_display": "100", "missing_lines": 0, "excluded_lines": 0}, "missing_lines": [], "excluded_lines": []}, "ReadinessValidator._validate_dynamodb_channel": {"executed_lines": [158, 159, 160], "summary": {"covered_lines": 3, "num_statements": 3, "percent_covered": 100.0, "percent_covered_display": "100", "missing_lines": 0, "excluded_lines": 0}, "missing_lines": [], "excluded_lines": []}, "ReadinessValidator._validate_telegram_channel": {"executed_lines": [172, 173, 174], "summary": {"covered_lines": 3, "num_statements": 3, "percent_covered": 100.0, "percent_covered_display": "100", "missing_lines": 0, "excluded_lines": 0}, "missing_lines": [], "excluded_lines": []}, "ReadinessValidator._validate_slack_webhook_integration": {"executed_lines": [186, 187, 188, 190, 191], "summary": {"covered_lines": 5, "num_statements": 5, "percent_covered": 100.0, "percent_covered_display": "100", "missing_lines": 0, "excluded_lines": 0}, "missing_lines": [], "excluded_lines": []}, "ReadinessValidator._validate_cloudwatch_metrics": {"executed_lines": [204, 205, 206, 208, 209], "summary": {"covered_lines": 5, "num_statements": 5, "percent_covered": 100.0, "percent_covered_display": "100", "missing_lines": 0, "excluded_lines": 0}, "missing_lines": [], "excluded_lines": []}, "ReadinessValidator._validate_comparison_mode_enabled": {"executed_lines": [222, 223], "summary": {"covered_lines": 2, "num_statements": 2, "percent_covered": 100.0, "percent_covered_display": "100", "missing_lines": 0, "excluded_lines": 0}, "missing_lines": [], "excluded_lines": []}, "ReadinessValidator._validate_msc1_criteria": {"executed_lines": [237, 238, 239, 240, 242, 243], "summary": {"covered_lines": 6, "num_statements": 6, "percent_covered": 100.0, "percent_covered_display": "100", "missing_lines": 0, "excluded_lines": 0}, "missing_lines": [], "excluded_lines": []}, "ReadinessValidator._calculate_decision": {"executed_lines": [253, 254, 255, 256, 257], "summary": {"covered_lines": 5, "num_statements": 5, "percent_covered": 100.0, "percent_covered_display": "100", "missing_lines": 0, "excluded_lines": 0}, "missing_lines": [], "excluded_lines": []}, "ReadinessValidator._calculate_confidence": {"executed_lines": [260, 261, 262, 264], "summary": {"covered_lines": 4, "num_statements": 5, "percent_covered": 80.0, "percent_covered_display": "80", "missing_lines": 1, "excluded_lines": 0}, "missing_lines": [263], "excluded_lines": []}, "ReadinessValidator._generate_summary": {"executed_lines": [269, 270, 272, 273, 280, 285], "summary": {"covered_lines": 6, "num_statements": 6, "percent_covered": 100.0, "percent_covered_display": "100", "missing_lines": 0, "excluded_lines": 0}, "missing_lines": [], "excluded_lines": []}, "ReadinessValidator._generate_recommendations": {"executed_lines": [295, 296, 297, 298, 299, 300, 301, 303, 308, 309, 310, 311, 312], "summary": {"covered_lines": 13, "num_statements": 13, "percent_covered": 100.0, "percent_covered_display": "100", "missing_lines": 0, "excluded_lines": 0}, "missing_lines": [], "excluded_lines": []}, "": {"executed_lines": [1, 3, 5, 6, 7, 8, 9, 10, 12, 15, 16, 18, 19, 20, 23, 24, 25, 27, 28, 29, 30, 31, 32, 35, 36, 37, 39, 40, 41, 42, 43, 44, 45, 47, 68, 72, 73, 75, 78, 112, 129, 143, 155, 169, 183, 203, 221, 232, 252, 259, 266, 292], "summary": {"covered_lines": 47, "num_statements": 47, "percent_covered": 100.0, "percent_covered_display": "100", "missing_lines": 0, "excluded_lines": 0}, "missing_lines": [], "excluded_lines": []}}, "classes": {"GoNoGoDecision": {"executed_lines": [], "summary": {"covered_lines": 0, "num_statements": 0, "percent_covered": 100.0, "percent_covered_display": "100", "missing_lines": 0, "excluded_lines": 0}, "missing_lines": [], "excluded_lines": []}, "ReadinessCriteria": {"executed_lines": [], "summary": {"covered_lines": 0, "num_statements": 0, "percent_covered": 100.0, "percent_covered_display": "100", "missing_lines": 0, "excluded_lines": 0}, "missing_lines": [], "excluded_lines": []}, "ReadinessReport": {"executed_lines": [48, 69], "summary": {"covered_lines": 2, "num_statements": 2, "percent_covered": 100.0, "percent_covered_display": "100", "missing_lines": 0, "excluded_lines": 0}, "missing_lines": [], "excluded_lines": []}, "ReadinessValidator": {"executed_lines": [76, 85, 87, 88, 89, 90, 91, 92, 93, 94, 95, 97, 98, 99, 100, 102, 115, 116, 117, 119, 120, 132, 133, 134, 144, 145, 146, 158, 159, 160, 172, 173, 174, 186, 187, 188, 190, 191, 204, 205, 206, 208, 209, 222, 223, 237, 238, 239, 240, 242, 243, 253, 254, 255, 256, 257, 260, 261, 262, 264, 269, 270, 272, 273, 280, 285, 295, 296, 297, 298, 299, 300, 301, 303, 308, 309, 310, 311, 312], "summary": {"covered_lines": 79, "num_statements": 80, "percent_covered": 98.75, "percent_covered_display": "99", "missing_lines": 1, "excluded_lines": 0}, "missing_lines": [263], "excluded_lines": []}, "": {"executed_lines": [1, 3, 5, 6, 7, 8, 9, 10, 12, 15, 16, 18, 19, 20, 23, 24, 25, 27, 28, 29, 30, 31, 32, 35, 36, 37, 39, 40, 41, 42, 43, 44, 45, 47, 68, 72, 73, 75, 78, 112, 129, 143, 155, 169, 183, 203, 221, 232, 252, 259, 266, 292], "summary": {"covered_lines": 47, "num_statements": 47, "percent_covered": 100.0, "percent_covered_display": "100", "missing_lines": 0, "excluded_lines": 0}, "missing_lines": [], "excluded_lines": []}}}}, "totals": {"covered_lines": 2243, "num_statements": 2715, "percent_covered": 82.61510128913444, "percent_covered_display": "83", "missing_lines": 472, "excluded_lines": 1}}