{"meta": {"format": 3, "version": "7.11.0", "timestamp": "2025-10-24T00:11:14.126806", "branch_coverage": false, "show_contexts": false}, "files": {"src/__init__.py": {"executed_lines": [1], "summary": {"covered_lines": 0, "num_statements": 0, "percent_covered": 100.0, "percent_covered_display": "100", "missing_lines": 0, "excluded_lines": 0}, "missing_lines": [], "excluded_lines": [], "functions": {"": {"executed_lines": [1], "summary": {"covered_lines": 0, "num_statements": 0, "percent_covered": 100.0, "percent_covered_display": "100", "missing_lines": 0, "excluded_lines": 0}, "missing_lines": [], "excluded_lines": []}}, "classes": {"": {"executed_lines": [1], "summary": {"covered_lines": 0, "num_statements": 0, "percent_covered": 100.0, "percent_covered_display": "100", "missing_lines": 0, "excluded_lines": 0}, "missing_lines": [], "excluded_lines": []}}}, "src/api/__init__.py": {"executed_lines": [], "summary": {"covered_lines": 0, "num_statements": 0, "percent_covered": 100.0, "percent_covered_display": "100", "missing_lines": 0, "excluded_lines": 0}, "missing_lines": [], "excluded_lines": [], "functions": {"": {"executed_lines": [], "summary": {"covered_lines": 0, "num_statements": 0, "percent_covered": 100.0, "percent_covered_display": "100", "missing_lines": 0, "excluded_lines": 0}, "missing_lines": [], "excluded_lines": []}}, "classes": {"": {"executed_lines": [], "summary": {"covered_lines": 0, "num_statements": 0, "percent_covered": 100.0, "percent_covered_display": "100", "missing_lines": 0, "excluded_lines": 0}, "missing_lines": [], "excluded_lines": []}}}, "src/api/naver_booking.py": {"executed_lines": [], "summary": {"covered_lines": 0, "num_statements": 110, "percent_covered": 0.0, "percent_covered_display": "0", "missing_lines": 110, "excluded_lines": 0}, "missing_lines": [10, 11, 12, 14, 16, 18, 21, 29, 32, 33, 35, 43, 44, 46, 72, 75, 85, 94, 96, 97, 98, 100, 101, 103, 106, 107, 108, 109, 110, 111, 112, 116, 118, 119, 120, 122, 132, 134, 135, 136, 137, 138, 139, 141, 144, 146, 156, 158, 159, 160, 161, 162, 163, 165, 168, 170, 186, 187, 188, 191, 194, 195, 198, 201, 202, 205, 206, 207, 208, 209, 212, 213, 214, 215, 216, 217, 218, 220, 221, 222, 224, 225, 226, 227, 228, 229, 231, 234, 237, 240, 242, 260, 274, 277, 278, 279, 280, 283, 285, 300, 303, 305, 307, 323, 324, 325, 326, 327, 328, 330], "excluded_lines": [], "functions": {"NaverBookingAPIClient.__init__": {"executed_lines": [], "summary": {"covered_lines": 0, "num_statements": 2, "percent_covered": 0.0, "percent_covered_display": "0", "missing_lines": 2, "excluded_lines": 0}, "missing_lines": [43, 44], "excluded_lines": []}, "NaverBookingAPIClient.get_bookings": {"executed_lines": [], "summary": {"covered_lines": 0, "num_statements": 21, "percent_covered": 0.0, "percent_covered_display": "0", "missing_lines": 21, "excluded_lines": 0}, "missing_lines": [72, 75, 85, 94, 96, 97, 98, 100, 101, 103, 106, 107, 108, 109, 110, 111, 112, 116, 118, 119, 120], "excluded_lines": []}, "NaverBookingAPIClient.get_all_confirmed_bookings": {"executed_lines": [], "summary": {"covered_lines": 0, "num_statements": 9, "percent_covered": 0.0, "percent_covered_display": "0", "missing_lines": 9, "excluded_lines": 0}, "missing_lines": [132, 134, 135, 136, 137, 138, 139, 141, 144], "excluded_lines": []}, "NaverBookingAPIClient.get_all_completed_bookings": {"executed_lines": [], "summary": {"covered_lines": 0, "num_statements": 9, "percent_covered": 0.0, "percent_covered_display": "0", "missing_lines": 9, "excluded_lines": 0}, "missing_lines": [156, 158, 159, 160, 161, 162, 163, 165, 168], "excluded_lines": []}, "NaverBookingAPIClient._transform_booking": {"executed_lines": [], "summary": {"covered_lines": 0, "num_statements": 35, "percent_covered": 0.0, "percent_covered_display": "0", "missing_lines": 35, "excluded_lines": 0}, "missing_lines": [186, 187, 188, 191, 194, 195, 198, 201, 202, 205, 206, 207, 208, 209, 212, 213, 214, 215, 216, 217, 218, 220, 221, 222, 224, 225, 226, 227, 228, 229, 231, 234, 237, 240, 242], "excluded_lines": []}, "NaverBookingAPIClient._format_phone": {"executed_lines": [], "summary": {"covered_lines": 0, "num_statements": 6, "percent_covered": 0.0, "percent_covered_display": "0", "missing_lines": 6, "excluded_lines": 0}, "missing_lines": [274, 277, 278, 279, 280, 283], "excluded_lines": []}, "NaverBookingAPIClient._parse_datetime_kst": {"executed_lines": [], "summary": {"covered_lines": 0, "num_statements": 3, "percent_covered": 0.0, "percent_covered_display": "0", "missing_lines": 3, "excluded_lines": 0}, "missing_lines": [300, 303, 305], "excluded_lines": []}, "NaverBookingAPIClient._detect_option_keywords": {"executed_lines": [], "summary": {"covered_lines": 0, "num_statements": 7, "percent_covered": 0.0, "percent_covered_display": "0", "missing_lines": 7, "excluded_lines": 0}, "missing_lines": [323, 324, 325, 326, 327, 328, 330], "excluded_lines": []}, "": {"executed_lines": [], "summary": {"covered_lines": 0, "num_statements": 18, "percent_covered": 0.0, "percent_covered_display": "0", "missing_lines": 18, "excluded_lines": 0}, "missing_lines": [10, 11, 12, 14, 16, 18, 21, 29, 32, 33, 35, 46, 122, 146, 170, 260, 285, 307], "excluded_lines": []}}, "classes": {"NaverBookingAPIClient": {"executed_lines": [], "summary": {"covered_lines": 0, "num_statements": 92, "percent_covered": 0.0, "percent_covered_display": "0", "missing_lines": 92, "excluded_lines": 0}, "missing_lines": [43, 44, 72, 75, 85, 94, 96, 97, 98, 100, 101, 103, 106, 107, 108, 109, 110, 111, 112, 116, 118, 119, 120, 132, 134, 135, 136, 137, 138, 139, 141, 144, 156, 158, 159, 160, 161, 162, 163, 165, 168, 186, 187, 188, 191, 194, 195, 198, 201, 202, 205, 206, 207, 208, 209, 212, 213, 214, 215, 216, 217, 218, 220, 221, 222, 224, 225, 226, 227, 228, 229, 231, 234, 237, 240, 242, 274, 277, 278, 279, 280, 283, 300, 303, 305, 323, 324, 325, 326, 327, 328, 330], "excluded_lines": []}, "": {"executed_lines": [], "summary": {"covered_lines": 0, "num_statements": 18, "percent_covered": 0.0, "percent_covered_display": "0", "missing_lines": 18, "excluded_lines": 0}, "missing_lines": [10, 11, 12, 14, 16, 18, 21, 29, 32, 33, 35, 46, 122, 146, 170, 260, 285, 307], "excluded_lines": []}}}, "src/auth/__init__.py": {"executed_lines": [], "summary": {"covered_lines": 0, "num_statements": 3, "percent_covered": 0.0, "percent_covered_display": "0", "missing_lines": 3, "excluded_lines": 0}, "missing_lines": [3, 4, 6], "excluded_lines": [], "functions": {"": {"executed_lines": [], "summary": {"covered_lines": 0, "num_statements": 3, "percent_covered": 0.0, "percent_covered_display": "0", "missing_lines": 3, "excluded_lines": 0}, "missing_lines": [3, 4, 6], "excluded_lines": []}}, "classes": {"": {"executed_lines": [], "summary": {"covered_lines": 0, "num_statements": 3, "percent_covered": 0.0, "percent_covered_display": "0", "missing_lines": 3, "excluded_lines": 0}, "missing_lines": [3, 4, 6], "excluded_lines": []}}}, "src/auth/naver_login.py": {"executed_lines": [], "summary": {"covered_lines": 0, "num_statements": 81, "percent_covered": 0.0, "percent_covered_display": "0", "missing_lines": 81, "excluded_lines": 0}, "missing_lines": [1, 2, 3, 5, 6, 7, 8, 10, 12, 15, 18, 19, 20, 21, 22, 24, 25, 26, 27, 28, 29, 30, 31, 32, 33, 34, 35, 36, 37, 38, 42, 44, 46, 47, 49, 50, 51, 53, 54, 55, 56, 58, 59, 60, 61, 63, 64, 66, 67, 68, 69, 71, 72, 74, 75, 76, 78, 79, 81, 83, 84, 86, 87, 88, 90, 91, 92, 93, 95, 96, 98, 99, 101, 102, 103, 104, 105, 107, 109, 110, 111], "excluded_lines": [], "functions": {"NaverAuthenticator.__init__": {"executed_lines": [], "summary": {"covered_lines": 0, "num_statements": 4, "percent_covered": 0.0, "percent_covered_display": "0", "missing_lines": 4, "excluded_lines": 0}, "missing_lines": [19, 20, 21, 22], "excluded_lines": []}, "NaverAuthenticator.setup_driver": {"executed_lines": [], "summary": {"covered_lines": 0, "num_statements": 18, "percent_covered": 0.0, "percent_covered_display": "0", "missing_lines": 18, "excluded_lines": 0}, "missing_lines": [25, 26, 27, 28, 29, 30, 31, 32, 33, 34, 35, 36, 37, 38, 42, 44, 46, 47], "excluded_lines": []}, "NaverAuthenticator.login": {"executed_lines": [], "summary": {"covered_lines": 0, "num_statements": 35, "percent_covered": 0.0, "percent_covered_display": "0", "missing_lines": 35, "excluded_lines": 0}, "missing_lines": [50, 51, 53, 54, 55, 56, 58, 59, 60, 61, 63, 64, 66, 67, 68, 69, 71, 72, 74, 75, 76, 78, 79, 81, 83, 84, 86, 87, 88, 90, 91, 92, 93, 95, 96], "excluded_lines": []}, "NaverAuthenticator.get_session": {"executed_lines": [], "summary": {"covered_lines": 0, "num_statements": 7, "percent_covered": 0.0, "percent_covered_display": "0", "missing_lines": 7, "excluded_lines": 0}, "missing_lines": [99, 101, 102, 103, 104, 105, 107], "excluded_lines": []}, "NaverAuthenticator.cleanup": {"executed_lines": [], "summary": {"covered_lines": 0, "num_statements": 2, "percent_covered": 0.0, "percent_covered_display": "0", "missing_lines": 2, "excluded_lines": 0}, "missing_lines": [110, 111], "excluded_lines": []}, "": {"executed_lines": [], "summary": {"covered_lines": 0, "num_statements": 15, "percent_covered": 0.0, "percent_covered_display": "0", "missing_lines": 15, "excluded_lines": 0}, "missing_lines": [1, 2, 3, 5, 6, 7, 8, 10, 12, 15, 18, 24, 49, 98, 109], "excluded_lines": []}}, "classes": {"NaverAuthenticator": {"executed_lines": [], "summary": {"covered_lines": 0, "num_statements": 66, "percent_covered": 0.0, "percent_covered_display": "0", "missing_lines": 66, "excluded_lines": 0}, "missing_lines": [19, 20, 21, 22, 25, 26, 27, 28, 29, 30, 31, 32, 33, 34, 35, 36, 37, 38, 42, 44, 46, 47, 50, 51, 53, 54, 55, 56, 58, 59, 60, 61, 63, 64, 66, 67, 68, 69, 71, 72, 74, 75, 76, 78, 79, 81, 83, 84, 86, 87, 88, 90, 91, 92, 93, 95, 96, 99, 101, 102, 103, 104, 105, 107, 110, 111], "excluded_lines": []}, "": {"executed_lines": [], "summary": {"covered_lines": 0, "num_statements": 15, "percent_covered": 0.0, "percent_covered_display": "0", "missing_lines": 15, "excluded_lines": 0}, "missing_lines": [1, 2, 3, 5, 6, 7, 8, 10, 12, 15, 18, 24, 49, 98, 109], "excluded_lines": []}}}, "src/auth/session_manager.py": {"executed_lines": [], "summary": {"covered_lines": 0, "num_statements": 34, "percent_covered": 0.0, "percent_covered_display": "0", "missing_lines": 34, "excluded_lines": 0}, "missing_lines": [5, 6, 8, 11, 19, 26, 27, 29, 36, 37, 38, 39, 40, 41, 42, 43, 44, 45, 46, 47, 49, 59, 61, 71, 72, 74, 75, 76, 77, 79, 80, 81, 82, 83], "excluded_lines": [], "functions": {"SessionManager.__init__": {"executed_lines": [], "summary": {"covered_lines": 0, "num_statements": 2, "percent_covered": 0.0, "percent_covered_display": "0", "missing_lines": 2, "excluded_lines": 0}, "missing_lines": [26, 27], "excluded_lines": []}, "SessionManager.get_cookies": {"executed_lines": [], "summary": {"covered_lines": 0, "num_statements": 12, "percent_covered": 0.0, "percent_covered_display": "0", "missing_lines": 12, "excluded_lines": 0}, "missing_lines": [36, 37, 38, 39, 40, 41, 42, 43, 44, 45, 46, 47], "excluded_lines": []}, "SessionManager.put_item": {"executed_lines": [], "summary": {"covered_lines": 0, "num_statements": 1, "percent_covered": 0.0, "percent_covered_display": "0", "missing_lines": 1, "excluded_lines": 0}, "missing_lines": [59], "excluded_lines": []}, "SessionManager.save_cookies": {"executed_lines": [], "summary": {"covered_lines": 0, "num_statements": 11, "percent_covered": 0.0, "percent_covered_display": "0", "missing_lines": 11, "excluded_lines": 0}, "missing_lines": [71, 72, 74, 75, 76, 77, 79, 80, 81, 82, 83], "excluded_lines": []}, "": {"executed_lines": [], "summary": {"covered_lines": 0, "num_statements": 8, "percent_covered": 0.0, "percent_covered_display": "0", "missing_lines": 8, "excluded_lines": 0}, "missing_lines": [5, 6, 8, 11, 19, 29, 49, 61], "excluded_lines": []}}, "classes": {"SessionManager": {"executed_lines": [], "summary": {"covered_lines": 0, "num_statements": 26, "percent_covered": 0.0, "percent_covered_display": "0", "missing_lines": 26, "excluded_lines": 0}, "missing_lines": [26, 27, 36, 37, 38, 39, 40, 41, 42, 43, 44, 45, 46, 47, 59, 71, 72, 74, 75, 76, 77, 79, 80, 81, 82, 83], "excluded_lines": []}, "": {"executed_lines": [], "summary": {"covered_lines": 0, "num_statements": 8, "percent_covered": 0.0, "percent_covered_display": "0", "missing_lines": 8, "excluded_lines": 0}, "missing_lines": [5, 6, 8, 11, 19, 29, 49, 61], "excluded_lines": []}}}, "src/comparison/__init__.py": {"executed_lines": [1, 3, 5], "summary": {"covered_lines": 2, "num_statements": 2, "percent_covered": 100.0, "percent_covered_display": "100", "missing_lines": 0, "excluded_lines": 0}, "missing_lines": [], "excluded_lines": [], "functions": {"": {"executed_lines": [1, 3, 5], "summary": {"covered_lines": 2, "num_statements": 2, "percent_covered": 100.0, "percent_covered_display": "100", "missing_lines": 0, "excluded_lines": 0}, "missing_lines": [], "excluded_lines": []}}, "classes": {"": {"executed_lines": [1, 3, 5], "summary": {"covered_lines": 2, "num_statements": 2, "percent_covered": 100.0, "percent_covered_display": "100", "missing_lines": 0, "excluded_lines": 0}, "missing_lines": [], "excluded_lines": []}}}, "src/comparison/diff_reporter.py": {"executed_lines": [1, 3, 5, 6, 7, 8, 9, 10, 12, 14, 15, 18, 19, 20, 22, 23, 24, 25, 26, 27, 30, 31, 33, 34, 35, 37, 44, 46, 49, 51, 56, 58, 63, 65, 68, 70, 73, 75, 84, 86, 92, 94, 106, 107, 108, 112, 114, 121, 122, 124, 125, 126, 128, 142, 144, 152, 161, 163, 166, 168, 175, 188, 196, 198, 206, 208, 217, 220, 222, 223, 224, 226, 227, 229, 230, 231, 233, 235, 236, 237, 238, 239, 240, 242, 260, 261, 262, 267, 275, 277, 278, 279, 280, 281, 282], "summary": {"covered_lines": 92, "num_statements": 102, "percent_covered": 90.19607843137256, "percent_covered_display": "90", "missing_lines": 10, "excluded_lines": 0}, "missing_lines": [95, 129, 130, 131, 162, 164, 189, 190, 191, 192], "excluded_lines": [], "functions": {"DiffReporter.__init__": {"executed_lines": [34, 35], "summary": {"covered_lines": 2, "num_statements": 2, "percent_covered": 100.0, "percent_covered_display": "100", "missing_lines": 0, "excluded_lines": 0}, "missing_lines": [], "excluded_lines": []}, "DiffReporter.compare_outputs": {"executed_lines": [44, 46, 49, 51, 56, 58, 63, 65, 68, 70, 73, 75, 84], "summary": {"covered_lines": 13, "num_statements": 13, "percent_covered": 100.0, "percent_covered_display": "100", "missing_lines": 0, "excluded_lines": 0}, "missing_lines": [], "excluded_lines": []}, "DiffReporter._compare_lists": {"executed_lines": [92, 94, 106, 107, 108, 112], "summary": {"covered_lines": 6, "num_statements": 7, "percent_covered": 85.71428571428571, "percent_covered_display": "86", "missing_lines": 1, "excluded_lines": 0}, "missing_lines": [95], "excluded_lines": []}, "DiffReporter._compare_dicts": {"executed_lines": [121, 122, 124, 125, 126, 128, 142], "summary": {"covered_lines": 7, "num_statements": 10, "percent_covered": 70.0, "percent_covered_display": "70", "missing_lines": 3, "excluded_lines": 0}, "missing_lines": [129, 130, 131], "excluded_lines": []}, "DiffReporter.generate_json_report": {"executed_lines": [152, 161, 163, 166], "summary": {"covered_lines": 4, "num_statements": 6, "percent_covered": 66.66666666666667, "percent_covered_display": "67", "missing_lines": 2, "excluded_lines": 0}, "missing_lines": [162, 164], "excluded_lines": []}, "DiffReporter.generate_markdown_summary": {"executed_lines": [175, 188, 196, 198, 206], "summary": {"covered_lines": 5, "num_statements": 9, "percent_covered": 55.55555555555556, "percent_covered_display": "56", "missing_lines": 4, "excluded_lines": 0}, "missing_lines": [189, 190, 191, 192], "excluded_lines": []}, "DiffReporter.write_reports": {"executed_lines": [217, 220, 222, 223, 224, 226, 227, 229, 230, 231, 233], "summary": {"covered_lines": 11, "num_statements": 11, "percent_covered": 100.0, "percent_covered_display": "100", "missing_lines": 0, "excluded_lines": 0}, "missing_lines": [], "excluded_lines": []}, "DiffReporter.generate_aggregate_summary": {"executed_lines": [236, 237, 238, 239, 240, 242, 260, 261, 262, 267, 275], "summary": {"covered_lines": 11, "num_statements": 11, "percent_covered": 100.0, "percent_covered_display": "100", "missing_lines": 0, "excluded_lines": 0}, "missing_lines": [], "excluded_lines": []}, "DiffReporter.write_aggregate_summary": {"executed_lines": [278, 279, 280, 281, 282], "summary": {"covered_lines": 5, "num_statements": 5, "percent_covered": 100.0, "percent_covered_display": "100", "missing_lines": 0, "excluded_lines": 0}, "missing_lines": [], "excluded_lines": []}, "": {"executed_lines": [1, 3, 5, 6, 7, 8, 9, 10, 12, 14, 15, 18, 19, 20, 22, 23, 24, 25, 26, 27, 30, 31, 33, 37, 86, 114, 144, 168, 208, 235, 277], "summary": {"covered_lines": 28, "num_statements": 28, "percent_covered": 100.0, "percent_covered_display": "100", "missing_lines": 0, "excluded_lines": 0}, "missing_lines": [], "excluded_lines": []}}, "classes": {"ComparisonMismatch": {"executed_lines": [], "summary": {"covered_lines": 0, "num_statements": 0, "percent_covered": 100.0, "percent_covered_display": "100", "missing_lines": 0, "excluded_lines": 0}, "missing_lines": [], "excluded_lines": []}, "DiffReporter": {"executed_lines": [34, 35, 44, 46, 49, 51, 56, 58, 63, 65, 68, 70, 73, 75, 84, 92, 94, 106, 107, 108, 112, 121, 122, 124, 125, 126, 128, 142, 152, 161, 163, 166, 175, 188, 196, 198, 206, 217, 220, 222, 223, 224, 226, 227, 229, 230, 231, 233, 236, 237, 238, 239, 240, 242, 260, 261, 262, 267, 275, 278, 279, 280, 281, 282], "summary": {"covered_lines": 64, "num_statements": 74, "percent_covered": 86.48648648648648, "percent_covered_display": "86", "missing_lines": 10, "excluded_lines": 0}, "missing_lines": [95, 129, 130, 131, 162, 164, 189, 190, 191, 192], "excluded_lines": []}, "": {"executed_lines": [1, 3, 5, 6, 7, 8, 9, 10, 12, 14, 15, 18, 19, 20, 22, 23, 24, 25, 26, 27, 30, 31, 33, 37, 86, 114, 144, 168, 208, 235, 277], "summary": {"covered_lines": 28, "num_statements": 28, "percent_covered": 100.0, "percent_covered_display": "100", "missing_lines": 0, "excluded_lines": 0}, "missing_lines": [], "excluded_lines": []}}}, "src/config/__init__.py": {"executed_lines": [1], "summary": {"covered_lines": 0, "num_statements": 0, "percent_covered": 100.0, "percent_covered_display": "100", "missing_lines": 0, "excluded_lines": 0}, "missing_lines": [], "excluded_lines": [], "functions": {"": {"executed_lines": [1], "summary": {"covered_lines": 0, "num_statements": 0, "percent_covered": 100.0, "percent_covered_display": "100", "missing_lines": 0, "excluded_lines": 0}, "missing_lines": [], "excluded_lines": []}}, "classes": {"": {"executed_lines": [1], "summary": {"covered_lines": 0, "num_statements": 0, "percent_covered": 100.0, "percent_covered_display": "100", "missing_lines": 0, "excluded_lines": 0}, "missing_lines": [], "excluded_lines": []}}}, "src/config/settings.py": {"executed_lines": [1, 8, 9, 10, 11, 12, 14, 15, 16, 17, 19, 22, 23, 25, 30, 31, 32, 33, 36, 37, 41, 42, 43, 48, 52, 55, 56, 61, 74, 89, 104, 112, 113, 118, 135, 139, 143, 149, 150, 225, 226, 247, 248, 270, 271, 292, 293, 336, 337, 361, 418, 419, 444, 449, 454, 459, 464], "summary": {"covered_lines": 53, "num_statements": 223, "percent_covered": 23.766816143497756, "percent_covered_display": "24", "missing_lines": 170, "excluded_lines": 0}, "missing_lines": [68, 69, 70, 71, 72, 76, 77, 79, 80, 81, 82, 83, 84, 85, 87, 91, 93, 95, 96, 97, 98, 99, 100, 101, 102, 106, 107, 108, 109, 125, 126, 127, 128, 129, 130, 132, 133, 137, 141, 145, 146, 147, 167, 169, 170, 171, 172, 173, 174, 175, 176, 177, 178, 179, 183, 184, 188, 189, 195, 196, 197, 201, 203, 206, 207, 208, 209, 210, 211, 215, 217, 221, 236, 237, 239, 240, 241, 245, 258, 259, 261, 262, 263, 264, 268, 281, 282, 284, 285, 286, 290, 309, 310, 313, 314, 315, 316, 317, 318, 319, 320, 321, 322, 325, 326, 327, 328, 329, 330, 331, 332, 334, 350, 351, 352, 353, 354, 358, 359, 376, 377, 378, 379, 380, 381, 382, 383, 384, 385, 388, 389, 390, 391, 392, 393, 394, 395, 396, 398, 399, 400, 401, 404, 405, 406, 407, 408, 409, 410, 411, 412, 415, 416, 426, 428, 429, 430, 431, 432, 433, 435, 437, 438, 439, 440, 446, 451, 456, 461, 466], "excluded_lines": [], "functions": {"SecretRedactionFilter.__init__": {"executed_lines": [], "summary": {"covered_lines": 0, "num_statements": 5, "percent_covered": 0.0, "percent_covered_display": "0", "missing_lines": 5, "excluded_lines": 0}, "missing_lines": [68, 69, 70, 71, 72], "excluded_lines": []}, "SecretRedactionFilter._extract_secret_values": {"executed_lines": [], "summary": {"covered_lines": 0, "num_statements": 10, "percent_covered": 0.0, "percent_covered_display": "0", "missing_lines": 10, "excluded_lines": 0}, "missing_lines": [76, 77, 79, 80, 81, 82, 83, 84, 85, 87], "excluded_lines": []}, "SecretRedactionFilter.filter": {"executed_lines": [], "summary": {"covered_lines": 0, "num_statements": 10, "percent_covered": 0.0, "percent_covered_display": "0", "missing_lines": 10, "excluded_lines": 0}, "missing_lines": [91, 93, 95, 96, 97, 98, 99, 100, 101, 102], "excluded_lines": []}, "SecretRedactionFilter._redact_string": {"executed_lines": [], "summary": {"covered_lines": 0, "num_statements": 4, "percent_covered": 0.0, "percent_covered_display": "0", "missing_lines": 4, "excluded_lines": 0}, "missing_lines": [106, 107, 108, 109], "excluded_lines": []}, "Settings.__init__": {"executed_lines": [], "summary": {"covered_lines": 0, "num_statements": 8, "percent_covered": 0.0, "percent_covered_display": "0", "missing_lines": 8, "excluded_lines": 0}, "missing_lines": [125, 126, 127, 128, 129, 130, 132, 133], "excluded_lines": []}, "Settings.is_sens_delivery_enabled": {"executed_lines": [], "summary": {"covered_lines": 0, "num_statements": 1, "percent_covered": 0.0, "percent_covered_display": "0", "missing_lines": 1, "excluded_lines": 0}, "missing_lines": [137], "excluded_lines": []}, "Settings.is_comparison_mode_enabled": {"executed_lines": [], "summary": {"covered_lines": 0, "num_statements": 1, "percent_covered": 0.0, "percent_covered_display": "0", "missing_lines": 1, "excluded_lines": 0}, "missing_lines": [141], "excluded_lines": []}, "Settings._get_secrets_client": {"executed_lines": [], "summary": {"covered_lines": 0, "num_statements": 3, "percent_covered": 0.0, "percent_covered_display": "0", "missing_lines": 3, "excluded_lines": 0}, "missing_lines": [145, 146, 147], "excluded_lines": []}, "Settings._get_secret_value": {"executed_lines": [], "summary": {"covered_lines": 0, "num_statements": 30, "percent_covered": 0.0, "percent_covered_display": "0", "missing_lines": 30, "excluded_lines": 0}, "missing_lines": [167, 169, 170, 171, 172, 173, 174, 175, 176, 177, 178, 179, 183, 184, 188, 189, 195, 196, 197, 201, 203, 206, 207, 208, 209, 210, 211, 215, 217, 221], "excluded_lines": []}, "Settings.load_naver_credentials": {"executed_lines": [], "summary": {"covered_lines": 0, "num_statements": 6, "percent_covered": 0.0, "percent_covered_display": "0", "missing_lines": 6, "excluded_lines": 0}, "missing_lines": [236, 237, 239, 240, 241, 245], "excluded_lines": []}, "Settings.load_sens_credentials": {"executed_lines": [], "summary": {"covered_lines": 0, "num_statements": 7, "percent_covered": 0.0, "percent_covered_display": "0", "missing_lines": 7, "excluded_lines": 0}, "missing_lines": [258, 259, 261, 262, 263, 264, 268], "excluded_lines": []}, "Settings.load_telegram_credentials": {"executed_lines": [], "summary": {"covered_lines": 0, "num_statements": 6, "percent_covered": 0.0, "percent_covered_display": "0", "missing_lines": 6, "excluded_lines": 0}, "missing_lines": [281, 282, 284, 285, 286, 290], "excluded_lines": []}, "Settings.load_slack_webhook_url": {"executed_lines": [], "summary": {"covered_lines": 0, "num_statements": 21, "percent_covered": 0.0, "percent_covered_display": "0", "missing_lines": 21, "excluded_lines": 0}, "missing_lines": [309, 310, 313, 314, 315, 316, 317, 318, 319, 320, 321, 322, 325, 326, 327, 328, 329, 330, 331, 332, 334], "excluded_lines": []}, "Settings._load_from_local_file": {"executed_lines": [], "summary": {"covered_lines": 0, "num_statements": 7, "percent_covered": 0.0, "percent_covered_display": "0", "missing_lines": 7, "excluded_lines": 0}, "missing_lines": [350, 351, 352, 353, 354, 358, 359], "excluded_lines": []}, "Settings.load_rules": {"executed_lines": [], "summary": {"covered_lines": 0, "num_statements": 34, "percent_covered": 0.0, "percent_covered_display": "0", "missing_lines": 34, "excluded_lines": 0}, "missing_lines": [376, 377, 378, 379, 380, 381, 382, 383, 384, 385, 388, 389, 390, 391, 392, 393, 394, 395, 396, 398, 399, 400, 401, 404, 405, 406, 407, 408, 409, 410, 411, 412, 415, 416], "excluded_lines": []}, "Settings.setup_redaction_filter": {"executed_lines": [], "summary": {"covered_lines": 0, "num_statements": 12, "percent_covered": 0.0, "percent_covered_display": "0", "missing_lines": 12, "excluded_lines": 0}, "missing_lines": [426, 428, 429, 430, 431, 432, 433, 435, 437, 438, 439, 440], "excluded_lines": []}, "get_naver_credentials": {"executed_lines": [], "summary": {"covered_lines": 0, "num_statements": 1, "percent_covered": 0.0, "percent_covered_display": "0", "missing_lines": 1, "excluded_lines": 0}, "missing_lines": [446], "excluded_lines": []}, "get_sens_credentials": {"executed_lines": [], "summary": {"covered_lines": 0, "num_statements": 1, "percent_covered": 0.0, "percent_covered_display": "0", "missing_lines": 1, "excluded_lines": 0}, "missing_lines": [451], "excluded_lines": []}, "get_telegram_credentials": {"executed_lines": [], "summary": {"covered_lines": 0, "num_statements": 1, "percent_covered": 0.0, "percent_covered_display": "0", "missing_lines": 1, "excluded_lines": 0}, "missing_lines": [456], "excluded_lines": []}, "get_slack_webhook_url": {"executed_lines": [], "summary": {"covered_lines": 0, "num_statements": 1, "percent_covered": 0.0, "percent_covered_display": "0", "missing_lines": 1, "excluded_lines": 0}, "missing_lines": [461], "excluded_lines": []}, "setup_logging_redaction": {"executed_lines": [], "summary": {"covered_lines": 0, "num_statements": 1, "percent_covered": 0.0, "percent_covered_display": "0", "missing_lines": 1, "excluded_lines": 0}, "missing_lines": [466], "excluded_lines": []}, "": {"executed_lines": [1, 8, 9, 10, 11, 12, 14, 15, 16, 17, 19, 22, 23, 25, 30, 31, 32, 33, 36, 37, 41, 42, 43, 48, 52, 55, 56, 61, 74, 89, 104, 112, 113, 118, 135, 139, 143, 149, 150, 225, 226, 247, 248, 270, 271, 292, 293, 336, 337, 361, 418, 419, 444, 449, 454, 459, 464], "summary": {"covered_lines": 53, "num_statements": 53, "percent_covered": 100.0, "percent_covered_display": "100", "missing_lines": 0, "excluded_lines": 0}, "missing_lines": [], "excluded_lines": []}}, "classes": {"ConfigurationError": {"executed_lines": [], "summary": {"covered_lines": 0, "num_statements": 0, "percent_covered": 100.0, "percent_covered_display": "100", "missing_lines": 0, "excluded_lines": 0}, "missing_lines": [], "excluded_lines": []}, "SecretRedactionFilter": {"executed_lines": [], "summary": {"covered_lines": 0, "num_statements": 29, "percent_covered": 0.0, "percent_covered_display": "0", "missing_lines": 29, "excluded_lines": 0}, "missing_lines": [68, 69, 70, 71, 72, 76, 77, 79, 80, 81, 82, 83, 84, 85, 87, 91, 93, 95, 96, 97, 98, 99, 100, 101, 102, 106, 107, 108, 109], "excluded_lines": []}, "Settings": {"executed_lines": [], "summary": {"covered_lines": 0, "num_statements": 136, "percent_covered": 0.0, "percent_covered_display": "0", "missing_lines": 136, "excluded_lines": 0}, "missing_lines": [125, 126, 127, 128, 129, 130, 132, 133, 137, 141, 145, 146, 147, 167, 169, 170, 171, 172, 173, 174, 175, 176, 177, 178, 179, 183, 184, 188, 189, 195, 196, 197, 201, 203, 206, 207, 208, 209, 210, 211, 215, 217, 221, 236, 237, 239, 240, 241, 245, 258, 259, 261, 262, 263, 264, 268, 281, 282, 284, 285, 286, 290, 309, 310, 313, 314, 315, 316, 317, 318, 319, 320, 321, 322, 325, 326, 327, 328, 329, 330, 331, 332, 334, 350, 351, 352, 353, 354, 358, 359, 376, 377, 378, 379, 380, 381, 382, 383, 384, 385, 388, 389, 390, 391, 392, 393, 394, 395, 396, 398, 399, 400, 401, 404, 405, 406, 407, 408, 409, 410, 411, 412, 415, 416, 426, 428, 429, 430, 431, 432, 433, 435, 437, 438, 439, 440], "excluded_lines": []}, "": {"executed_lines": [1, 8, 9, 10, 11, 12, 14, 15, 16, 17, 19, 22, 23, 25, 30, 31, 32, 33, 36, 37, 41, 42, 43, 48, 52, 55, 56, 61, 74, 89, 104, 112, 113, 118, 135, 139, 143, 149, 150, 225, 226, 247, 248, 270, 271, 292, 293, 336, 337, 361, 418, 419, 444, 449, 454, 459, 464], "summary": {"covered_lines": 53, "num_statements": 58, "percent_covered": 91.37931034482759, "percent_covered_display": "91", "missing_lines": 5, "excluded_lines": 0}, "missing_lines": [446, 451, 456, 461, 466], "excluded_lines": []}}}, "src/database/__init__.py": {"executed_lines": [], "summary": {"covered_lines": 0, "num_statements": 3, "percent_covered": 0.0, "percent_covered_display": "0", "missing_lines": 3, "excluded_lines": 0}, "missing_lines": [3, 4, 12], "excluded_lines": [], "functions": {"": {"executed_lines": [], "summary": {"covered_lines": 0, "num_statements": 3, "percent_covered": 0.0, "percent_covered_display": "0", "missing_lines": 3, "excluded_lines": 0}, "missing_lines": [3, 4, 12], "excluded_lines": []}}, "classes": {"": {"executed_lines": [], "summary": {"covered_lines": 0, "num_statements": 3, "percent_covered": 0.0, "percent_covered_display": "0", "missing_lines": 3, "excluded_lines": 0}, "missing_lines": [3, 4, 12], "excluded_lines": []}}}, "src/database/dynamodb_client.py": {"executed_lines": [], "summary": {"covered_lines": 0, "num_statements": 218, "percent_covered": 0.0, "percent_covered_display": "0", "missing_lines": 218, "excluded_lines": 0}, "missing_lines": [8, 9, 10, 12, 13, 15, 16, 17, 18, 26, 29, 42, 58, 59, 60, 61, 62, 64, 85, 87, 89, 90, 91, 92, 93, 95, 97, 98, 103, 105, 113, 115, 116, 118, 119, 120, 121, 127, 128, 130, 136, 140, 141, 147, 150, 156, 158, 159, 165, 167, 194, 195, 196, 197, 199, 204, 206, 207, 208, 209, 210, 212, 218, 220, 221, 223, 224, 225, 226, 232, 233, 235, 239, 240, 243, 249, 251, 252, 258, 260, 288, 289, 290, 295, 302, 304, 305, 306, 307, 312, 314, 320, 322, 323, 325, 326, 327, 328, 334, 335, 337, 341, 342, 345, 351, 353, 354, 360, 362, 380, 385, 386, 389, 395, 396, 398, 404, 405, 408, 409, 410, 411, 413, 414, 415, 418, 419, 420, 422, 429, 430, 434, 438, 443, 444, 450, 452, 453, 458, 460, 461, 466, 469, 480, 494, 495, 496, 497, 498, 500, 514, 516, 518, 519, 520, 521, 523, 525, 526, 531, 533, 535, 542, 544, 545, 547, 548, 554, 557, 563, 565, 566, 572, 574, 592, 594, 596, 597, 598, 599, 605, 607, 613, 615, 616, 618, 619, 620, 621, 627, 628, 630, 634, 635, 638, 644, 646, 647, 653, 655, 669, 671, 673, 674, 675, 676, 678, 684, 686, 687, 689, 690, 696, 699, 705, 707, 708, 714], "excluded_lines": [], "functions": {"BookingRepository.__init__": {"executed_lines": [], "summary": {"covered_lines": 0, "num_statements": 5, "percent_covered": 0.0, "percent_covered_display": "0", "missing_lines": 5, "excluded_lines": 0}, "missing_lines": [58, 59, 60, 61, 62], "excluded_lines": []}, "BookingRepository.get_booking": {"executed_lines": [], "summary": {"covered_lines": 0, "num_statements": 31, "percent_covered": 0.0, "percent_covered_display": "0", "missing_lines": 31, "excluded_lines": 0}, "missing_lines": [85, 87, 89, 90, 91, 92, 93, 95, 97, 98, 103, 105, 113, 115, 116, 118, 119, 120, 121, 127, 128, 130, 136, 140, 141, 147, 150, 156, 158, 159, 165], "excluded_lines": []}, "BookingRepository.create_booking": {"executed_lines": [], "summary": {"covered_lines": 0, "num_statements": 29, "percent_covered": 0.0, "percent_covered_display": "0", "missing_lines": 29, "excluded_lines": 0}, "missing_lines": [194, 195, 196, 197, 199, 204, 206, 207, 208, 209, 210, 212, 218, 220, 221, 223, 224, 225, 226, 232, 233, 235, 239, 240, 243, 249, 251, 252, 258], "excluded_lines": []}, "BookingRepository.update_flag": {"executed_lines": [], "summary": {"covered_lines": 0, "num_statements": 28, "percent_covered": 0.0, "percent_covered_display": "0", "missing_lines": 28, "excluded_lines": 0}, "missing_lines": [288, 289, 290, 295, 302, 304, 305, 306, 307, 312, 314, 320, 322, 323, 325, 326, 327, 328, 334, 335, 337, 341, 342, 345, 351, 353, 354, 360], "excluded_lines": []}, "BookingRepository.scan_unnotified_options": {"executed_lines": [], "summary": {"covered_lines": 0, "num_statements": 33, "percent_covered": 0.0, "percent_covered_display": "0", "missing_lines": 33, "excluded_lines": 0}, "missing_lines": [380, 385, 386, 389, 395, 396, 398, 404, 405, 408, 409, 410, 411, 413, 414, 415, 418, 419, 420, 422, 429, 430, 434, 438, 443, 444, 450, 452, 453, 458, 460, 461, 466], "excluded_lines": []}, "SessionRepository.__init__": {"executed_lines": [], "summary": {"covered_lines": 0, "num_statements": 5, "percent_covered": 0.0, "percent_covered_display": "0", "missing_lines": 5, "excluded_lines": 0}, "missing_lines": [494, 495, 496, 497, 498], "excluded_lines": []}, "SessionRepository.get_session": {"executed_lines": [], "summary": {"covered_lines": 0, "num_statements": 23, "percent_covered": 0.0, "percent_covered_display": "0", "missing_lines": 23, "excluded_lines": 0}, "missing_lines": [514, 516, 518, 519, 520, 521, 523, 525, 526, 531, 533, 535, 542, 544, 545, 547, 548, 554, 557, 563, 565, 566, 572], "excluded_lines": []}, "SessionRepository.save_session": {"executed_lines": [], "summary": {"covered_lines": 0, "num_statements": 25, "percent_covered": 0.0, "percent_covered_display": "0", "missing_lines": 25, "excluded_lines": 0}, "missing_lines": [592, 594, 596, 597, 598, 599, 605, 607, 613, 615, 616, 618, 619, 620, 621, 627, 628, 630, 634, 635, 638, 644, 646, 647, 653], "excluded_lines": []}, "SessionRepository.delete_session": {"executed_lines": [], "summary": {"covered_lines": 0, "num_statements": 18, "percent_covered": 0.0, "percent_covered_display": "0", "missing_lines": 18, "excluded_lines": 0}, "missing_lines": [669, 671, 673, 674, 675, 676, 678, 684, 686, 687, 689, 690, 696, 699, 705, 707, 708, 714], "excluded_lines": []}, "": {"executed_lines": [], "summary": {"covered_lines": 0, "num_statements": 21, "percent_covered": 0.0, "percent_covered_display": "0", "missing_lines": 21, "excluded_lines": 0}, "missing_lines": [8, 9, 10, 12, 13, 15, 16, 17, 18, 26, 29, 42, 64, 167, 260, 362, 469, 480, 500, 574, 655], "excluded_lines": []}}, "classes": {"BookingRepository": {"executed_lines": [], "summary": {"covered_lines": 0, "num_statements": 126, "percent_covered": 0.0, "percent_covered_display": "0", "missing_lines": 126, "excluded_lines": 0}, "missing_lines": [58, 59, 60, 61, 62, 85, 87, 89, 90, 91, 92, 93, 95, 97, 98, 103, 105, 113, 115, 116, 118, 119, 120, 121, 127, 128, 130, 136, 140, 141, 147, 150, 156, 158, 159, 165, 194, 195, 196, 197, 199, 204, 206, 207, 208, 209, 210, 212, 218, 220, 221, 223, 224, 225, 226, 232, 233, 235, 239, 240, 243, 249, 251, 252, 258, 288, 289, 290, 295, 302, 304, 305, 306, 307, 312, 314, 320, 322, 323, 325, 326, 327, 328, 334, 335, 337, 341, 342, 345, 351, 353, 354, 360, 380, 385, 386, 389, 395, 396, 398, 404, 405, 408, 409, 410, 411, 413, 414, 415, 418, 419, 420, 422, 429, 430, 434, 438, 443, 444, 450, 452, 453, 458, 460, 461, 466], "excluded_lines": []}, "SessionRepository": {"executed_lines": [], "summary": {"covered_lines": 0, "num_statements": 71, "percent_covered": 0.0, "percent_covered_display": "0", "missing_lines": 71, "excluded_lines": 0}, "missing_lines": [494, 495, 496, 497, 498, 514, 516, 518, 519, 520, 521, 523, 525, 526, 531, 533, 535, 542, 544, 545, 547, 548, 554, 557, 563, 565, 566, 572, 592, 594, 596, 597, 598, 599, 605, 607, 613, 615, 616, 618, 619, 620, 621, 627, 628, 630, 634, 635, 638, 644, 646, 647, 653, 669, 671, 673, 674, 675, 676, 678, 684, 686, 687, 689, 690, 696, 699, 705, 707, 708, 714], "excluded_lines": []}, "": {"executed_lines": [], "summary": {"covered_lines": 0, "num_statements": 21, "percent_covered": 0.0, "percent_covered_display": "0", "missing_lines": 21, "excluded_lines": 0}, "missing_lines": [8, 9, 10, 12, 13, 15, 16, 17, 18, 26, 29, 42, 64, 167, 260, 362, 469, 480, 500, 574, 655], "excluded_lines": []}}}, "src/database/exceptions.py": {"executed_lines": [], "summary": {"covered_lines": 0, "num_statements": 10, "percent_covered": 0.0, "percent_covered_display": "0", "missing_lines": 10, "excluded_lines": 0}, "missing_lines": [9, 16, 19, 27, 30, 38, 41, 48, 51, 58], "excluded_lines": [], "functions": {"": {"executed_lines": [], "summary": {"covered_lines": 0, "num_statements": 10, "percent_covered": 0.0, "percent_covered_display": "0", "missing_lines": 10, "excluded_lines": 0}, "missing_lines": [9, 16, 19, 27, 30, 38, 41, 48, 51, 58], "excluded_lines": []}}, "classes": {"DynamoDBException": {"executed_lines": [], "summary": {"covered_lines": 0, "num_statements": 0, "percent_covered": 100.0, "percent_covered_display": "100", "missing_lines": 0, "excluded_lines": 0}, "missing_lines": [], "excluded_lines": []}, "NotFoundError": {"executed_lines": [], "summary": {"covered_lines": 0, "num_statements": 0, "percent_covered": 100.0, "percent_covered_display": "100", "missing_lines": 0, "excluded_lines": 0}, "missing_lines": [], "excluded_lines": []}, "ThrottlingError": {"executed_lines": [], "summary": {"covered_lines": 0, "num_statements": 0, "percent_covered": 100.0, "percent_covered_display": "100", "missing_lines": 0, "excluded_lines": 0}, "missing_lines": [], "excluded_lines": []}, "NetworkError": {"executed_lines": [], "summary": {"covered_lines": 0, "num_statements": 0, "percent_covered": 100.0, "percent_covered_display": "100", "missing_lines": 0, "excluded_lines": 0}, "missing_lines": [], "excluded_lines": []}, "PermissionError": {"executed_lines": [], "summary": {"covered_lines": 0, "num_statements": 0, "percent_covered": 100.0, "percent_covered_display": "100", "missing_lines": 0, "excluded_lines": 0}, "missing_lines": [], "excluded_lines": []}, "": {"executed_lines": [], "summary": {"covered_lines": 0, "num_statements": 10, "percent_covered": 0.0, "percent_covered_display": "0", "missing_lines": 10, "excluded_lines": 0}, "missing_lines": [9, 16, 19, 27, 30, 38, 41, 48, 51, 58], "excluded_lines": []}}}, "src/domain/__init__.py": {"executed_lines": [], "summary": {"covered_lines": 0, "num_statements": 3, "percent_covered": 0.0, "percent_covered_display": "0", "missing_lines": 3, "excluded_lines": 0}, "missing_lines": [3, 4, 6], "excluded_lines": [], "functions": {"": {"executed_lines": [], "summary": {"covered_lines": 0, "num_statements": 3, "percent_covered": 0.0, "percent_covered_display": "0", "missing_lines": 3, "excluded_lines": 0}, "missing_lines": [3, 4, 6], "excluded_lines": []}}, "classes": {"": {"executed_lines": [], "summary": {"covered_lines": 0, "num_statements": 3, "percent_covered": 0.0, "percent_covered_display": "0", "missing_lines": 3, "excluded_lines": 0}, "missing_lines": [3, 4, 6], "excluded_lines": []}}}, "src/domain/booking.py": {"executed_lines": [], "summary": {"covered_lines": 0, "num_statements": 55, "percent_covered": 0.0, "percent_covered_display": "0", "missing_lines": 55, "excluded_lines": 0}, "missing_lines": [8, 9, 10, 13, 14, 49, 50, 51, 52, 53, 54, 55, 56, 57, 58, 59, 60, 61, 62, 63, 64, 65, 66, 67, 68, 70, 71, 85, 108, 111, 113, 115, 125, 126, 127, 130, 131, 133, 135, 150, 151, 154, 156, 165, 187, 188, 191, 193, 194, 203, 204, 207, 209, 210, 213], "excluded_lines": [], "functions": {"Booking.from_dict": {"executed_lines": [], "summary": {"covered_lines": 0, "num_statements": 4, "percent_covered": 0.0, "percent_covered_display": "0", "missing_lines": 4, "excluded_lines": 0}, "missing_lines": [85, 108, 111, 113], "excluded_lines": []}, "Booking.to_dict": {"executed_lines": [], "summary": {"covered_lines": 0, "num_statements": 6, "percent_covered": 0.0, "percent_covered_display": "0", "missing_lines": 6, "excluded_lines": 0}, "missing_lines": [125, 126, 127, 130, 131, 133], "excluded_lines": []}, "Booking.get_field": {"executed_lines": [], "summary": {"covered_lines": 0, "num_statements": 3, "percent_covered": 0.0, "percent_covered_display": "0", "missing_lines": 3, "excluded_lines": 0}, "missing_lines": [150, 151, 154], "excluded_lines": []}, "Booking.set_field": {"executed_lines": [], "summary": {"covered_lines": 0, "num_statements": 4, "percent_covered": 0.0, "percent_covered_display": "0", "missing_lines": 4, "excluded_lines": 0}, "missing_lines": [165, 187, 188, 191], "excluded_lines": []}, "Booking.phone_masked": {"executed_lines": [], "summary": {"covered_lines": 0, "num_statements": 6, "percent_covered": 0.0, "percent_covered_display": "0", "missing_lines": 6, "excluded_lines": 0}, "missing_lines": [203, 204, 207, 209, 210, 213], "excluded_lines": []}, "": {"executed_lines": [], "summary": {"covered_lines": 0, "num_statements": 32, "percent_covered": 0.0, "percent_covered_display": "0", "missing_lines": 32, "excluded_lines": 0}, "missing_lines": [8, 9, 10, 13, 14, 49, 50, 51, 52, 53, 54, 55, 56, 57, 58, 59, 60, 61, 62, 63, 64, 65, 66, 67, 68, 70, 71, 115, 135, 156, 193, 194], "excluded_lines": []}}, "classes": {"Booking": {"executed_lines": [], "summary": {"covered_lines": 0, "num_statements": 23, "percent_covered": 0.0, "percent_covered_display": "0", "missing_lines": 23, "excluded_lines": 0}, "missing_lines": [85, 108, 111, 113, 125, 126, 127, 130, 131, 133, 150, 151, 154, 165, 187, 188, 191, 203, 204, 207, 209, 210, 213], "excluded_lines": []}, "": {"executed_lines": [], "summary": {"covered_lines": 0, "num_statements": 32, "percent_covered": 0.0, "percent_covered_display": "0", "missing_lines": 32, "excluded_lines": 0}, "missing_lines": [8, 9, 10, 13, 14, 49, 50, 51, 52, 53, 54, 55, 56, 57, 58, 59, 60, 61, 62, 63, 64, 65, 66, 67, 68, 70, 71, 115, 135, 156, 193, 194], "excluded_lines": []}}}, "src/domain/session.py": {"executed_lines": [], "summary": {"covered_lines": 0, "num_statements": 27, "percent_covered": 0.0, "percent_covered_display": "0", "missing_lines": 27, "excluded_lines": 0}, "missing_lines": [8, 9, 10, 13, 14, 28, 29, 31, 32, 42, 44, 45, 55, 56, 58, 65, 67, 82, 83, 84, 85, 87, 94, 95, 96, 97, 98], "excluded_lines": [], "functions": {"Session.from_dict": {"executed_lines": [], "summary": {"covered_lines": 0, "num_statements": 1, "percent_covered": 0.0, "percent_covered_display": "0", "missing_lines": 1, "excluded_lines": 0}, "missing_lines": [42], "excluded_lines": []}, "Session.from_cookies_list": {"executed_lines": [], "summary": {"covered_lines": 0, "num_statements": 2, "percent_covered": 0.0, "percent_covered_display": "0", "missing_lines": 2, "excluded_lines": 0}, "missing_lines": [55, 56], "excluded_lines": []}, "Session.to_dict": {"executed_lines": [], "summary": {"covered_lines": 0, "num_statements": 1, "percent_covered": 0.0, "percent_covered_display": "0", "missing_lines": 1, "excluded_lines": 0}, "missing_lines": [65], "excluded_lines": []}, "Session.get_cookies_list": {"executed_lines": [], "summary": {"covered_lines": 0, "num_statements": 4, "percent_covered": 0.0, "percent_covered_display": "0", "missing_lines": 4, "excluded_lines": 0}, "missing_lines": [82, 83, 84, 85], "excluded_lines": []}, "Session.is_empty": {"executed_lines": [], "summary": {"covered_lines": 0, "num_statements": 5, "percent_covered": 0.0, "percent_covered_display": "0", "missing_lines": 5, "excluded_lines": 0}, "missing_lines": [94, 95, 96, 97, 98], "excluded_lines": []}, "": {"executed_lines": [], "summary": {"covered_lines": 0, "num_statements": 14, "percent_covered": 0.0, "percent_covered_display": "0", "missing_lines": 14, "excluded_lines": 0}, "missing_lines": [8, 9, 10, 13, 14, 28, 29, 31, 32, 44, 45, 58, 67, 87], "excluded_lines": []}}, "classes": {"Session": {"executed_lines": [], "summary": {"covered_lines": 0, "num_statements": 13, "percent_covered": 0.0, "percent_covered_display": "0", "missing_lines": 13, "excluded_lines": 0}, "missing_lines": [42, 55, 56, 65, 82, 83, 84, 85, 94, 95, 96, 97, 98], "excluded_lines": []}, "": {"executed_lines": [], "summary": {"covered_lines": 0, "num_statements": 14, "percent_covered": 0.0, "percent_covered_display": "0", "missing_lines": 14, "excluded_lines": 0}, "missing_lines": [8, 9, 10, 13, 14, 28, 29, 31, 32, 44, 45, 58, 67, 87], "excluded_lines": []}}}, "src/main.py": {"executed_lines": [], "summary": {"covered_lines": 0, "num_statements": 209, "percent_covered": 0.0, "percent_covered_display": "0", "missing_lines": 209, "excluded_lines": 0}, "missing_lines": [8, 9, 10, 11, 12, 13, 15, 16, 18, 19, 20, 21, 22, 23, 24, 25, 26, 27, 28, 29, 31, 34, 37, 61, 62, 63, 66, 67, 68, 71, 72, 73, 74, 76, 77, 82, 83, 85, 87, 93, 94, 95, 97, 102, 107, 108, 111, 112, 115, 116, 122, 123, 126, 129, 130, 137, 138, 139, 141, 142, 143, 144, 145, 148, 149, 151, 154, 155, 156, 157, 159, 168, 170, 175, 179, 188, 189, 190, 193, 194, 199, 216, 218, 222, 225, 226, 227, 228, 229, 230, 232, 244, 254, 256, 257, 258, 260, 268, 271, 278, 279, 280, 282, 284, 285, 286, 287, 288, 289, 290, 292, 293, 295, 297, 300, 304, 305, 307, 308, 309, 310, 311, 314, 323, 324, 325, 327, 328, 329, 331, 333, 335, 336, 337, 338, 340, 341, 342, 343, 344, 346, 347, 348, 351, 352, 353, 354, 356, 365, 368, 388, 389, 392, 400, 401, 403, 404, 409, 412, 422, 430, 431, 434, 435, 437, 438, 439, 440, 441, 443, 445, 446, 447, 449, 452, 465, 466, 469, 480, 481, 483, 484, 485, 486, 487, 488, 489, 492, 502, 503, 505, 511, 512, 514, 515, 516, 517, 518, 519, 522, 523, 529, 530, 531, 532, 533, 535, 539, 540], "excluded_lines": [], "functions": {"lambda_handler": {"executed_lines": [], "summary": {"covered_lines": 0, "num_statements": 68, "percent_covered": 0.0, "percent_covered_display": "0", "missing_lines": 68, "excluded_lines": 0}, "missing_lines": [61, 62, 63, 66, 67, 68, 71, 72, 73, 74, 76, 77, 82, 83, 85, 87, 93, 94, 95, 97, 102, 107, 108, 111, 112, 115, 116, 122, 123, 126, 129, 130, 137, 138, 139, 141, 142, 143, 144, 145, 148, 149, 151, 154, 155, 156, 157, 159, 168, 170, 175, 179, 188, 189, 190, 193, 194, 199, 216, 218, 222, 225, 226, 227, 228, 229, 230, 232], "excluded_lines": []}, "_build_expert_correction_roster": {"executed_lines": [], "summary": {"covered_lines": 0, "num_statements": 6, "percent_covered": 0.0, "percent_covered_display": "0", "missing_lines": 6, "excluded_lines": 0}, "missing_lines": [254, 256, 257, 258, 260, 268], "excluded_lines": []}, "_get_holiday_event_rule_window": {"executed_lines": [], "summary": {"covered_lines": 0, "num_statements": 15, "percent_covered": 0.0, "percent_covered_display": "0", "missing_lines": 15, "excluded_lines": 0}, "missing_lines": [278, 279, 280, 282, 284, 285, 286, 287, 288, 289, 290, 292, 293, 295, 297], "excluded_lines": []}, "_parse_rule_date": {"executed_lines": [], "summary": {"covered_lines": 0, "num_statements": 7, "percent_covered": 0.0, "percent_covered_display": "0", "missing_lines": 7, "excluded_lines": 0}, "missing_lines": [304, 305, 307, 308, 309, 310, 311], "excluded_lines": []}, "_build_holiday_event_roster": {"executed_lines": [], "summary": {"covered_lines": 0, "num_statements": 26, "percent_covered": 0.0, "percent_covered_display": "0", "missing_lines": 26, "excluded_lines": 0}, "missing_lines": [323, 324, 325, 327, 328, 329, 331, 333, 335, 336, 337, 338, 340, 341, 342, 343, 344, 346, 347, 348, 351, 352, 353, 354, 356, 365], "excluded_lines": []}, "process_all_bookings": {"executed_lines": [], "summary": {"covered_lines": 0, "num_statements": 24, "percent_covered": 0.0, "percent_covered_display": "0", "missing_lines": 24, "excluded_lines": 0}, "missing_lines": [388, 389, 392, 400, 401, 403, 404, 409, 412, 422, 430, 431, 434, 435, 437, 438, 439, 440, 441, 443, 445, 446, 447, 449], "excluded_lines": []}, "send_telegram_summary": {"executed_lines": [], "summary": {"covered_lines": 0, "num_statements": 12, "percent_covered": 0.0, "percent_covered_display": "0", "missing_lines": 12, "excluded_lines": 0}, "missing_lines": [465, 466, 469, 480, 481, 483, 484, 485, 486, 487, 488, 489], "excluded_lines": []}, "notify_telegram_error": {"executed_lines": [], "summary": {"covered_lines": 0, "num_statements": 11, "percent_covered": 0.0, "percent_covered_display": "0", "missing_lines": 11, "excluded_lines": 0}, "missing_lines": [502, 503, 505, 511, 512, 514, 515, 516, 517, 518, 519], "excluded_lines": []}, "MockContext.__init__": {"executed_lines": [], "summary": {"covered_lines": 0, "num_statements": 3, "percent_covered": 0.0, "percent_covered_display": "0", "missing_lines": 3, "excluded_lines": 0}, "missing_lines": [531, 532, 533], "excluded_lines": []}, "": {"executed_lines": [], "summary": {"covered_lines": 0, "num_statements": 37, "percent_covered": 0.0, "percent_covered_display": "0", "missing_lines": 37, "excluded_lines": 0}, "missing_lines": [8, 9, 10, 11, 12, 13, 15, 16, 18, 19, 20, 21, 22, 23, 24, 25, 26, 27, 28, 29, 31, 34, 37, 244, 271, 300, 314, 368, 452, 492, 522, 523, 529, 530, 535, 539, 540], "excluded_lines": []}}, "classes": {"MockContext": {"executed_lines": [], "summary": {"covered_lines": 0, "num_statements": 3, "percent_covered": 0.0, "percent_covered_display": "0", "missing_lines": 3, "excluded_lines": 0}, "missing_lines": [531, 532, 533], "excluded_lines": []}, "": {"executed_lines": [], "summary": {"covered_lines": 0, "num_statements": 206, "percent_covered": 0.0, "percent_covered_display": "0", "missing_lines": 206, "excluded_lines": 0}, "missing_lines": [8, 9, 10, 11, 12, 13, 15, 16, 18, 19, 20, 21, 22, 23, 24, 25, 26, 27, 28, 29, 31, 34, 37, 61, 62, 63, 66, 67, 68, 71, 72, 73, 74, 76, 77, 82, 83, 85, 87, 93, 94, 95, 97, 102, 107, 108, 111, 112, 115, 116, 122, 123, 126, 129, 130, 137, 138, 139, 141, 142, 143, 144, 145, 148, 149, 151, 154, 155, 156, 157, 159, 168, 170, 175, 179, 188, 189, 190, 193, 194, 199, 216, 218, 222, 225, 226, 227, 228, 229, 230, 232, 244, 254, 256, 257, 258, 260, 268, 271, 278, 279, 280, 282, 284, 285, 286, 287, 288, 289, 290, 292, 293, 295, 297, 300, 304, 305, 307, 308, 309, 310, 311, 314, 323, 324, 325, 327, 328, 329, 331, 333, 335, 336, 337, 338, 340, 341, 342, 343, 344, 346, 347, 348, 351, 352, 353, 354, 356, 365, 368, 388, 389, 392, 400, 401, 403, 404, 409, 412, 422, 430, 431, 434, 435, 437, 438, 439, 440, 441, 443, 445, 446, 447, 449, 452, 465, 466, 469, 480, 481, 483, 484, 485, 486, 487, 488, 489, 492, 502, 503, 505, 511, 512, 514, 515, 516, 517, 518, 519, 522, 523, 529, 530, 535, 539, 540], "excluded_lines": []}}}, "src/monitoring/__init__.py": {"executed_lines": [1, 3, 15], "summary": {"covered_lines": 2, "num_statements": 2, "percent_covered": 100.0, "percent_covered_display": "100", "missing_lines": 0, "excluded_lines": 0}, "missing_lines": [], "excluded_lines": [], "functions": {"": {"executed_lines": [1, 3, 15], "summary": {"covered_lines": 2, "num_statements": 2, "percent_covered": 100.0, "percent_covered_display": "100", "missing_lines": 0, "excluded_lines": 0}, "missing_lines": [], "excluded_lines": []}}, "classes": {"": {"executed_lines": [1, 3, 15], "summary": {"covered_lines": 2, "num_statements": 2, "percent_covered": 100.0, "percent_covered_display": "100", "missing_lines": 0, "excluded_lines": 0}, "missing_lines": [], "excluded_lines": []}}}, "src/monitoring/comparison.py": {"executed_lines": [1, 13, 14, 15, 16, 17, 18, 20, 23, 28, 29, 31, 32, 33, 34, 37, 38, 39, 41, 42, 43, 44, 45, 46, 47, 48, 49, 50, 51, 53, 58, 59, 60, 62, 63, 64, 65, 66, 67, 68, 69, 70, 72, 77, 78, 79, 81, 82, 83, 84, 85, 86, 87, 88, 89, 90, 92, 97, 98, 99, 101, 102, 103, 104, 105, 106, 107, 108, 109, 110, 111, 112, 113, 114, 116, 132, 143, 144, 154, 156, 163, 164, 165, 167, 254, 274, 275, 277, 321, 322, 329, 330, 338, 350, 375, 398, 422, 453, 491], "summary": {"covered_lines": 91, "num_statements": 157, "percent_covered": 57.961783439490446, "percent_covered_display": "58", "missing_lines": 66, "excluded_lines": 0}, "missing_lines": [25, 55, 74, 94, 118, 121, 122, 124, 130, 134, 136, 137, 138, 139, 140, 184, 185, 186, 188, 240, 241, 242, 243, 245, 250, 251, 324, 325, 346, 347, 348, 359, 373, 384, 396, 407, 420, 431, 432, 450, 466, 467, 470, 471, 472, 474, 475, 476, 477, 478, 481, 482, 483, 485, 488, 504, 505, 507, 508, 510, 511, 512, 513, 514, 516, 517], "excluded_lines": [], "functions": {"_get_iso_timestamp": {"executed_lines": [], "summary": {"covered_lines": 0, "num_statements": 1, "percent_covered": 0.0, "percent_covered_display": "0", "missing_lines": 1, "excluded_lines": 0}, "missing_lines": [25], "excluded_lines": []}, "SMSComparison.to_dict": {"executed_lines": [], "summary": {"covered_lines": 0, "num_statements": 1, "percent_covered": 0.0, "percent_covered_display": "0", "missing_lines": 1, "excluded_lines": 0}, "missing_lines": [55], "excluded_lines": []}, "DatabaseOperationComparison.to_dict": {"executed_lines": [], "summary": {"covered_lines": 0, "num_statements": 1, "percent_covered": 0.0, "percent_covered_display": "0", "missing_lines": 1, "excluded_lines": 0}, "missing_lines": [74], "excluded_lines": []}, "TelegramEventComparison.to_dict": {"executed_lines": [], "summary": {"covered_lines": 0, "num_statements": 1, "percent_covered": 0.0, "percent_covered_display": "0", "missing_lines": 1, "excluded_lines": 0}, "missing_lines": [94], "excluded_lines": []}, "ComparisonSummary.calculate_match_percentage": {"executed_lines": [], "summary": {"covered_lines": 0, "num_statements": 5, "percent_covered": 0.0, "percent_covered_display": "0", "missing_lines": 5, "excluded_lines": 0}, "missing_lines": [118, 121, 122, 124, 130], "excluded_lines": []}, "ComparisonSummary.to_dict": {"executed_lines": [], "summary": {"covered_lines": 0, "num_statements": 6, "percent_covered": 0.0, "percent_covered_display": "0", "missing_lines": 6, "excluded_lines": 0}, "missing_lines": [134, 136, 137, 138, 139, 140], "excluded_lines": []}, "ComparisonMetricsPublisher.__init__": {"executed_lines": [163, 164, 165], "summary": {"covered_lines": 3, "num_statements": 3, "percent_covered": 100.0, "percent_covered_display": "100", "missing_lines": 0, "excluded_lines": 0}, "missing_lines": [], "excluded_lines": []}, "ComparisonMetricsPublisher.publish_comparison_summary": {"executed_lines": [], "summary": {"covered_lines": 0, "num_statements": 11, "percent_covered": 0.0, "percent_covered_display": "0", "missing_lines": 11, "excluded_lines": 0}, "missing_lines": [184, 185, 186, 188, 240, 241, 242, 243, 245, 250, 251], "excluded_lines": []}, "ComparisonMetricsPublisher.publish_metrics": {"executed_lines": [274, 275, 277, 321, 322], "summary": {"covered_lines": 5, "num_statements": 7, "percent_covered": 71.42857142857143, "percent_covered_display": "71", "missing_lines": 2, "excluded_lines": 0}, "missing_lines": [324, 325], "excluded_lines": []}, "ComparisonLogger.__init__": {"executed_lines": [], "summary": {"covered_lines": 0, "num_statements": 3, "percent_covered": 0.0, "percent_covered_display": "0", "missing_lines": 3, "excluded_lines": 0}, "missing_lines": [346, 347, 348], "excluded_lines": []}, "ComparisonLogger.log_sms_comparison": {"executed_lines": [], "summary": {"covered_lines": 0, "num_statements": 2, "percent_covered": 0.0, "percent_covered_display": "0", "missing_lines": 2, "excluded_lines": 0}, "missing_lines": [359, 373], "excluded_lines": []}, "ComparisonLogger.log_db_operation_comparison": {"executed_lines": [], "summary": {"covered_lines": 0, "num_statements": 2, "percent_covered": 0.0, "percent_covered_display": "0", "missing_lines": 2, "excluded_lines": 0}, "missing_lines": [384, 396], "excluded_lines": []}, "ComparisonLogger.log_telegram_event_comparison": {"executed_lines": [], "summary": {"covered_lines": 0, "num_statements": 2, "percent_covered": 0.0, "percent_covered_display": "0", "missing_lines": 2, "excluded_lines": 0}, "missing_lines": [407, 420], "excluded_lines": []}, "ComparisonLogger.log_summary": {"executed_lines": [], "summary": {"covered_lines": 0, "num_statements": 3, "percent_covered": 0.0, "percent_covered_display": "0", "missing_lines": 3, "excluded_lines": 0}, "missing_lines": [431, 432, 450], "excluded_lines": []}, "compare_sms_payloads": {"executed_lines": [], "summary": {"covered_lines": 0, "num_statements": 15, "percent_covered": 0.0, "percent_covered_display": "0", "missing_lines": 15, "excluded_lines": 0}, "missing_lines": [466, 467, 470, 471, 472, 474, 475, 476, 477, 478, 481, 482, 483, 485, 488], "excluded_lines": []}, "compare_db_records": {"executed_lines": [], "summary": {"covered_lines": 0, "num_statements": 11, "percent_covered": 0.0, "percent_covered_display": "0", "missing_lines": 11, "excluded_lines": 0}, "missing_lines": [504, 505, 507, 508, 510, 511, 512, 513, 514, 516, 517], "excluded_lines": []}, "": {"executed_lines": [1, 13, 14, 15, 16, 17, 18, 20, 23, 28, 29, 31, 32, 33, 34, 37, 38, 39, 41, 42, 43, 44, 45, 46, 47, 48, 49, 50, 51, 53, 58, 59, 60, 62, 63, 64, 65, 66, 67, 68, 69, 70, 72, 77, 78, 79, 81, 82, 83, 84, 85, 86, 87, 88, 89, 90, 92, 97, 98, 99, 101, 102, 103, 104, 105, 106, 107, 108, 109, 110, 111, 112, 113, 114, 116, 132, 143, 144, 154, 156, 167, 254, 329, 330, 338, 350, 375, 398, 422, 453, 491], "summary": {"covered_lines": 83, "num_statements": 83, "percent_covered": 100.0, "percent_covered_display": "100", "missing_lines": 0, "excluded_lines": 0}, "missing_lines": [], "excluded_lines": []}}, "classes": {"ComparisonStatus": {"executed_lines": [], "summary": {"covered_lines": 0, "num_statements": 0, "percent_covered": 100.0, "percent_covered_display": "100", "missing_lines": 0, "excluded_lines": 0}, "missing_lines": [], "excluded_lines": []}, "SMSComparison": {"executed_lines": [], "summary": {"covered_lines": 0, "num_statements": 1, "percent_covered": 0.0, "percent_covered_display": "0", "missing_lines": 1, "excluded_lines": 0}, "missing_lines": [55], "excluded_lines": []}, "DatabaseOperationComparison": {"executed_lines": [], "summary": {"covered_lines": 0, "num_statements": 1, "percent_covered": 0.0, "percent_covered_display": "0", "missing_lines": 1, "excluded_lines": 0}, "missing_lines": [74], "excluded_lines": []}, "TelegramEventComparison": {"executed_lines": [], "summary": {"covered_lines": 0, "num_statements": 1, "percent_covered": 0.0, "percent_covered_display": "0", "missing_lines": 1, "excluded_lines": 0}, "missing_lines": [94], "excluded_lines": []}, "ComparisonSummary": {"executed_lines": [], "summary": {"covered_lines": 0, "num_statements": 11, "percent_covered": 0.0, "percent_covered_display": "0", "missing_lines": 11, "excluded_lines": 0}, "missing_lines": [118, 121, 122, 124, 130, 134, 136, 137, 138, 139, 140], "excluded_lines": []}, "ComparisonMetricsPublisher": {"executed_lines": [163, 164, 165, 274, 275, 277, 321, 322], "summary": {"covered_lines": 8, "num_statements": 21, "percent_covered": 38.095238095238095, "percent_covered_display": "38", "missing_lines": 13, "excluded_lines": 0}, "missing_lines": [184, 185, 186, 188, 240, 241, 242, 243, 245, 250, 251, 324, 325], "excluded_lines": []}, "ComparisonLogger": {"executed_lines": [], "summary": {"covered_lines": 0, "num_statements": 12, "percent_covered": 0.0, "percent_covered_display": "0", "missing_lines": 12, "excluded_lines": 0}, "missing_lines": [346, 347, 348, 359, 373, 384, 396, 407, 420, 431, 432, 450], "excluded_lines": []}, "": {"executed_lines": [1, 13, 14, 15, 16, 17, 18, 20, 23, 28, 29, 31, 32, 33, 34, 37, 38, 39, 41, 42, 43, 44, 45, 46, 47, 48, 49, 50, 51, 53, 58, 59, 60, 62, 63, 64, 65, 66, 67, 68, 69, 70, 72, 77, 78, 79, 81, 82, 83, 84, 85, 86, 87, 88, 89, 90, 92, 97, 98, 99, 101, 102, 103, 104, 105, 106, 107, 108, 109, 110, 111, 112, 113, 114, 116, 132, 143, 144, 154, 156, 167, 254, 329, 330, 338, 350, 375, 398, 422, 453, 491], "summary": {"covered_lines": 83, "num_statements": 110, "percent_covered": 75.45454545454545, "percent_covered_display": "75", "missing_lines": 27, "excluded_lines": 0}, "missing_lines": [25, 466, 467, 470, 471, 472, 474, 475, 476, 477, 478, 481, 482, 483, 485, 488, 504, 505, 507, 508, 510, 511, 512, 513, 514, 516, 517], "excluded_lines": []}}}, "src/notifications/__init__.py": {"executed_lines": [1, 3, 5], "summary": {"covered_lines": 2, "num_statements": 2, "percent_covered": 100.0, "percent_covered_display": "100", "missing_lines": 0, "excluded_lines": 0}, "missing_lines": [], "excluded_lines": [], "functions": {"": {"executed_lines": [1, 3, 5], "summary": {"covered_lines": 2, "num_statements": 2, "percent_covered": 100.0, "percent_covered_display": "100", "missing_lines": 0, "excluded_lines": 0}, "missing_lines": [], "excluded_lines": []}}, "classes": {"": {"executed_lines": [1, 3, 5], "summary": {"covered_lines": 2, "num_statements": 2, "percent_covered": 100.0, "percent_covered_display": "100", "missing_lines": 0, "excluded_lines": 0}, "missing_lines": [], "excluded_lines": []}}}, "src/notifications/slack_service.py": {"executed_lines": [1, 8, 10, 11, 12, 14, 16, 19, 20, 23, 28, 29, 38, 56, 57, 58, 59, 61, 63, 64, 72, 74, 77, 90, 92, 96, 99, 100, 102, 116, 118, 122, 125, 127, 141, 143, 166, 189, 214, 221, 228, 229, 231, 232, 233, 242, 249, 265, 270, 278, 306, 308, 315, 316, 318, 320], "summary": {"covered_lines": 53, "num_statements": 89, "percent_covered": 59.550561797752806, "percent_covered_display": "60", "missing_lines": 36, "excluded_lines": 0}, "missing_lines": [25, 65, 66, 75, 97, 123, 145, 146, 148, 150, 164, 168, 169, 171, 173, 187, 191, 192, 194, 208, 222, 226, 250, 251, 260, 261, 262, 263, 266, 280, 281, 282, 293, 295, 304, 319], "excluded_lines": [], "functions": {"_default_timestamp_provider": {"executed_lines": [], "summary": {"covered_lines": 0, "num_statements": 1, "percent_covered": 0.0, "percent_covered_display": "0", "missing_lines": 1, "excluded_lines": 0}, "missing_lines": [25], "excluded_lines": []}, "SlackWebhookClient.__init__": {"executed_lines": [56, 57, 58, 59, 61, 63, 64], "summary": {"covered_lines": 7, "num_statements": 9, "percent_covered": 77.77777777777777, "percent_covered_display": "78", "missing_lines": 2, "excluded_lines": 0}, "missing_lines": [65, 66], "excluded_lines": []}, "SlackWebhookClient.send_validation_started": {"executed_lines": [74, 77, 90], "summary": {"covered_lines": 3, "num_statements": 4, "percent_covered": 75.0, "percent_covered_display": "75", "missing_lines": 1, "excluded_lines": 0}, "missing_lines": [75], "excluded_lines": []}, "SlackWebhookClient.send_validation_completed": {"executed_lines": [96, 99, 100, 102, 116], "summary": {"covered_lines": 5, "num_statements": 6, "percent_covered": 83.33333333333333, "percent_covered_display": "83", "missing_lines": 1, "excluded_lines": 0}, "missing_lines": [97], "excluded_lines": []}, "SlackWebhookClient.send_parity_mismatch_alert": {"executed_lines": [122, 125, 127, 141], "summary": {"covered_lines": 4, "num_statements": 5, "percent_covered": 80.0, "percent_covered_display": "80", "missing_lines": 1, "excluded_lines": 0}, "missing_lines": [123], "excluded_lines": []}, "SlackWebhookClient.send_performance_alert": {"executed_lines": [], "summary": {"covered_lines": 0, "num_statements": 5, "percent_covered": 0.0, "percent_covered_display": "0", "missing_lines": 5, "excluded_lines": 0}, "missing_lines": [145, 146, 148, 150, 164], "excluded_lines": []}, "SlackWebhookClient.send_slack_webhook_test": {"executed_lines": [], "summary": {"covered_lines": 0, "num_statements": 5, "percent_covered": 0.0, "percent_covered_display": "0", "missing_lines": 5, "excluded_lines": 0}, "missing_lines": [168, 169, 171, 173, 187], "excluded_lines": []}, "SlackWebhookClient.send_rate_limit_alert": {"executed_lines": [], "summary": {"covered_lines": 0, "num_statements": 4, "percent_covered": 0.0, "percent_covered_display": "0", "missing_lines": 4, "excluded_lines": 0}, "missing_lines": [191, 192, 194, 208], "excluded_lines": []}, "SlackWebhookClient._dispatch": {"executed_lines": [221, 228, 229, 231, 232, 233, 242, 249, 265, 270, 278], "summary": {"covered_lines": 11, "num_statements": 26, "percent_covered": 42.30769230769231, "percent_covered_display": "42", "missing_lines": 15, "excluded_lines": 0}, "missing_lines": [222, 226, 250, 251, 260, 261, 262, 263, 266, 280, 281, 282, 293, 295, 304], "excluded_lines": []}, "SlackWebhookClient.get_webhook_status": {"executed_lines": [308], "summary": {"covered_lines": 1, "num_statements": 1, "percent_covered": 100.0, "percent_covered_display": "100", "missing_lines": 0, "excluded_lines": 0}, "missing_lines": [], "excluded_lines": []}, "SlackWebhookClient._mask_url": {"executed_lines": [318, 320], "summary": {"covered_lines": 2, "num_statements": 3, "percent_covered": 66.66666666666667, "percent_covered_display": "67", "missing_lines": 1, "excluded_lines": 0}, "missing_lines": [319], "excluded_lines": []}, "": {"executed_lines": [1, 8, 10, 11, 12, 14, 16, 19, 20, 23, 28, 29, 38, 72, 92, 118, 143, 166, 189, 214, 306, 315, 316], "summary": {"covered_lines": 20, "num_statements": 20, "percent_covered": 100.0, "percent_covered_display": "100", "missing_lines": 0, "excluded_lines": 0}, "missing_lines": [], "excluded_lines": []}}, "classes": {"SlackServiceError": {"executed_lines": [], "summary": {"covered_lines": 0, "num_statements": 0, "percent_covered": 100.0, "percent_covered_display": "100", "missing_lines": 0, "excluded_lines": 0}, "missing_lines": [], "excluded_lines": []}, "SlackWebhookClient": {"executed_lines": [56, 57, 58, 59, 61, 63, 64, 74, 77, 90, 96, 99, 100, 102, 116, 122, 125, 127, 141, 221, 228, 229, 231, 232, 233, 242, 249, 265, 270, 278, 308, 318, 320], "summary": {"covered_lines": 33, "num_statements": 68, "percent_covered": 48.529411764705884, "percent_covered_display": "49", "missing_lines": 35, "excluded_lines": 0}, "missing_lines": [65, 66, 75, 97, 123, 145, 146, 148, 150, 164, 168, 169, 171, 173, 187, 191, 192, 194, 208, 222, 226, 250, 251, 260, 261, 262, 263, 266, 280, 281, 282, 293, 295, 304, 319], "excluded_lines": []}, "": {"executed_lines": [1, 8, 10, 11, 12, 14, 16, 19, 20, 23, 28, 29, 38, 72, 92, 118, 143, 166, 189, 214, 306, 315, 316], "summary": {"covered_lines": 20, "num_statements": 21, "percent_covered": 95.23809523809524, "percent_covered_display": "95", "missing_lines": 1, "excluded_lines": 0}, "missing_lines": [25], "excluded_lines": []}}}, "src/notifications/sms_service.py": {"executed_lines": [1, 8, 10, 11, 12, 13, 14, 15, 16, 17, 19, 20, 22, 23, 26, 27, 30, 35, 36, 43, 45, 101, 107, 116, 125, 196, 219, 229, 239, 259, 269, 285, 289, 299, 313, 332], "summary": {"covered_lines": 33, "num_statements": 162, "percent_covered": 20.37037037037037, "percent_covered_display": "20", "missing_lines": 129, "excluded_lines": 0}, "missing_lines": [32, 71, 72, 73, 74, 75, 77, 78, 79, 80, 81, 83, 84, 85, 87, 88, 89, 91, 93, 94, 96, 103, 104, 105, 109, 110, 111, 112, 113, 114, 118, 119, 120, 133, 134, 135, 137, 138, 139, 140, 141, 151, 152, 153, 157, 167, 168, 169, 170, 181, 183, 194, 203, 204, 206, 207, 209, 217, 221, 222, 231, 232, 237, 241, 242, 243, 244, 245, 246, 252, 254, 255, 256, 257, 261, 262, 263, 264, 265, 266, 267, 271, 275, 276, 278, 279, 280, 282, 283, 287, 291, 292, 293, 294, 301, 302, 304, 305, 307, 308, 309, 311, 315, 316, 318, 319, 321, 322, 323, 324, 326, 327, 328, 330, 334, 335, 336, 337, 341, 343, 344, 346, 347, 348, 349, 350, 351, 352, 358], "excluded_lines": [], "functions": {"_default_timestamp_provider": {"executed_lines": [], "summary": {"covered_lines": 0, "num_statements": 1, "percent_covered": 0.0, "percent_covered_display": "0", "missing_lines": 1, "excluded_lines": 0}, "missing_lines": [32], "excluded_lines": []}, "SensSmsClient.__init__": {"executed_lines": [], "summary": {"covered_lines": 0, "num_statements": 20, "percent_covered": 0.0, "percent_covered_display": "0", "missing_lines": 20, "excluded_lines": 0}, "missing_lines": [71, 72, 73, 74, 75, 77, 78, 79, 80, 81, 83, 84, 85, 87, 88, 89, 91, 93, 94, 96], "excluded_lines": []}, "SensSmsClient.send_confirm_sms": {"executed_lines": [], "summary": {"covered_lines": 0, "num_statements": 3, "percent_covered": 0.0, "percent_covered_display": "0", "missing_lines": 3, "excluded_lines": 0}, "missing_lines": [103, 104, 105], "excluded_lines": []}, "SensSmsClient.send_guide_sms": {"executed_lines": [], "summary": {"covered_lines": 0, "num_statements": 6, "percent_covered": 0.0, "percent_covered_display": "0", "missing_lines": 6, "excluded_lines": 0}, "missing_lines": [109, 110, 111, 112, 113, 114], "excluded_lines": []}, "SensSmsClient.send_event_sms": {"executed_lines": [], "summary": {"covered_lines": 0, "num_statements": 3, "percent_covered": 0.0, "percent_covered_display": "0", "missing_lines": 3, "excluded_lines": 0}, "missing_lines": [118, 119, 120], "excluded_lines": []}, "SensSmsClient._dispatch": {"executed_lines": [], "summary": {"covered_lines": 0, "num_statements": 19, "percent_covered": 0.0, "percent_covered_display": "0", "missing_lines": 19, "excluded_lines": 0}, "missing_lines": [133, 134, 135, 137, 138, 139, 140, 141, 151, 152, 153, 157, 167, 168, 169, 170, 181, 183, 194], "excluded_lines": []}, "SensSmsClient._build_payload": {"executed_lines": [], "summary": {"covered_lines": 0, "num_statements": 6, "percent_covered": 0.0, "percent_covered_display": "0", "missing_lines": 6, "excluded_lines": 0}, "missing_lines": [203, 204, 206, 207, 209, 217], "excluded_lines": []}, "SensSmsClient._build_headers": {"executed_lines": [], "summary": {"covered_lines": 0, "num_statements": 2, "percent_covered": 0.0, "percent_covered_display": "0", "missing_lines": 2, "excluded_lines": 0}, "missing_lines": [221, 222], "excluded_lines": []}, "SensSmsClient._make_signature": {"executed_lines": [], "summary": {"covered_lines": 0, "num_statements": 3, "percent_covered": 0.0, "percent_covered_display": "0", "missing_lines": 3, "excluded_lines": 0}, "missing_lines": [231, 232, 237], "excluded_lines": []}, "SensSmsClient._get_template": {"executed_lines": [], "summary": {"covered_lines": 0, "num_statements": 11, "percent_covered": 0.0, "percent_covered_display": "0", "missing_lines": 11, "excluded_lines": 0}, "missing_lines": [241, 242, 243, 244, 245, 246, 252, 254, 255, 256, 257], "excluded_lines": []}, "SensSmsClient._get_store_template": {"executed_lines": [], "summary": {"covered_lines": 0, "num_statements": 7, "percent_covered": 0.0, "percent_covered_display": "0", "missing_lines": 7, "excluded_lines": 0}, "missing_lines": [261, 262, 263, 264, 265, 266, 267], "excluded_lines": []}, "SensSmsClient._get_from_number": {"executed_lines": [], "summary": {"covered_lines": 0, "num_statements": 8, "percent_covered": 0.0, "percent_covered_display": "0", "missing_lines": 8, "excluded_lines": 0}, "missing_lines": [271, 275, 276, 278, 279, 280, 282, 283], "excluded_lines": []}, "SensSmsClient._normalize_phone": {"executed_lines": [], "summary": {"covered_lines": 0, "num_statements": 1, "percent_covered": 0.0, "percent_covered_display": "0", "missing_lines": 1, "excluded_lines": 0}, "missing_lines": [287], "excluded_lines": []}, "SensSmsClient._mask_phone": {"executed_lines": [], "summary": {"covered_lines": 0, "num_statements": 4, "percent_covered": 0.0, "percent_covered_display": "0", "missing_lines": 4, "excluded_lines": 0}, "missing_lines": [291, 292, 293, 294], "excluded_lines": []}, "SensSmsClient._load_templates": {"executed_lines": [], "summary": {"covered_lines": 0, "num_statements": 8, "percent_covered": 0.0, "percent_covered_display": "0", "missing_lines": 8, "excluded_lines": 0}, "missing_lines": [301, 302, 304, 305, 307, 308, 309, 311], "excluded_lines": []}, "SensSmsClient._load_store_directory": {"executed_lines": [], "summary": {"covered_lines": 0, "num_statements": 12, "percent_covered": 0.0, "percent_covered_display": "0", "missing_lines": 12, "excluded_lines": 0}, "missing_lines": [315, 316, 318, 319, 321, 322, 323, 324, 326, 327, 328, 330], "excluded_lines": []}, "SensSmsClient._apply_from_map_override": {"executed_lines": [], "summary": {"covered_lines": 0, "num_statements": 14, "percent_covered": 0.0, "percent_covered_display": "0", "missing_lines": 14, "excluded_lines": 0}, "missing_lines": [334, 335, 336, 337, 341, 343, 346, 347, 348, 349, 350, 351, 352, 358], "excluded_lines": []}, "SensSmsClient._apply_from_map_override._normalize": {"executed_lines": [], "summary": {"covered_lines": 0, "num_statements": 1, "percent_covered": 0.0, "percent_covered_display": "0", "missing_lines": 1, "excluded_lines": 0}, "missing_lines": [344], "excluded_lines": []}, "": {"executed_lines": [1, 8, 10, 11, 12, 13, 14, 15, 16, 17, 19, 20, 22, 23, 26, 27, 30, 35, 36, 43, 45, 101, 107, 116, 125, 196, 219, 229, 239, 259, 269, 285, 289, 299, 313, 332], "summary": {"covered_lines": 33, "num_statements": 33, "percent_covered": 100.0, "percent_covered_display": "100", "missing_lines": 0, "excluded_lines": 0}, "missing_lines": [], "excluded_lines": []}}, "classes": {"SmsServiceError": {"executed_lines": [], "summary": {"covered_lines": 0, "num_statements": 0, "percent_covered": 100.0, "percent_covered_display": "100", "missing_lines": 0, "excluded_lines": 0}, "missing_lines": [], "excluded_lines": []}, "SensSmsClient": {"executed_lines": [], "summary": {"covered_lines": 0, "num_statements": 128, "percent_covered": 0.0, "percent_covered_display": "0", "missing_lines": 128, "excluded_lines": 0}, "missing_lines": [71, 72, 73, 74, 75, 77, 78, 79, 80, 81, 83, 84, 85, 87, 88, 89, 91, 93, 94, 96, 103, 104, 105, 109, 110, 111, 112, 113, 114, 118, 119, 120, 133, 134, 135, 137, 138, 139, 140, 141, 151, 152, 153, 157, 167, 168, 169, 170, 181, 183, 194, 203, 204, 206, 207, 209, 217, 221, 222, 231, 232, 237, 241, 242, 243, 244, 245, 246, 252, 254, 255, 256, 257, 261, 262, 263, 264, 265, 266, 267, 271, 275, 276, 278, 279, 280, 282, 283, 287, 291, 292, 293, 294, 301, 302, 304, 305, 307, 308, 309, 311, 315, 316, 318, 319, 321, 322, 323, 324, 326, 327, 328, 330, 334, 335, 336, 337, 341, 343, 344, 346, 347, 348, 349, 350, 351, 352, 358], "excluded_lines": []}, "": {"executed_lines": [1, 8, 10, 11, 12, 13, 14, 15, 16, 17, 19, 20, 22, 23, 26, 27, 30, 35, 36, 43, 45, 101, 107, 116, 125, 196, 219, 229, 239, 259, 269, 285, 289, 299, 313, 332], "summary": {"covered_lines": 33, "num_statements": 34, "percent_covered": 97.05882352941177, "percent_covered_display": "97", "missing_lines": 1, "excluded_lines": 0}, "missing_lines": [32], "excluded_lines": []}}}, "src/rules/__init__.py": {"executed_lines": [], "summary": {"covered_lines": 0, "num_statements": 4, "percent_covered": 0.0, "percent_covered_display": "0", "missing_lines": 4, "excluded_lines": 0}, "missing_lines": [3, 4, 5, 18], "excluded_lines": [], "functions": {"": {"executed_lines": [], "summary": {"covered_lines": 0, "num_statements": 4, "percent_covered": 0.0, "percent_covered_display": "0", "missing_lines": 4, "excluded_lines": 0}, "missing_lines": [3, 4, 5, 18], "excluded_lines": []}}, "classes": {"": {"executed_lines": [], "summary": {"covered_lines": 0, "num_statements": 4, "percent_covered": 0.0, "percent_covered_display": "0", "missing_lines": 4, "excluded_lines": 0}, "missing_lines": [3, 4, 5, 18], "excluded_lines": []}}}, "src/rules/actions.py": {"executed_lines": [], "summary": {"covered_lines": 0, "num_statements": 301, "percent_covered": 0.0, "percent_covered_display": "0", "missing_lines": 301, "excluded_lines": 0}, "missing_lines": [20, 21, 22, 24, 25, 26, 29, 30, 31, 33, 34, 36, 37, 38, 40, 41, 43, 44, 45, 46, 49, 52, 58, 60, 61, 62, 64, 66, 67, 69, 72, 78, 79, 81, 82, 84, 85, 86, 87, 88, 89, 91, 99, 107, 119, 120, 121, 122, 124, 126, 127, 129, 130, 132, 133, 134, 135, 136, 137, 141, 142, 143, 148, 149, 150, 151, 156, 158, 173, 174, 176, 177, 181, 182, 184, 185, 186, 187, 188, 189, 190, 195, 197, 199, 200, 201, 209, 210, 224, 225, 226, 227, 229, 231, 236, 238, 251, 252, 269, 270, 271, 272, 273, 274, 275, 278, 279, 296, 297, 298, 299, 300, 301, 309, 340, 341, 343, 344, 351, 352, 360, 361, 365, 367, 368, 372, 373, 378, 380, 386, 387, 393, 403, 404, 410, 423, 449, 450, 451, 453, 454, 459, 460, 467, 468, 479, 482, 484, 490, 491, 497, 505, 537, 538, 539, 541, 542, 546, 547, 554, 555, 556, 559, 560, 561, 563, 570, 573, 574, 577, 578, 580, 583, 584, 589, 592, 599, 605, 606, 612, 619, 620, 626, 639, 663, 664, 666, 671, 672, 680, 686, 687, 693, 704, 740, 741, 742, 744, 750, 752, 754, 755, 760, 763, 764, 767, 768, 769, 770, 772, 773, 774, 777, 782, 783, 789, 792, 793, 795, 802, 803, 804, 807, 809, 815, 816, 822, 832, 833, 839, 849, 850, 856, 869, 895, 896, 898, 900, 907, 908, 914, 916, 929, 964, 966, 967, 972, 973, 980, 981, 982, 983, 985, 994, 996, 997, 998, 999, 1001, 1010, 1012, 1013, 1014, 1015, 1017, 1026, 1028, 1029, 1030, 1031, 1033, 1042, 1044, 1045, 1046, 1047, 1049, 1058, 1060, 1061, 1065, 1066, 1071, 1073, 1074, 1075, 1076, 1078, 1088, 1089, 1090, 1093, 1094, 1095, 1096, 1097, 1098, 1100, 1106, 1107, 1113], "excluded_lines": [], "functions": {"_lookup_context_value": {"executed_lines": [], "summary": {"covered_lines": 0, "num_statements": 8, "percent_covered": 0.0, "percent_covered_display": "0", "missing_lines": 8, "excluded_lines": 0}, "missing_lines": [58, 60, 61, 62, 64, 66, 67, 69], "excluded_lines": []}, "_resolve_template_params": {"executed_lines": [], "summary": {"covered_lines": 0, "num_statements": 11, "percent_covered": 0.0, "percent_covered_display": "0", "missing_lines": 11, "excluded_lines": 0}, "missing_lines": [78, 79, 81, 82, 84, 85, 86, 87, 88, 89, 91], "excluded_lines": []}, "SlackTemplateLoader.__init__": {"executed_lines": [], "summary": {"covered_lines": 0, "num_statements": 4, "percent_covered": 0.0, "percent_covered_display": "0", "missing_lines": 4, "excluded_lines": 0}, "missing_lines": [119, 120, 121, 122], "excluded_lines": []}, "SlackTemplateLoader.load_templates": {"executed_lines": [], "summary": {"covered_lines": 0, "num_statements": 18, "percent_covered": 0.0, "percent_covered_display": "0", "missing_lines": 18, "excluded_lines": 0}, "missing_lines": [126, 127, 129, 130, 132, 133, 134, 135, 136, 137, 141, 142, 143, 148, 149, 150, 151, 156], "excluded_lines": []}, "SlackTemplateLoader.render": {"executed_lines": [], "summary": {"covered_lines": 0, "num_statements": 14, "percent_covered": 0.0, "percent_covered_display": "0", "missing_lines": 14, "excluded_lines": 0}, "missing_lines": [173, 174, 176, 177, 181, 182, 184, 185, 186, 187, 188, 189, 190, 195], "excluded_lines": []}, "SlackTemplateLoader.get_template_names": {"executed_lines": [], "summary": {"covered_lines": 0, "num_statements": 3, "percent_covered": 0.0, "percent_covered_display": "0", "missing_lines": 3, "excluded_lines": 0}, "missing_lines": [199, 200, 201], "excluded_lines": []}, "ActionExecutionError.__str__": {"executed_lines": [], "summary": {"covered_lines": 0, "num_statements": 1, "percent_covered": 0.0, "percent_covered_display": "0", "missing_lines": 1, "excluded_lines": 0}, "missing_lines": [231], "excluded_lines": []}, "ActionExecutionError.__repr__": {"executed_lines": [], "summary": {"covered_lines": 0, "num_statements": 1, "percent_covered": 0.0, "percent_covered_display": "0", "missing_lines": 1, "excluded_lines": 0}, "missing_lines": [238], "excluded_lines": []}, "send_sms": {"executed_lines": [], "summary": {"covered_lines": 0, "num_statements": 21, "percent_covered": 0.0, "percent_covered_display": "0", "missing_lines": 21, "excluded_lines": 0}, "missing_lines": [340, 341, 343, 344, 351, 352, 360, 361, 365, 367, 368, 372, 373, 378, 380, 386, 387, 393, 403, 404, 410], "excluded_lines": []}, "create_db_record": {"executed_lines": [], "summary": {"covered_lines": 0, "num_statements": 15, "percent_covered": 0.0, "percent_covered_display": "0", "missing_lines": 15, "excluded_lines": 0}, "missing_lines": [449, 450, 451, 453, 454, 459, 460, 467, 468, 479, 482, 484, 490, 491, 497], "excluded_lines": []}, "update_flag": {"executed_lines": [], "summary": {"covered_lines": 0, "num_statements": 31, "percent_covered": 0.0, "percent_covered_display": "0", "missing_lines": 31, "excluded_lines": 0}, "missing_lines": [537, 538, 539, 541, 542, 5
[...]
ness": {"executed_lines": [242, 250, 251, 253, 257, 258, 259, 263, 264, 266, 269, 270, 271, 273], "summary": {"covered_lines": 14, "num_statements": 16, "percent_covered": 87.5, "percent_covered_display": "88", "missing_lines": 2, "excluded_lines": 0}, "missing_lines": [260, 261], "excluded_lines": []}, "EvidencePackager._generate_evidence_section": {"executed_lines": [277, 289, 290, 291, 293, 294, 295, 296, 297, 298, 299, 301, 302, 303, 304, 305, 307, 312, 314, 315, 316, 317, 318, 319, 321, 322, 323, 324, 325, 327], "summary": {"covered_lines": 30, "num_statements": 30, "percent_covered": 100.0, "percent_covered_display": "100", "missing_lines": 0, "excluded_lines": 0}, "missing_lines": [], "excluded_lines": []}, "": {"executed_lines": [1, 3, 5, 6, 7, 8, 9, 10, 11, 13, 16, 17, 18, 20, 21, 22, 23, 24, 25, 26, 29, 30, 31, 33, 34, 35, 36, 37, 38, 39, 41, 52, 56, 57, 59, 63, 80, 88, 99, 113, 127, 139, 158, 159, 167, 168, 170, 176, 222, 234, 235, 241, 275, 276], "summary": {"covered_lines": 49, "num_statements": 49, "percent_covered": 100.0, "percent_covered_display": "100", "missing_lines": 0, "excluded_lines": 0}, "missing_lines": [], "excluded_lines": []}}, "classes": {"EvidenceArtifact": {"executed_lines": [], "summary": {"covered_lines": 0, "num_statements": 0, "percent_covered": 100.0, "percent_covered_display": "100", "missing_lines": 0, "excluded_lines": 0}, "missing_lines": [], "excluded_lines": []}, "EvidencePackage": {"executed_lines": [42, 53], "summary": {"covered_lines": 2, "num_statements": 2, "percent_covered": 100.0, "percent_covered_display": "100", "missing_lines": 0, "excluded_lines": 0}, "missing_lines": [], "excluded_lines": []}, "EvidenceCollector": {"executed_lines": [60, 61, 64, 66, 67, 69, 73, 74, 75, 76, 78, 81, 82, 83, 84, 89, 90, 91, 92, 93, 100, 101, 102, 106, 107, 114, 115, 116, 120, 121, 128, 129, 130, 134, 135, 142, 143, 144, 145, 146, 148, 160, 161, 162, 163, 164], "summary": {"covered_lines": 46, "num_statements": 47, "percent_covered": 97.87234042553192, "percent_covered_display": "98", "missing_lines": 1, "excluded_lines": 0}, "missing_lines": [68], "excluded_lines": []}, "EvidencePackager": {"executed_lines": [171, 172, 173, 174, 179, 181, 183, 184, 185, 187, 188, 190, 191, 192, 194, 195, 196, 198, 199, 200, 202, 210, 212, 223, 227, 228, 229, 230, 231, 232, 236, 237, 238, 239, 242, 250, 251, 253, 257, 258, 259, 263, 264, 266, 269, 270, 271, 273, 277, 289, 290, 291, 293, 294, 295, 296, 297, 298, 299, 301, 302, 303, 304, 305, 307, 312, 314, 315, 316, 317, 318, 319, 321, 322, 323, 324, 325, 327], "summary": {"covered_lines": 78, "num_statements": 82, "percent_covered": 95.1219512195122, "percent_covered_display": "95", "missing_lines": 4, "excluded_lines": 0}, "missing_lines": [224, 225, 260, 261], "excluded_lines": []}, "": {"executed_lines": [1, 3, 5, 6, 7, 8, 9, 10, 11, 13, 16, 17, 18, 20, 21, 22, 23, 24, 25, 26, 29, 30, 31, 33, 34, 35, 36, 37, 38, 39, 41, 52, 56, 57, 59, 63, 80, 88, 99, 113, 127, 139, 158, 159, 167, 168, 170, 176, 222, 234, 235, 241, 275, 276], "summary": {"covered_lines": 49, "num_statements": 49, "percent_covered": 100.0, "percent_covered_display": "100", "missing_lines": 0, "excluded_lines": 0}, "missing_lines": [], "excluded_lines": []}}}, "src/validation/orchestrator.py": {"executed_lines": [1, 11, 12, 13, 14, 16, 17, 18, 19, 23, 24, 26, 29, 30, 42, 58, 115, 142, 183, 199, 222], "summary": {"covered_lines": 19, "num_statements": 76, "percent_covered": 25.0, "percent_covered_display": "25", "missing_lines": 57, "excluded_lines": 0}, "missing_lines": [43, 44, 45, 48, 49, 51, 52, 56, 71, 72, 75, 76, 79, 82, 85, 88, 96, 99, 100, 101, 103, 107, 119, 121, 122, 123, 124, 127, 134, 135, 136, 138, 140, 144, 145, 146, 149, 151, 164, 167, 168, 177, 185, 186, 192, 193, 203, 204, 207, 208, 213, 218, 220, 224, 225, 226, 227], "excluded_lines": [], "functions": {"ValidationCampaignOrchestrator.__init__": {"executed_lines": [], "summary": {"covered_lines": 0, "num_statements": 8, "percent_covered": 0.0, "percent_covered_display": "0", "missing_lines": 8, "excluded_lines": 0}, "missing_lines": [43, 44, 45, 48, 49, 51, 52, 56], "excluded_lines": []}, "ValidationCampaignOrchestrator.run_campaign": {"executed_lines": [], "summary": {"covered_lines": 0, "num_statements": 14, "percent_covered": 0.0, "percent_covered_display": "0", "missing_lines": 14, "excluded_lines": 0}, "missing_lines": [71, 72, 75, 76, 79, 82, 85, 88, 96, 99, 100, 101, 103, 107], "excluded_lines": []}, "ValidationCampaignOrchestrator._execute_comparison_testing": {"executed_lines": [], "summary": {"covered_lines": 0, "num_statements": 11, "percent_covered": 0.0, "percent_covered_display": "0", "missing_lines": 11, "excluded_lines": 0}, "missing_lines": [119, 121, 122, 123, 124, 127, 134, 135, 136, 138, 140], "excluded_lines": []}, "ValidationCampaignOrchestrator._publish_comparison_metrics": {"executed_lines": [], "summary": {"covered_lines": 0, "num_statements": 9, "percent_covered": 0.0, "percent_covered_display": "0", "missing_lines": 9, "excluded_lines": 0}, "missing_lines": [144, 145, 146, 149, 151, 164, 167, 168, 177], "excluded_lines": []}, "ValidationCampaignOrchestrator._collect_slack_metrics": {"executed_lines": [], "summary": {"covered_lines": 0, "num_statements": 4, "percent_covered": 0.0, "percent_covered_display": "0", "missing_lines": 4, "excluded_lines": 0}, "missing_lines": [185, 186, 192, 193], "excluded_lines": []}, "ValidationCampaignOrchestrator._collect_evidence": {"executed_lines": [], "summary": {"covered_lines": 0, "num_statements": 7, "percent_covered": 0.0, "percent_covered_display": "0", "missing_lines": 7, "excluded_lines": 0}, "missing_lines": [203, 204, 207, 208, 213, 218, 220], "excluded_lines": []}, "ValidationCampaignOrchestrator._calculate_pass_rate": {"executed_lines": [], "summary": {"covered_lines": 0, "num_statements": 4, "percent_covered": 0.0, "percent_covered_display": "0", "missing_lines": 4, "excluded_lines": 0}, "missing_lines": [224, 225, 226, 227], "excluded_lines": []}, "": {"executed_lines": [1, 11, 12, 13, 14, 16, 17, 18, 19, 23, 24, 26, 29, 30, 42, 58, 115, 142, 183, 199, 222], "summary": {"covered_lines": 19, "num_statements": 19, "percent_covered": 100.0, "percent_covered_display": "100", "missing_lines": 0, "excluded_lines": 0}, "missing_lines": [], "excluded_lines": []}}, "classes": {"ValidationCampaignOrchestrator": {"executed_lines": [], "summary": {"covered_lines": 0, "num_statements": 57, "percent_covered": 0.0, "percent_covered_display": "0", "missing_lines": 57, "excluded_lines": 0}, "missing_lines": [43, 44, 45, 48, 49, 51, 52, 56, 71, 72, 75, 76, 79, 82, 85, 88, 96, 99, 100, 101, 103, 107, 119, 121, 122, 123, 124, 127, 134, 135, 136, 138, 140, 144, 145, 146, 149, 151, 164, 167, 168, 177, 185, 186, 192, 193, 203, 204, 207, 208, 213, 218, 220, 224, 225, 226, 227], "excluded_lines": []}, "": {"executed_lines": [1, 11, 12, 13, 14, 16, 17, 18, 19, 23, 24, 26, 29, 30, 42, 58, 115, 142, 183, 199, 222], "summary": {"covered_lines": 19, "num_statements": 19, "percent_covered": 100.0, "percent_covered_display": "100", "missing_lines": 0, "excluded_lines": 0}, "missing_lines": [], "excluded_lines": []}}}, "src/validation/performance.py": {"executed_lines": [1, 3, 5, 6, 8, 11, 12, 14, 15, 16, 17, 18, 19, 20, 21, 23, 24, 25, 26, 29, 31, 32, 34, 35, 37, 38, 40, 41, 51, 52, 54, 55, 56, 57, 59, 60, 61, 62, 64, 65, 67, 70, 71, 73, 74, 76, 81, 83, 84, 86, 87, 89, 91, 97, 99, 100, 102, 104, 105, 109, 111, 112, 114], "summary": {"covered_lines": 60, "num_statements": 61, "percent_covered": 98.36065573770492, "percent_covered_display": "98", "missing_lines": 1, "excluded_lines": 0}, "missing_lines": [27], "excluded_lines": [], "functions": {"PerformanceMetrics.__init__": {"executed_lines": [15, 16, 17, 18, 19, 20, 21], "summary": {"covered_lines": 7, "num_statements": 7, "percent_covered": 100.0, "percent_covered_display": "100", "missing_lines": 0, "excluded_lines": 0}, "missing_lines": [], "excluded_lines": []}, "PerformanceMetrics.execution_duration_ms": {"executed_lines": [25, 26], "summary": {"covered_lines": 2, "num_statements": 3, "percent_covered": 66.66666666666667, "percent_covered_display": "67", "missing_lines": 1, "excluded_lines": 0}, "missing_lines": [27], "excluded_lines": []}, "PerformanceMetrics.set_simulated_duration_ms": {"executed_lines": [31, 32], "summary": {"covered_lines": 2, "num_statements": 2, "percent_covered": 100.0, "percent_covered_display": "100", "missing_lines": 0, "excluded_lines": 0}, "missing_lines": [], "excluded_lines": []}, "PerformanceMetrics.meets_execution_threshold": {"executed_lines": [35], "summary": {"covered_lines": 1, "num_statements": 1, "percent_covered": 100.0, "percent_covered_display": "100", "missing_lines": 0, "excluded_lines": 0}, "missing_lines": [], "excluded_lines": []}, "PerformanceMetrics.meets_memory_threshold": {"executed_lines": [38], "summary": {"covered_lines": 1, "num_statements": 1, "percent_covered": 100.0, "percent_covered_display": "100", "missing_lines": 0, "excluded_lines": 0}, "missing_lines": [], "excluded_lines": []}, "PerformanceMetrics.to_dict": {"executed_lines": [41], "summary": {"covered_lines": 1, "num_statements": 1, "percent_covered": 100.0, "percent_covered_display": "100", "missing_lines": 0, "excluded_lines": 0}, "missing_lines": [], "excluded_lines": []}, "CampaignPerformanceSimulator.__init__": {"executed_lines": [65], "summary": {"covered_lines": 1, "num_statements": 1, "percent_covered": 100.0, "percent_covered_display": "100", "missing_lines": 0, "excluded_lines": 0}, "missing_lines": [], "excluded_lines": []}, "CampaignPerformanceSimulator.simulate_campaign": {"executed_lines": [70, 71, 73, 74, 76, 81, 83, 84, 86, 87, 89], "summary": {"covered_lines": 11, "num_statements": 11, "percent_covered": 100.0, "percent_covered_display": "100", "missing_lines": 0, "excluded_lines": 0}, "missing_lines": [], "excluded_lines": []}, "CampaignPerformanceSimulator._process_booking": {"executed_lines": [97, 99, 100, 102, 104, 105, 109, 111, 112, 114], "summary": {"covered_lines": 10, "num_statements": 10, "percent_covered": 100.0, "percent_covered_display": "100", "missing_lines": 0, "excluded_lines": 0}, "missing_lines": [], "excluded_lines": []}, "": {"executed_lines": [1, 3, 5, 6, 8, 11, 12, 14, 23, 24, 29, 34, 37, 40, 51, 52, 54, 55, 56, 57, 59, 60, 61, 62, 64, 67, 91], "summary": {"covered_lines": 24, "num_statements": 24, "percent_covered": 100.0, "percent_covered_display": "100", "missing_lines": 0, "excluded_lines": 0}, "missing_lines": [], "excluded_lines": []}}, "classes": {"PerformanceMetrics": {"executed_lines": [15, 16, 17, 18, 19, 20, 21, 25, 26, 31, 32, 35, 38, 41], "summary": {"covered_lines": 14, "num_statements": 15, "percent_covered": 93.33333333333333, "percent_covered_display": "93", "missing_lines": 1, "excluded_lines": 0}, "missing_lines": [27], "excluded_lines": []}, "CampaignPerformanceSimulator": {"executed_lines": [65, 70, 71, 73, 74, 76, 81, 83, 84, 86, 87, 89, 97, 99, 100, 102, 104, 105, 109, 111, 112, 114], "summary": {"covered_lines": 22, "num_statements": 22, "percent_covered": 100.0, "percent_covered_display": "100", "missing_lines": 0, "excluded_lines": 0}, "missing_lines": [], "excluded_lines": []}, "": {"executed_lines": [1, 3, 5, 6, 8, 11, 12, 14, 23, 24, 29, 34, 37, 40, 51, 52, 54, 55, 56, 57, 59, 60, 61, 62, 64, 67, 91], "summary": {"covered_lines": 24, "num_statements": 24, "percent_covered": 100.0, "percent_covered_display": "100", "missing_lines": 0, "excluded_lines": 0}, "missing_lines": [], "excluded_lines": []}}}, "src/validation/readiness.py": {"executed_lines": [1, 3, 5, 6, 7, 8, 9, 10, 12, 15, 16, 18, 19, 20, 23, 24, 25, 27, 28, 29, 30, 31, 32, 35, 36, 37, 39, 40, 41, 42, 43, 44, 45, 47, 48, 68, 69, 72, 73, 75, 76, 78, 85, 87, 88, 89, 90, 91, 92, 93, 94, 95, 97, 98, 99, 100, 102, 112, 115, 116, 117, 119, 120, 131, 134, 135, 136, 145, 147, 148, 149, 151, 152, 156, 165, 169, 170, 171, 173, 174, 178, 187, 191, 192, 193, 195, 196, 200, 209, 212, 213, 214, 216, 217, 229, 230, 231, 232, 234, 235, 248, 250, 252, 253, 255, 259, 268, 273, 274, 275, 276, 278, 279, 292, 293, 294, 295, 296, 297, 299, 300, 301, 302, 304, 306, 309, 310, 312, 313, 320, 325, 332, 335, 336, 337, 338, 339, 340, 341, 343, 348, 349, 350, 351, 352], "summary": {"covered_lines": 140, "num_statements": 141, "percent_covered": 99.29078014184397, "percent_covered_display": "99", "missing_lines": 1, "excluded_lines": 0}, "missing_lines": [303], "excluded_lines": [], "functions": {"ReadinessReport.to_dict": {"executed_lines": [48], "summary": {"covered_lines": 1, "num_statements": 1, "percent_covered": 100.0, "percent_covered_display": "100", "missing_lines": 0, "excluded_lines": 0}, "missing_lines": [], "excluded_lines": []}, "ReadinessReport.to_json": {"executed_lines": [69], "summary": {"covered_lines": 1, "num_statements": 1, "percent_covered": 100.0, "percent_covered_display": "100", "missing_lines": 0, "excluded_lines": 0}, "missing_lines": [], "excluded_lines": []}, "ReadinessValidator.__init__": {"executed_lines": [76], "summary": {"covered_lines": 1, "num_statements": 1, "percent_covered": 100.0, "percent_covered_display": "100", "missing_lines": 0, "excluded_lines": 0}, "missing_lines": [], "excluded_lines": []}, "ReadinessValidator.validate_campaign": {"executed_lines": [85, 87, 88, 89, 90, 91, 92, 93, 94, 95, 97, 98, 99, 100, 102], "summary": {"covered_lines": 15, "num_statements": 15, "percent_covered": 100.0, "percent_covered_display": "100", "missing_lines": 0, "excluded_lines": 0}, "missing_lines": [], "excluded_lines": []}, "ReadinessValidator._validate_parity_100_percent": {"executed_lines": [115, 116, 117, 119, 120], "summary": {"covered_lines": 5, "num_statements": 5, "percent_covered": 100.0, "percent_covered_display": "100", "missing_lines": 0, "excluded_lines": 0}, "missing_lines": [], "excluded_lines": []}, "ReadinessValidator._validate_zero_critical_mismatches": {"executed_lines": [134, 135, 136], "summary": {"covered_lines": 3, "num_statements": 3, "percent_covered": 100.0, "percent_covered_display": "100", "missing_lines": 0, "excluded_lines": 0}, "missing_lines": [], "excluded_lines": []}, "ReadinessValidator._validate_sms_channel": {"executed_lines": [147, 148, 149, 151, 152, 156], "summary": {"covered_lines": 6, "num_statements": 6, "percent_covered": 100.0, "percent_covered_display": "100", "missing_lines": 0, "excluded_lines": 0}, "missing_lines": [], "excluded_lines": []}, "ReadinessValidator._validate_dynamodb_channel": {"executed_lines": [169, 170, 171, 173, 174, 178], "summary": {"covered_lines": 6, "num_statements": 6, "percent_covered": 100.0, "percent_covered_display": "100", "missing_lines": 0, "excluded_lines": 0}, "missing_lines": [], "excluded_lines": []}, "ReadinessValidator._validate_telegram_channel": {"executed_lines": [191, 192, 193, 195, 196, 200], "summary": {"covered_lines": 6, "num_statements": 6, "percent_covered": 100.0, "percent_covered_display": "100", "missing_lines": 0, "excluded_lines": 0}, "missing_lines": [], "excluded_lines": []}, "ReadinessValidator._validate_slack_webhook_integration": {"executed_lines": [212, 213, 214, 216, 217], "summary": {"covered_lines": 5, "num_statements": 5, "percent_covered": 100.0, "percent_covered_display": "100", "missing_lines": 0, "excluded_lines": 0}, "missing_lines": [], "excluded_lines": []}, "ReadinessValidator._validate_cloudwatch_metrics": {"executed_lines": [230, 231, 232, 234, 235], "summary": {"covered_lines": 5, "num_statements": 5, "percent_covered": 100.0, "percent_covered_display": "100", "missing_lines": 0, "excluded_lines": 0}, "missing_lines": [], "excluded_lines": []}, "ReadinessValidator._validate_comparison_mode_enabled": {"executed_lines": [250, 252, 253, 255, 259], "summary": {"covered_lines": 5, "num_statements": 5, "percent_covered": 100.0, "percent_covered_display": "100", "missing_lines": 0, "excluded_lines": 0}, "missing_lines": [], "excluded_lines": []}, "ReadinessValidator._validate_msc1_criteria": {"executed_lines": [273, 274, 275, 276, 278, 279], "summary": {"covered_lines": 6, "num_statements": 6, "percent_covered": 100.0, "percent_covered_display": "100", "missing_lines": 0, "excluded_lines": 0}, "missing_lines": [], "excluded_lines": []}, "ReadinessValidator._calculate_decision": {"executed_lines": [293, 294, 295, 296, 297], "summary": {"covered_lines": 5, "num_statements": 5, "percent_covered": 100.0, "percent_covered_display": "100", "missing_lines": 0, "excluded_lines": 0}, "missing_lines": [], "excluded_lines": []}, "ReadinessValidator._calculate_confidence": {"executed_lines": [300, 301, 302, 304], "summary": {"covered_lines": 4, "num_statements": 5, "percent_covered": 80.0, "percent_covered_display": "80", "missing_lines": 1, "excluded_lines": 0}, "missing_lines": [303], "excluded_lines": []}, "ReadinessValidator._generate_summary": {"executed_lines": [309, 310, 312, 313, 320, 325], "summary": {"covered_lines": 6, "num_statements": 6, "percent_covered": 100.0, "percent_covered_display": "100", "missing_lines": 0, "excluded_lines": 0}, "missing_lines": [], "excluded_lines": []}, "ReadinessValidator._generate_recommendations": {"executed_lines": [335, 336, 337, 338, 339, 340, 341, 343, 348, 349, 350, 351, 352], "summary": {"covered_lines": 13, "num_statements": 13, "percent_covered": 100.0, "percent_covered_display": "100", "missing_lines": 0, "excluded_lines": 0}, "missing_lines": [], "excluded_lines": []}, "": {"executed_lines": [1, 3, 5, 6, 7, 8, 9, 10, 12, 15, 16, 18, 19, 20, 23, 24, 25, 27, 28, 29, 30, 31, 32, 35, 36, 37, 39, 40, 41, 42, 43, 44, 45, 47, 68, 72, 73, 75, 78, 112, 131, 145, 165, 187, 209, 229, 248, 268, 292, 299, 306, 332], "summary": {"covered_lines": 47, "num_statements": 47, "percent_covered": 100.0, "percent_covered_display": "100", "missing_lines": 0, "excluded_lines": 0}, "missing_lines": [], "excluded_lines": []}}, "classes": {"GoNoGoDecision": {"executed_lines": [], "summary": {"covered_lines": 0, "num_statements": 0, "percent_covered": 100.0, "percent_covered_display": "100", "missing_lines": 0, "excluded_lines": 0}, "missing_lines": [], "excluded_lines": []}, "ReadinessCriteria": {"executed_lines": [], "summary": {"covered_lines": 0, "num_statements": 0, "percent_covered": 100.0, "percent_covered_display": "100", "missing_lines": 0, "excluded_lines": 0}, "missing_lines": [], "excluded_lines": []}, "ReadinessReport": {"executed_lines": [48, 69], "summary": {"covered_lines": 2, "num_statements": 2, "percent_covered": 100.0, "percent_covered_display": "100", "missing_lines": 0, "excluded_lines": 0}, "missing_lines": [], "excluded_lines": []}, "ReadinessValidator": {"executed_lines": [76, 85, 87, 88, 89, 90, 91, 92, 93, 94, 95, 97, 98, 99, 100, 102, 115, 116, 117, 119, 120, 134, 135, 136, 147, 148, 149, 151, 152, 156, 169, 170, 171, 173, 174, 178, 191, 192, 193, 195, 196, 200, 212, 213, 214, 216, 217, 230, 231, 232, 234, 235, 250, 252, 253, 255, 259, 273, 274, 275, 276, 278, 279, 293, 294, 295, 296, 297, 300, 301, 302, 304, 309, 310, 312, 313, 320, 325, 335, 336, 337, 338, 339, 340, 341, 343, 348, 349, 350, 351, 352], "summary": {"covered_lines": 91, "num_statements": 92, "percent_covered": 98.91304347826087, "percent_covered_display": "99", "missing_lines": 1, "excluded_lines": 0}, "missing_lines": [303], "excluded_lines": []}, "": {"executed_lines": [1, 3, 5, 6, 7, 8, 9, 10, 12, 15, 16, 18, 19, 20, 23, 24, 25, 27, 28, 29, 30, 31, 32, 35, 36, 37, 39, 40, 41, 42, 43, 44, 45, 47, 68, 72, 73, 75, 78, 112, 131, 145, 165, 187, 209, 229, 248, 268, 292, 299, 306, 332], "summary": {"covered_lines": 47, "num_statements": 47, "percent_covered": 100.0, "percent_covered_display": "100", "missing_lines": 0, "excluded_lines": 0}, "missing_lines": [], "excluded_lines": []}}}}, "totals": {"covered_lines": 857, "num_statements": 2801, "percent_covered": 30.5962156372724, "percent_covered_display": "31", "missing_lines": 1944, "excluded_lines": 1}}